<?xml version="1.0" encoding="UTF-8"?>
<testsuite name="com.example.shop.integration.CustomerControllerIT" tests="7" skipped="0" failures="0" errors="0" timestamp="2026-06-25T01:47:13.759Z" hostname="192.168.1.10" time="0.586">
  <properties/>
  <testcase name="searchByName_returnsMatchingCustomers()" classname="com.example.shop.integration.CustomerControllerIT" time="0.481"/>
  <testcase name="deleteCustomer_returns204AndRemovesIt()" classname="com.example.shop.integration.CustomerControllerIT" time="0.015"/>
  <testcase name="createCustomer_returns201AndBody()" classname="com.example.shop.integration.CustomerControllerIT" time="0.008"/>
  <testcase name="updateCustomer_returnsUpdatedBody()" classname="com.example.shop.integration.CustomerControllerIT" time="0.016"/>
  <testcase name="searchByAddress_returnsMatchingCustomers()" classname="com.example.shop.integration.CustomerControllerIT" time="0.03"/>
  <testcase name="findById_whenExists_returnsCustomer()" classname="com.example.shop.integration.CustomerControllerIT" time="0.014"/>
  <testcase name="findAll_returnsAllCustomers()" classname="com.example.shop.integration.CustomerControllerIT" time="0.018"/>
  <system-out><![CDATA[21:47:09.997 [Test worker] INFO org.springframework.test.context.support.AnnotationConfigContextLoaderUtils -- Could not detect default configuration classes for test class [com.example.shop.integration.CustomerControllerIT]: CustomerControllerIT does not declare any static, non-private, non-final, nested classes annotated with @Configuration.
21:47:10.034 [Test worker] INFO org.springframework.boot.test.context.SpringBootTestContextBootstrapper -- Found @SpringBootConfiguration com.example.shop.ShopApplication for test class com.example.shop.integration.CustomerControllerIT
21:47:10.075 [Test worker] INFO org.testcontainers.images.PullPolicy -- Image pull policy will be performed by: DefaultPullPolicy()
21:47:10.075 [Test worker] INFO org.testcontainers.utility.ImageNameSubstitutor -- Image name substitution will be performed by: DefaultImageNameSubstitutor (composite of 'ConfigurationFileImageNameSubstitutor' and 'PrefixingImageNameSubstitutor')
21:47:11.226 [Test worker] INFO org.testcontainers.dockerclient.DockerClientProviderStrategy -- Loaded com.example.shop.integration.DockerApiVersionProxyStrategy from ~/.testcontainers.properties, will try it first
21:47:11.307 [Test worker] INFO org.testcontainers.dockerclient.DockerClientProviderStrategy -- Found Docker environment with Docker API version proxy (/tmp/docker-tc-proxy.sock -> v1.40)
21:47:11.307 [Test worker] INFO org.testcontainers.DockerClientFactory -- Docker host IP address is localhost
21:47:11.319 [Test worker] INFO org.testcontainers.DockerClientFactory -- Connected to docker: 
  Server Version: 29.4.2
  API Version: 1.54
  Operating System: Docker Desktop
  Total Memory: 7936 MB
21:47:11.320 [Test worker] WARN org.testcontainers.utility.ResourceReaper -- 
********************************************************************************
Ryuk has been disabled. This can cause unexpected behavior in your environment.
********************************************************************************
21:47:11.321 [Test worker] INFO org.testcontainers.DockerClientFactory -- Checking the system...
21:47:11.321 [Test worker] INFO org.testcontainers.DockerClientFactory -- ✔︎ Docker server version should be at least 1.6.0
21:47:11.418 [Test worker] INFO tc.mongo:7.0 -- Creating container for image: mongo:7.0
21:47:11.574 [Test worker] INFO tc.mongo:7.0 -- Container mongo:7.0 is starting: 3feafa9d0d74f5f46590d19aa36a964c38bd16f4a06a45c15e86c4f0f472411e
21:47:11.912 [Test worker] INFO tc.mongo:7.0 -- Container mongo:7.0 started in PT0.494307S
21:47:12.367 [Test worker] INFO tc.redis:7-alpine -- Creating container for image: redis:7-alpine
21:47:12.400 [Test worker] INFO tc.redis:7-alpine -- Container redis:7-alpine is starting: 6d73b8be115f6770d0658ccc4ff856c7a0ede43dd7f4c133459dcae17ffe0b2f
21:47:12.582 [Test worker] INFO tc.redis:7-alpine -- Container redis:7-alpine started in PT0.215131S
  .   ____          _            __ _ _
 /\\ / ___'_ __ _ _(_)_ __  __ _ \ \ \ \
( ( )\___ | '_ | '_| | '_ \/ _` | \ \ \ \
 \\/  ___)| |_)| | | | | || (_| |  ) ) ) )
  '  |____| .__|_| |_|_| |_\__, | / / / /
 =========|_|==============|___/=/_/_/_/

 :: Spring Boot ::                (v3.3.0)

2026-06-24T21:47:12.691-04:00  INFO 34333 --- [    Test worker] c.e.s.integration.CustomerControllerIT   : Starting CustomerControllerIT using Java 21.0.11 with PID 34333 (started by nelson.villamizar in /Users/nelson.villamizar/Downloads/mongodb-course/shop)
2026-06-24T21:47:12.692-04:00  INFO 34333 --- [    Test worker] c.e.s.integration.CustomerControllerIT   : The following 1 profile is active: "dev"
2026-06-24T21:47:12.929-04:00  INFO 34333 --- [    Test worker] .s.d.r.c.RepositoryConfigurationDelegate : Multiple Spring Data modules found, entering strict repository configuration mode
2026-06-24T21:47:12.929-04:00  INFO 34333 --- [    Test worker] .s.d.r.c.RepositoryConfigurationDelegate : Bootstrapping Spring Data MongoDB repositories in DEFAULT mode.
2026-06-24T21:47:12.980-04:00  INFO 34333 --- [    Test worker] .s.d.r.c.RepositoryConfigurationDelegate : Finished Spring Data repository scanning in 49 ms. Found 3 MongoDB repository interfaces.
2026-06-24T21:47:12.986-04:00  INFO 34333 --- [    Test worker] .s.d.r.c.RepositoryConfigurationDelegate : Multiple Spring Data modules found, entering strict repository configuration mode
2026-06-24T21:47:12.987-04:00  INFO 34333 --- [    Test worker] .s.d.r.c.RepositoryConfigurationDelegate : Bootstrapping Spring Data Redis repositories in DEFAULT mode.
2026-06-24T21:47:12.991-04:00  INFO 34333 --- [    Test worker] .RepositoryConfigurationExtensionSupport : Spring Data Redis - Could not safely identify store assignment for repository candidate interface com.example.shop.repository.CustomerRepository; If you want this repository to be a Redis repository, consider annotating your entities with one of these annotations: org.springframework.data.redis.core.RedisHash (preferred), or consider extending one of the following types with your repository: org.springframework.data.keyvalue.repository.KeyValueRepository
2026-06-24T21:47:12.991-04:00  INFO 34333 --- [    Test worker] .RepositoryConfigurationExtensionSupport : Spring Data Redis - Could not safely identify store assignment for repository candidate interface com.example.shop.repository.OrderRepository; If you want this repository to be a Redis repository, consider annotating your entities with one of these annotations: org.springframework.data.redis.core.RedisHash (preferred), or consider extending one of the following types with your repository: org.springframework.data.keyvalue.repository.KeyValueRepository
2026-06-24T21:47:12.991-04:00  INFO 34333 --- [    Test worker] .RepositoryConfigurationExtensionSupport : Spring Data Redis - Could not safely identify store assignment for repository candidate interface com.example.shop.repository.ProductRepository; If you want this repository to be a Redis repository, consider annotating your entities with one of these annotations: org.springframework.data.redis.core.RedisHash (preferred), or consider extending one of the following types with your repository: org.springframework.data.keyvalue.repository.KeyValueRepository
2026-06-24T21:47:12.991-04:00  INFO 34333 --- [    Test worker] .s.d.r.c.RepositoryConfigurationDelegate : Finished Spring Data repository scanning in 2 ms. Found 0 Redis repository interfaces.
2026-06-24T21:47:13.141-04:00  INFO 34333 --- [    Test worker] o.s.b.w.embedded.tomcat.TomcatWebServer  : Tomcat initialized with port 0 (http)
2026-06-24T21:47:13.145-04:00  INFO 34333 --- [    Test worker] o.apache.catalina.core.StandardService   : Starting service [Tomcat]
2026-06-24T21:47:13.145-04:00  INFO 34333 --- [    Test worker] o.apache.catalina.core.StandardEngine    : Starting Servlet engine: [Apache Tomcat/10.1.24]
2026-06-24T21:47:13.166-04:00  INFO 34333 --- [    Test worker] o.a.c.c.C.[Tomcat].[localhost].[/]       : Initializing Spring embedded WebApplicationContext
2026-06-24T21:47:13.167-04:00  INFO 34333 --- [    Test worker] w.s.c.ServletWebServerApplicationContext : Root WebApplicationContext: initialization completed in 470 ms
2026-06-24T21:47:13.232-04:00  INFO 34333 --- [    Test worker] org.mongodb.driver.client                : MongoClient with metadata {"driver": {"name": "mongo-java-driver|sync|spring-boot", "version": "5.0.1"}, "os": {"type": "Darwin", "name": "Mac OS X", "architecture": "aarch64", "version": "26.2"}, "platform": "Java/Homebrew/21.0.11"} created with settings MongoClientSettings{readPreference=primary, writeConcern=WriteConcern{w=null, wTimeout=null ms, journal=null}, retryWrites=true, retryReads=true, readConcern=ReadConcern{level=null}, credential=null, transportSettings=null, commandListeners=[], codecRegistry=ProvidersCodecRegistry{codecProviders=[ValueCodecProvider{}, BsonValueCodecProvider{}, DBRefCodecProvider{}, DBObjectCodecProvider{}, DocumentCodecProvider{}, CollectionCodecProvider{}, IterableCodecProvider{}, MapCodecProvider{}, GeoJsonCodecProvider{}, GridFSFileCodecProvider{}, Jsr310CodecProvider{}, JsonObjectCodecProvider{}, BsonCodecProvider{}, EnumCodecProvider{}, com.mongodb.client.model.mql.ExpressionCodecProvider@694b1ddb, com.mongodb.Jep395RecordCodecProvider@5690c2a8, com.mongodb.KotlinCodecProvider@17e2835c]}, loggerSettings=LoggerSettings{maxDocumentLength=1000}, clusterSettings={hosts=[localhost:58045], srvServiceName=mongodb, mode=SINGLE, requiredClusterType=UNKNOWN, requiredReplicaSetName='null', serverSelector='null', clusterListeners='[]', serverSelectionTimeout='30000 ms', localThreshold='15 ms'}, socketSettings=SocketSettings{connectTimeoutMS=10000, readTimeoutMS=0, receiveBufferSize=0, proxySettings=ProxySettings{host=null, port=null, username=null, password=null}}, heartbeatSocketSettings=SocketSettings{connectTimeoutMS=10000, readTimeoutMS=10000, receiveBufferSize=0, proxySettings=ProxySettings{host=null, port=null, username=null, password=null}}, connectionPoolSettings=ConnectionPoolSettings{maxSize=100, minSize=0, maxWaitTimeMS=120000, maxConnectionLifeTimeMS=0, maxConnectionIdleTimeMS=0, maintenanceInitialDelayMS=0, maintenanceFrequencyMS=60000, connectionPoolListeners=[], maxConnecting=2}, serverSettings=ServerSettings{heartbeatFrequencyMS=10000, minHeartbeatFrequencyMS=500, serverListeners='[]', serverMonitorListeners='[]'}, sslSettings=SslSettings{enabled=false, invalidHostNameAllowed=false, context=null}, applicationName='null', compressorList=[], uuidRepresentation=JAVA_LEGACY, serverApi=null, autoEncryptionSettings=null, dnsClient=null, inetAddressResolver=null, contextProvider=null}
2026-06-24T21:47:13.237-04:00  INFO 34333 --- [localhost:58045] org.mongodb.driver.cluster               : Monitor thread successfully connected to server with description ServerDescription{address=localhost:58045, type=REPLICA_SET_PRIMARY, state=CONNECTED, ok=true, minWireVersion=0, maxWireVersion=21, maxDocumentSize=16777216, logicalSessionTimeoutMinutes=30, roundTripTimeNanos=6723792, setName='docker-rs', canonicalAddress=3feafa9d0d74:27017, hosts=[3feafa9d0d74:27017], passives=[], arbiters=[], primary='3feafa9d0d74:27017', tagSet=TagSet{[]}, electionId=7fffffff0000000000000001, setVersion=1, topologyVersion=TopologyVersion{processId=6a3c889fa2e4a108faa4dfa8, counter=6}, lastWriteDate=Wed Jun 24 21:47:12 CLT 2026, lastUpdateTimeNanos=42004291184208}
2026-06-24T21:47:13.367-04:00 TRACE 34333 --- [    Test worker] o.s.c.a.AnnotationCacheOperationSource   : Adding cacheable method 'findById' with operations: [Builder[public com.example.shop.dto.ProductResponseDTO com.example.shop.service.ProductService.findById(java.lang.String)] caches=[products] | key='#id' | keyGenerator='' | cacheManager='' | cacheResolver='' | condition='' | unless='' | sync='false']
2026-06-24T21:47:13.368-04:00 TRACE 34333 --- [    Test worker] o.s.c.a.AnnotationCacheOperationSource   : Adding cacheable method 'update' with operations: [Builder[public com.example.shop.dto.ProductResponseDTO com.example.shop.service.ProductService.update(java.lang.String,com.example.shop.dto.ProductRequestDTO)] caches=[products] | key='' | keyGenerator='' | cacheManager='' | cacheResolver='' | condition='',true,false]
2026-06-24T21:47:13.368-04:00 TRACE 34333 --- [    Test worker] o.s.c.a.AnnotationCacheOperationSource   : Adding cacheable method 'delete' with operations: [Builder[public void com.example.shop.service.ProductService.delete(java.lang.String)] caches=[products] | key='' | keyGenerator='' | cacheManager='' | cacheResolver='' | condition='',true,false]
2026-06-24T21:47:13.368-04:00 TRACE 34333 --- [    Test worker] o.s.c.a.AnnotationCacheOperationSource   : Adding cacheable method 'create' with operations: [Builder[public com.example.shop.dto.ProductResponseDTO com.example.shop.service.ProductService.create(com.example.shop.dto.ProductRequestDTO)] caches=[products] | key='' | keyGenerator='' | cacheManager='' | cacheResolver='' | condition='',true,false]
2026-06-24T21:47:13.368-04:00 TRACE 34333 --- [    Test worker] o.s.c.a.AnnotationCacheOperationSource   : Adding cacheable method 'findAll' with operations: [Builder[public java.util.List com.example.shop.service.ProductService.findAll()] caches=[products] | key='' | keyGenerator='' | cacheManager='' | cacheResolver='' | condition='' | unless='' | sync='false']
2026-06-24T21:47:13.682-04:00  INFO 34333 --- [    Test worker] o.s.b.w.embedded.tomcat.TomcatWebServer  : Tomcat started on port 58053 (http) with context path '/'
2026-06-24T21:47:13.685-04:00  INFO 34333 --- [    Test worker] c.e.s.integration.CustomerControllerIT   : Started CustomerControllerIT in 1.086 seconds (process running for 3.952)
2026-06-24T21:47:13.703-04:00 DEBUG 34333 --- [    Test worker] o.s.data.mongodb.core.MongoTemplate      : Created collection [products]
2026-06-24T21:47:13.707-04:00  INFO 34333 --- [    Test worker] c.e.shop.config.SchemaValidationConfig   : Schema validation applied to 'products'
2026-06-24T21:47:13.709-04:00  INFO 34333 --- [    Test worker] c.e.shop.config.SchemaValidationConfig   : Schema validation applied to 'orders'
2026-06-24T21:47:13.712-04:00 DEBUG 34333 --- [    Test worker] o.s.data.mongodb.core.MongoTemplate      : Executing count: {} in collection: customers
2026-06-24T21:47:13.714-04:00  INFO 34333 --- [    Test worker] com.example.shop.config.DataLoader       : Seeding database...
2026-06-24T21:47:13.721-04:00 DEBUG 34333 --- [    Test worker] o.s.data.mongodb.core.MongoTemplate      : Inserting Document containing fields: [name, email, address, _class] in collection: customers
2026-06-24T21:47:13.736-04:00 DEBUG 34333 --- [    Test worker] o.s.data.mongodb.core.MongoTemplate      : Inserting Document containing fields: [name, email, address, _class] in collection: customers
2026-06-24T21:47:13.737-04:00 DEBUG 34333 --- [    Test worker] o.s.data.mongodb.core.MongoTemplate      : Inserting Document containing fields: [name, email, address, _class] in collection: customers
2026-06-24T21:47:13.741-04:00 DEBUG 34333 --- [    Test worker] o.s.data.mongodb.core.MongoTemplate      : Inserting Document containing fields: [name, description, price, stock, _class] in collection: products
2026-06-24T21:47:13.743-04:00 DEBUG 34333 --- [    Test worker] o.s.data.mongodb.core.MongoTemplate      : Inserting Document containing fields: [name, description, price, stock, _class] in collection: products
2026-06-24T21:47:13.746-04:00 DEBUG 34333 --- [    Test worker] o.s.data.mongodb.core.MongoTemplate      : Inserting Document containing fields: [name, description, price, stock, _class] in collection: products
2026-06-24T21:47:13.747-04:00 DEBUG 34333 --- [    Test worker] o.s.data.mongodb.core.MongoTemplate      : Inserting Document containing fields: [name, description, price, stock, _class] in collection: products
2026-06-24T21:47:13.751-04:00 DEBUG 34333 --- [    Test worker] o.s.data.mongodb.core.MongoTemplate      : Inserting list of Documents containing 4 items
2026-06-24T21:47:13.755-04:00 DEBUG 34333 --- [    Test worker] o.s.data.mongodb.core.MongoTemplate      : Executing count: {} in collection: customers
2026-06-24T21:47:13.756-04:00 DEBUG 34333 --- [    Test worker] o.s.data.mongodb.core.MongoTemplate      : Executing count: {} in collection: products
2026-06-24T21:47:13.757-04:00 DEBUG 34333 --- [    Test worker] o.s.data.mongodb.core.MongoTemplate      : Executing count: {} in collection: orders
2026-06-24T21:47:13.757-04:00  INFO 34333 --- [    Test worker] com.example.shop.config.DataLoader       : Seeded 3 customers, 4 products, 4 orders
2026-06-24T21:47:14.085-04:00 DEBUG 34333 --- [    Test worker] o.s.data.mongodb.core.MongoTemplate      : Remove using query: {} in collection: customers.
2026-06-24T21:47:14.155-04:00  INFO 34333 --- [o-auto-1-exec-1] o.a.c.c.C.[Tomcat].[localhost].[/]       : Initializing Spring DispatcherServlet 'dispatcherServlet'
2026-06-24T21:47:14.155-04:00  INFO 34333 --- [o-auto-1-exec-1] o.s.web.servlet.DispatcherServlet        : Initializing Servlet 'dispatcherServlet'
2026-06-24T21:47:14.156-04:00  INFO 34333 --- [o-auto-1-exec-1] o.s.web.servlet.DispatcherServlet        : Completed initialization in 1 ms
2026-06-24T21:47:14.197-04:00 DEBUG 34333 --- [o-auto-1-exec-1] o.s.data.mongodb.core.MongoTemplate      : Inserting Document containing fields: [name, email, address, _class] in collection: customers
2026-06-24T21:47:14.208-04:00 DEBUG 34333 --- [o-auto-1-exec-2] o.s.data.mongodb.core.MongoTemplate      : Inserting Document containing fields: [name, email, address, _class] in collection: customers
2026-06-24T21:47:14.215-04:00 DEBUG 34333 --- [o-auto-1-exec-3] o.s.data.mongodb.core.MongoTemplate      : find using query: { "name" : { "$regularExpression" : { "pattern" : ".*alice.*", "options" : "i"}}} fields: Document{{}} sort: { "name" : { "$regularExpression" : { "pattern" : ".*alice.*", "options" : "i"}}} for class: class com.example.shop.model.Customer in collection: customers
2026-06-24T21:47:14.241-04:00 DEBUG 34333 --- [    Test worker] o.s.data.mongodb.core.MongoTemplate      : Remove using query: {} in collection: customers.
2026-06-24T21:47:14.246-04:00 DEBUG 34333 --- [o-auto-1-exec-4] o.s.data.mongodb.core.MongoTemplate      : Inserting Document containing fields: [name, email, address, _class] in collection: customers
2026-06-24T21:47:14.252-04:00 DEBUG 34333 --- [o-auto-1-exec-5] o.s.data.mongodb.core.MongoTemplate      : Remove using query: { "_id" : { "$oid" : "6a3c88a23bce0335124b2b29"}} in collection: customers.
2026-06-24T21:47:14.255-04:00 DEBUG 34333 --- [    Test worker] o.s.data.mongodb.core.MongoTemplate      : findOne using query: { "id" : "6a3c88a23bce0335124b2b29"} fields: Document{{}} for class: class com.example.shop.model.Customer in collection: customers
2026-06-24T21:47:14.258-04:00 DEBUG 34333 --- [    Test worker] o.s.data.mongodb.core.MongoTemplate      : Remove using query: {} in collection: customers.
2026-06-24T21:47:14.261-04:00 DEBUG 34333 --- [o-auto-1-exec-6] o.s.data.mongodb.core.MongoTemplate      : Inserting Document containing fields: [name, email, address, _class] in collection: customers
2026-06-24T21:47:14.266-04:00 DEBUG 34333 --- [    Test worker] o.s.data.mongodb.core.MongoTemplate      : Remove using query: {} in collection: customers.
2026-06-24T21:47:14.271-04:00 DEBUG 34333 --- [o-auto-1-exec-7] o.s.data.mongodb.core.MongoTemplate      : Inserting Document containing fields: [name, email, address, _class] in collection: customers
2026-06-24T21:47:14.274-04:00 DEBUG 34333 --- [o-auto-1-exec-8] o.s.data.mongodb.core.MongoTemplate      : findOne using query: { "id" : "6a3c88a23bce0335124b2b2b"} fields: Document{{}} for class: class com.example.shop.model.Customer in collection: customers
2026-06-24T21:47:14.276-04:00 DEBUG 34333 --- [o-auto-1-exec-8] o.s.data.mongodb.core.MongoTemplate      : Saving Document containing fields: [_id, name, email, address, _class]
2026-06-24T21:47:14.282-04:00 DEBUG 34333 --- [    Test worker] o.s.data.mongodb.core.MongoTemplate      : Remove using query: {} in collection: customers.
2026-06-24T21:47:14.287-04:00 DEBUG 34333 --- [o-auto-1-exec-9] o.s.data.mongodb.core.MongoTemplate      : Inserting Document containing fields: [name, email, address, _class] in collection: customers
2026-06-24T21:47:14.294-04:00 DEBUG 34333 --- [-auto-1-exec-10] o.s.data.mongodb.core.MongoTemplate      : Inserting Document containing fields: [name, email, address, _class] in collection: customers
2026-06-24T21:47:14.308-04:00 DEBUG 34333 --- [o-auto-1-exec-1] o.s.data.mongodb.core.MongoTemplate      : find using query: { "$or" : [{ "address.street" : { "$regularExpression" : { "pattern" : "london", "options" : "i"}}}, { "address.city" : { "$regularExpression" : { "pattern" : "london", "options" : "i"}}}, { "address.country" : { "$regularExpression" : { "pattern" : "london", "options" : "i"}}}, { "address.zipCode" : { "$regularExpression" : { "pattern" : "london", "options" : "i"}}}]} fields: Document{{}} sort: { "$or" : [{ "address.street" : { "$regularExpression" : { "pattern" : "london", "options" : "i"}}}, { "address.city" : { "$regularExpression" : { "pattern" : "london", "options" : "i"}}}, { "address.country" : { "$regularExpression" : { "pattern" : "london", "options" : "i"}}}, { "address.zipCode" : { "$regularExpression" : { "pattern" : "london", "options" : "i"}}}]} for class: class com.example.shop.model.Customer in collection: customers
2026-06-24T21:47:14.313-04:00 DEBUG 34333 --- [    Test worker] o.s.data.mongodb.core.MongoTemplate      : Remove using query: {} in collection: customers.
2026-06-24T21:47:14.318-04:00 DEBUG 34333 --- [o-auto-1-exec-2] o.s.data.mongodb.core.MongoTemplate      : Inserting Document containing fields: [name, email, address, _class] in collection: customers
2026-06-24T21:47:14.323-04:00 DEBUG 34333 --- [o-auto-1-exec-3] o.s.data.mongodb.core.MongoTemplate      : findOne using query: { "id" : "6a3c88a23bce0335124b2b2e"} fields: Document{{}} for class: class com.example.shop.model.Customer in collection: customers
2026-06-24T21:47:14.328-04:00 DEBUG 34333 --- [    Test worker] o.s.data.mongodb.core.MongoTemplate      : Remove using query: {} in collection: customers.
2026-06-24T21:47:14.333-04:00 DEBUG 34333 --- [o-auto-1-exec-4] o.s.data.mongodb.core.MongoTemplate      : Inserting Document containing fields: [name, email, address, _class] in collection: customers
2026-06-24T21:47:14.338-04:00 DEBUG 34333 --- [o-auto-1-exec-5] o.s.data.mongodb.core.MongoTemplate      : Inserting Document containing fields: [name, email, address, _class] in collection: customers
2026-06-24T21:47:14.343-04:00 DEBUG 34333 --- [o-auto-1-exec-6] o.s.data.mongodb.core.MongoTemplate      : find using query: {} fields: Document{{}} sort: null for class: class com.example.shop.model.Customer in collection: customers
]]></system-out>
  <system-err><![CDATA[WARNING: A Java agent has been loaded dynamically (/Users/nelson.villamizar/.gradle/caches/modules-2/files-2.1/net.bytebuddy/byte-buddy-agent/1.14.16/4a451ee6484abac3a498df0f3b33ed00a6fced4d/byte-buddy-agent-1.14.16.jar)
WARNING: If a serviceability tool is in use, please run with -XX:+EnableDynamicAgentLoading to hide this warning
WARNING: If a serviceability tool is not in use, please run with -Djdk.instrument.traceUsage for more information
WARNING: Dynamic loading of agents will be disallowed by default in a future release
]]></system-err>
</testsuite>
