<?xml version="1.0" encoding="UTF-8"?>
<testsuite name="com.example.shop.integration.ProductControllerIT" tests="9" skipped="0" failures="0" errors="0" timestamp="2026-06-25T01:47:15.098Z" hostname="192.168.1.10" time="0.142">
  <properties/>
  <testcase name="findById_whenExists_returnsProduct()" classname="com.example.shop.integration.ProductControllerIT" time="0.01"/>
  <testcase name="findPaged_returnsCorrectPageSizeAndMetadata()" classname="com.example.shop.integration.ProductControllerIT" time="0.027"/>
  <testcase name="updateProduct_returnsUpdatedBody()" classname="com.example.shop.integration.ProductControllerIT" time="0.012"/>
  <testcase name="findAll_returnsAllProducts()" classname="com.example.shop.integration.ProductControllerIT" time="0.013"/>
  <testcase name="createProduct_returns201AndBody()" classname="com.example.shop.integration.ProductControllerIT" time="0.008"/>
  <testcase name="deleteProduct_returns204AndRemovesIt()" classname="com.example.shop.integration.ProductControllerIT" time="0.01"/>
  <testcase name="search_returnsMatchingProducts()" classname="com.example.shop.integration.ProductControllerIT" time="0.014"/>
  <testcase name="findPaged_sortByPriceDesc_returnsProductsInDescendingOrder()" classname="com.example.shop.integration.ProductControllerIT" time="0.023"/>
  <testcase name="findPaged_secondPage_returnsRemainingItems()" classname="com.example.shop.integration.ProductControllerIT" time="0.019"/>
  <system-out><![CDATA[2026-06-24T21:47:15.096-04:00  INFO 34333 --- [    Test worker] t.c.s.AnnotationConfigContextLoaderUtils : Could not detect default configuration classes for test class [com.example.shop.integration.ProductControllerIT]: ProductControllerIT does not declare any static, non-private, non-final, nested classes annotated with @Configuration.
2026-06-24T21:47:15.097-04:00  INFO 34333 --- [    Test worker] .b.t.c.SpringBootTestContextBootstrapper : Found @SpringBootConfiguration com.example.shop.ShopApplication for test class com.example.shop.integration.ProductControllerIT
2026-06-24T21:47:15.099-04:00 DEBUG 34333 --- [    Test worker] o.s.data.mongodb.core.MongoTemplate      : Remove using query: {} in collection: products.
2026-06-24T21:47:15.103-04:00 DEBUG 34333 --- [o-auto-1-exec-5] o.s.data.mongodb.core.MongoTemplate      : Inserting Document containing fields: [name, description, price, stock, _class] in collection: products
2026-06-24T21:47:15.104-04:00 TRACE 34333 --- [o-auto-1-exec-5] o.s.cache.interceptor.CacheInterceptor   : Invalidating entire cache for operation Builder[public com.example.shop.dto.ProductResponseDTO com.example.shop.service.ProductService.create(com.example.shop.dto.ProductRequestDTO)] caches=[products] | key='' | keyGenerator='' | cacheManager='' | cacheResolver='' | condition='',true,false on method public com.example.shop.dto.ProductResponseDTO com.example.shop.service.ProductService.create(com.example.shop.dto.ProductRequestDTO)
2026-06-24T21:47:15.106-04:00 TRACE 34333 --- [o-auto-1-exec-6] o.s.cache.interceptor.CacheInterceptor   : Computed cache key '6a3c88a33bce0335124b2b6c' for operation Builder[public com.example.shop.dto.ProductResponseDTO com.example.shop.service.ProductService.findById(java.lang.String)] caches=[products] | key='#id' | keyGenerator='' | cacheManager='' | cacheResolver='' | condition='' | unless='' | sync='false'
2026-06-24T21:47:15.106-04:00 TRACE 34333 --- [o-auto-1-exec-6] o.s.cache.interceptor.CacheInterceptor   : No cache entry for key '6a3c88a33bce0335124b2b6c' in cache(s) [products]
2026-06-24T21:47:15.106-04:00 DEBUG 34333 --- [o-auto-1-exec-6] o.s.data.mongodb.core.MongoTemplate      : findOne using query: { "id" : "6a3c88a33bce0335124b2b6c"} fields: Document{{}} for class: class com.example.shop.model.Product in collection: products
2026-06-24T21:47:15.107-04:00 TRACE 34333 --- [o-auto-1-exec-6] o.s.cache.interceptor.CacheInterceptor   : Creating cache entry for key '6a3c88a33bce0335124b2b6c' in cache(s) [products]
2026-06-24T21:47:15.110-04:00 DEBUG 34333 --- [    Test worker] o.s.data.mongodb.core.MongoTemplate      : Remove using query: {} in collection: products.
2026-06-24T21:47:15.113-04:00 DEBUG 34333 --- [o-auto-1-exec-7] o.s.data.mongodb.core.MongoTemplate      : Inserting Document containing fields: [name, description, price, stock, _class] in collection: products
2026-06-24T21:47:15.114-04:00 TRACE 34333 --- [o-auto-1-exec-7] o.s.cache.interceptor.CacheInterceptor   : Invalidating entire cache for operation Builder[public com.example.shop.dto.ProductResponseDTO com.example.shop.service.ProductService.create(com.example.shop.dto.ProductRequestDTO)] caches=[products] | key='' | keyGenerator='' | cacheManager='' | cacheResolver='' | condition='',true,false on method public com.example.shop.dto.ProductResponseDTO com.example.shop.service.ProductService.create(com.example.shop.dto.ProductRequestDTO)
2026-06-24T21:47:15.117-04:00 DEBUG 34333 --- [o-auto-1-exec-8] o.s.data.mongodb.core.MongoTemplate      : Inserting Document containing fields: [name, description, price, stock, _class] in collection: products
2026-06-24T21:47:15.120-04:00 TRACE 34333 --- [o-auto-1-exec-8] o.s.cache.interceptor.CacheInterceptor   : Invalidating entire cache for operation Builder[public com.example.shop.dto.ProductResponseDTO com.example.shop.service.ProductService.create(com.example.shop.dto.ProductRequestDTO)] caches=[products] | key='' | keyGenerator='' | cacheManager='' | cacheResolver='' | condition='',true,false on method public com.example.shop.dto.ProductResponseDTO com.example.shop.service.ProductService.create(com.example.shop.dto.ProductRequestDTO)
2026-06-24T21:47:15.122-04:00 DEBUG 34333 --- [o-auto-1-exec-9] o.s.data.mongodb.core.MongoTemplate      : Inserting Document containing fields: [name, description, price, stock, _class] in collection: products
2026-06-24T21:47:15.124-04:00 TRACE 34333 --- [o-auto-1-exec-9] o.s.cache.interceptor.CacheInterceptor   : Invalidating entire cache for operation Builder[public com.example.shop.dto.ProductResponseDTO com.example.shop.service.ProductService.create(com.example.shop.dto.ProductRequestDTO)] caches=[products] | key='' | keyGenerator='' | cacheManager='' | cacheResolver='' | condition='',true,false on method public com.example.shop.dto.ProductResponseDTO com.example.shop.service.ProductService.create(com.example.shop.dto.ProductRequestDTO)
2026-06-24T21:47:15.127-04:00 DEBUG 34333 --- [-auto-1-exec-10] o.s.data.mongodb.core.MongoTemplate      : Executing count: {} in collection: products
2026-06-24T21:47:15.128-04:00 DEBUG 34333 --- [-auto-1-exec-10] o.s.data.mongodb.core.MongoTemplate      : find using query: {} fields: Document{{}} sort: null for class: class com.example.shop.model.Product in collection: products
2026-06-24T21:47:15.133-04:00  WARN 34333 --- [-auto-1-exec-10] PageModule$PlainPageSerializationWarning : Serializing PageImpl instances as-is is not supported, meaning that there is no guarantee about the stability of the resulting JSON structure!
	For a stable JSON structure, please use Spring Data's PagedModel (globally via @EnableSpringDataWebSupport(pageSerializationMode = VIA_DTO))
	or Spring HATEOAS and Spring Data's PagedResourcesAssembler as documented in https://docs.spring.io/spring-data/commons/reference/repositories/core-extensions.html#core.web.pageables.

2026-06-24T21:47:15.137-04:00 DEBUG 34333 --- [    Test worker] o.s.data.mongodb.core.MongoTemplate      : Remove using query: {} in collection: products.
2026-06-24T21:47:15.141-04:00 DEBUG 34333 --- [o-auto-1-exec-1] o.s.data.mongodb.core.MongoTemplate      : Inserting Document containing fields: [name, description, price, stock, _class] in collection: products
2026-06-24T21:47:15.142-04:00 TRACE 34333 --- [o-auto-1-exec-1] o.s.cache.interceptor.CacheInterceptor   : Invalidating entire cache for operation Builder[public com.example.shop.dto.ProductResponseDTO com.example.shop.service.ProductService.create(com.example.shop.dto.ProductRequestDTO)] caches=[products] | key='' | keyGenerator='' | cacheManager='' | cacheResolver='' | condition='',true,false on method public com.example.shop.dto.ProductResponseDTO com.example.shop.service.ProductService.create(com.example.shop.dto.ProductRequestDTO)
2026-06-24T21:47:15.144-04:00 DEBUG 34333 --- [o-auto-1-exec-2] o.s.data.mongodb.core.MongoTemplate      : findOne using query: { "id" : "6a3c88a33bce0335124b2b70"} fields: Document{{}} for class: class com.example.shop.model.Product in collection: products
2026-06-24T21:47:15.145-04:00 DEBUG 34333 --- [o-auto-1-exec-2] o.s.data.mongodb.core.MongoTemplate      : Saving Document containing fields: [_id, name, description, price, stock, _class]
2026-06-24T21:47:15.147-04:00 TRACE 34333 --- [o-auto-1-exec-2] o.s.cache.interceptor.CacheInterceptor   : Invalidating entire cache for operation Builder[public com.example.shop.dto.ProductResponseDTO com.example.shop.service.ProductService.update(java.lang.String,com.example.shop.dto.ProductRequestDTO)] caches=[products] | key='' | keyGenerator='' | cacheManager='' | cacheResolver='' | condition='',true,false on method public com.example.shop.dto.ProductResponseDTO com.example.shop.service.ProductService.update(java.lang.String,com.example.shop.dto.ProductRequestDTO)
2026-06-24T21:47:15.149-04:00 DEBUG 34333 --- [    Test worker] o.s.data.mongodb.core.MongoTemplate      : Remove using query: {} in collection: products.
2026-06-24T21:47:15.153-04:00 DEBUG 34333 --- [o-auto-1-exec-3] o.s.data.mongodb.core.MongoTemplate      : Inserting Document containing fields: [name, description, price, stock, _class] in collection: products
2026-06-24T21:47:15.154-04:00 TRACE 34333 --- [o-auto-1-exec-3] o.s.cache.interceptor.CacheInterceptor   : Invalidating entire cache for operation Builder[public com.example.shop.dto.ProductResponseDTO com.example.shop.service.ProductService.create(com.example.shop.dto.ProductRequestDTO)] caches=[products] | key='' | keyGenerator='' | cacheManager='' | cacheResolver='' | condition='',true,false on method public com.example.shop.dto.ProductResponseDTO com.example.shop.service.ProductService.create(com.example.shop.dto.ProductRequestDTO)
2026-06-24T21:47:15.156-04:00 DEBUG 34333 --- [o-auto-1-exec-4] o.s.data.mongodb.core.MongoTemplate      : Inserting Document containing fields: [name, description, price, stock, _class] in collection: products
2026-06-24T21:47:15.158-04:00 TRACE 34333 --- [o-auto-1-exec-4] o.s.cache.interceptor.CacheInterceptor   : Invalidating entire cache for operation Builder[public com.example.shop.dto.ProductResponseDTO com.example.shop.service.ProductService.create(com.example.shop.dto.ProductRequestDTO)] caches=[products] | key='' | keyGenerator='' | cacheManager='' | cacheResolver='' | condition='',true,false on method public com.example.shop.dto.ProductResponseDTO com.example.shop.service.ProductService.create(com.example.shop.dto.ProductRequestDTO)
2026-06-24T21:47:15.160-04:00 TRACE 34333 --- [o-auto-1-exec-5] o.s.cache.interceptor.CacheInterceptor   : Computed cache key 'SimpleKey []' for operation Builder[public java.util.List com.example.shop.service.ProductService.findAll()] caches=[products] | key='' | keyGenerator='' | cacheManager='' | cacheResolver='' | condition='' | unless='' | sync='false'
2026-06-24T21:47:15.161-04:00 TRACE 34333 --- [o-auto-1-exec-5] o.s.cache.interceptor.CacheInterceptor   : No cache entry for key 'SimpleKey []' in cache(s) [products]
2026-06-24T21:47:15.161-04:00 DEBUG 34333 --- [o-auto-1-exec-5] o.s.data.mongodb.core.MongoTemplate      : find using query: {} fields: Document{{}} sort: null for class: class com.example.shop.model.Product in collection: products
2026-06-24T21:47:15.162-04:00 TRACE 34333 --- [o-auto-1-exec-5] o.s.cache.interceptor.CacheInterceptor   : Creating cache entry for key 'SimpleKey []' in cache(s) [products]
2026-06-24T21:47:15.164-04:00 DEBUG 34333 --- [    Test worker] o.s.data.mongodb.core.MongoTemplate      : Remove using query: {} in collection: products.
2026-06-24T21:47:15.167-04:00 DEBUG 34333 --- [o-auto-1-exec-6] o.s.data.mongodb.core.MongoTemplate      : Inserting Document containing fields: [name, description, price, stock, _class] in collection: products
2026-06-24T21:47:15.170-04:00 TRACE 34333 --- [o-auto-1-exec-6] o.s.cache.interceptor.CacheInterceptor   : Invalidating entire cache for operation Builder[public com.example.shop.dto.ProductResponseDTO com.example.shop.service.ProductService.create(com.example.shop.dto.ProductRequestDTO)] caches=[products] | key='' | keyGenerator='' | cacheManager='' | cacheResolver='' | condition='',true,false on method public com.example.shop.dto.ProductResponseDTO com.example.shop.service.ProductService.create(com.example.shop.dto.ProductRequestDTO)
2026-06-24T21:47:15.172-04:00 DEBUG 34333 --- [    Test worker] o.s.data.mongodb.core.MongoTemplate      : Remove using query: {} in collection: products.
2026-06-24T21:47:15.177-04:00 DEBUG 34333 --- [o-auto-1-exec-7] o.s.data.mongodb.core.MongoTemplate      : Inserting Document containing fields: [name, description, price, stock, _class] in collection: products
2026-06-24T21:47:15.178-04:00 TRACE 34333 --- [o-auto-1-exec-7] o.s.cache.interceptor.CacheInterceptor   : Invalidating entire cache for operation Builder[public com.example.shop.dto.ProductResponseDTO com.example.shop.service.ProductService.create(com.example.shop.dto.ProductRequestDTO)] caches=[products] | key='' | keyGenerator='' | cacheManager='' | cacheResolver='' | condition='',true,false on method public com.example.shop.dto.ProductResponseDTO com.example.shop.service.ProductService.create(com.example.shop.dto.ProductRequestDTO)
2026-06-24T21:47:15.180-04:00 DEBUG 34333 --- [o-auto-1-exec-8] o.s.data.mongodb.core.MongoTemplate      : Remove using query: { "_id" : { "$oid" : "6a3c88a33bce0335124b2b74"}} in collection: products.
2026-06-24T21:47:15.181-04:00 TRACE 34333 --- [o-auto-1-exec-8] o.s.cache.interceptor.CacheInterceptor   : Invalidating entire cache for operation Builder[public void com.example.shop.service.ProductService.delete(java.lang.String)] caches=[products] | key='' | keyGenerator='' | cacheManager='' | cacheResolver='' | condition='',true,false on method public void com.example.shop.service.ProductService.delete(java.lang.String)
2026-06-24T21:47:15.182-04:00 DEBUG 34333 --- [    Test worker] o.s.data.mongodb.core.MongoTemplate      : findOne using query: { "id" : "6a3c88a33bce0335124b2b74"} fields: Document{{}} for class: class com.example.shop.model.Product in collection: products
2026-06-24T21:47:15.184-04:00 DEBUG 34333 --- [    Test worker] o.s.data.mongodb.core.MongoTemplate      : Remove using query: {} in collection: products.
2026-06-24T21:47:15.186-04:00 DEBUG 34333 --- [o-auto-1-exec-9] o.s.data.mongodb.core.MongoTemplate      : Inserting Document containing fields: [name, description, price, stock, _class] in collection: products
2026-06-24T21:47:15.189-04:00 TRACE 34333 --- [o-auto-1-exec-9] o.s.cache.interceptor.CacheInterceptor   : Invalidating entire cache for operation Builder[public com.example.shop.dto.ProductResponseDTO com.example.shop.service.ProductService.create(com.example.shop.dto.ProductRequestDTO)] caches=[products] | key='' | keyGenerator='' | cacheManager='' | cacheResolver='' | condition='',true,false on method public com.example.shop.dto.ProductResponseDTO com.example.shop.service.ProductService.create(com.example.shop.dto.ProductRequestDTO)
2026-06-24T21:47:15.190-04:00 DEBUG 34333 --- [-auto-1-exec-10] o.s.data.mongodb.core.MongoTemplate      : Inserting Document containing fields: [name, description, price, stock, _class] in collection: products
2026-06-24T21:47:15.192-04:00 TRACE 34333 --- [-auto-1-exec-10] o.s.cache.interceptor.CacheInterceptor   : Invalidating entire cache for operation Builder[public com.example.shop.dto.ProductResponseDTO com.example.shop.service.ProductService.create(com.example.shop.dto.ProductRequestDTO)] caches=[products] | key='' | keyGenerator='' | cacheManager='' | cacheResolver='' | condition='',true,false on method public com.example.shop.dto.ProductResponseDTO com.example.shop.service.ProductService.create(com.example.shop.dto.ProductRequestDTO)
2026-06-24T21:47:15.194-04:00 DEBUG 34333 --- [o-auto-1-exec-1] o.s.data.mongodb.core.MongoTemplate      : find using query: { "name" : { "$regularExpression" : { "pattern" : ".*laptop.*", "options" : "i"}}} fields: Document{{}} sort: { "name" : { "$regularExpression" : { "pattern" : ".*laptop.*", "options" : "i"}}} for class: class com.example.shop.model.Product in collection: products
2026-06-24T21:47:15.198-04:00 DEBUG 34333 --- [    Test worker] o.s.data.mongodb.core.MongoTemplate      : Remove using query: {} in collection: products.
2026-06-24T21:47:15.202-04:00 DEBUG 34333 --- [o-auto-1-exec-2] o.s.data.mongodb.core.MongoTemplate      : Inserting Document containing fields: [name, description, price, stock, _class] in collection: products
2026-06-24T21:47:15.205-04:00 TRACE 34333 --- [o-auto-1-exec-2] o.s.cache.interceptor.CacheInterceptor   : Invalidating entire cache for operation Builder[public com.example.shop.dto.ProductResponseDTO com.example.shop.service.ProductService.create(com.example.shop.dto.ProductRequestDTO)] caches=[products] | key='' | keyGenerator='' | cacheManager='' | cacheResolver='' | condition='',true,false on method public com.example.shop.dto.ProductResponseDTO com.example.shop.service.ProductService.create(com.example.shop.dto.ProductRequestDTO)
2026-06-24T21:47:15.207-04:00 DEBUG 34333 --- [o-auto-1-exec-3] o.s.data.mongodb.core.MongoTemplate      : Inserting Document containing fields: [name, description, price, stock, _class] in collection: products
2026-06-24T21:47:15.210-04:00 TRACE 34333 --- [o-auto-1-exec-3] o.s.cache.interceptor.CacheInterceptor   : Invalidating entire cache for operation Builder[public com.example.shop.dto.ProductResponseDTO com.example.shop.service.ProductService.create(com.example.shop.dto.ProductRequestDTO)] caches=[products] | key='' | keyGenerator='' | cacheManager='' | cacheResolver='' | condition='',true,false on method public com.example.shop.dto.ProductResponseDTO com.example.shop.service.ProductService.create(com.example.shop.dto.ProductRequestDTO)
2026-06-24T21:47:15.212-04:00 DEBUG 34333 --- [o-auto-1-exec-4] o.s.data.mongodb.core.MongoTemplate      : Inserting Document containing fields: [name, description, price, stock, _class] in collection: products
2026-06-24T21:47:15.215-04:00 TRACE 34333 --- [o-auto-1-exec-4] o.s.cache.interceptor.CacheInterceptor   : Invalidating entire cache for operation Builder[public com.example.shop.dto.ProductResponseDTO com.example.shop.service.ProductService.create(com.example.shop.dto.ProductRequestDTO)] caches=[products] | key='' | keyGenerator='' | cacheManager='' | cacheResolver='' | condition='',true,false on method public com.example.shop.dto.ProductResponseDTO com.example.shop.service.ProductService.create(com.example.shop.dto.ProductRequestDTO)
2026-06-24T21:47:15.218-04:00 DEBUG 34333 --- [o-auto-1-exec-5] o.s.data.mongodb.core.MongoTemplate      : Executing count: {} in collection: products
2026-06-24T21:47:15.219-04:00 DEBUG 34333 --- [o-auto-1-exec-5] o.s.data.mongodb.core.MongoTemplate      : find using query: {} fields: Document{{}} sort: null for class: class com.example.shop.model.Product in collection: products
2026-06-24T21:47:15.221-04:00 DEBUG 34333 --- [    Test worker] o.s.data.mongodb.core.MongoTemplate      : Remove using query: {} in collection: products.
2026-06-24T21:47:15.225-04:00 DEBUG 34333 --- [o-auto-1-exec-6] o.s.data.mongodb.core.MongoTemplate      : Inserting Document containing fields: [name, description, price, stock, _class] in collection: products
2026-06-24T21:47:15.228-04:00 TRACE 34333 --- [o-auto-1-exec-6] o.s.cache.interceptor.CacheInterceptor   : Invalidating entire cache for operation Builder[public com.example.shop.dto.ProductResponseDTO com.example.shop.service.ProductService.create(com.example.shop.dto.ProductRequestDTO)] caches=[products] | key='' | keyGenerator='' | cacheManager='' | cacheResolver='' | condition='',true,false on method public com.example.shop.dto.ProductResponseDTO com.example.shop.service.ProductService.create(com.example.shop.dto.ProductRequestDTO)
2026-06-24T21:47:15.230-04:00 DEBUG 34333 --- [o-auto-1-exec-7] o.s.data.mongodb.core.MongoTemplate      : Inserting Document containing fields: [name, description, price, stock, _class] in collection: products
2026-06-24T21:47:15.231-04:00 TRACE 34333 --- [o-auto-1-exec-7] o.s.cache.interceptor.CacheInterceptor   : Invalidating entire cache for operation Builder[public com.example.shop.dto.ProductResponseDTO com.example.shop.service.ProductService.create(com.example.shop.dto.ProductRequestDTO)] caches=[products] | key='' | keyGenerator='' | cacheManager='' | cacheResolver='' | condition='',true,false on method public com.example.shop.dto.ProductResponseDTO com.example.shop.service.ProductService.create(com.example.shop.dto.ProductRequestDTO)
2026-06-24T21:47:15.233-04:00 DEBUG 34333 --- [o-auto-1-exec-8] o.s.data.mongodb.core.MongoTemplate      : Inserting Document containing fields: [name, description, price, stock, _class] in collection: products
2026-06-24T21:47:15.236-04:00 TRACE 34333 --- [o-auto-1-exec-8] o.s.cache.interceptor.CacheInterceptor   : Invalidating entire cache for operation Builder[public com.example.shop.dto.ProductResponseDTO com.example.shop.service.ProductService.create(com.example.shop.dto.ProductRequestDTO)] caches=[products] | key='' | keyGenerator='' | cacheManager='' | cacheResolver='' | condition='',true,false on method public com.example.shop.dto.ProductResponseDTO com.example.shop.service.ProductService.create(com.example.shop.dto.ProductRequestDTO)
2026-06-24T21:47:15.238-04:00 DEBUG 34333 --- [o-auto-1-exec-9] o.s.data.mongodb.core.MongoTemplate      : Executing count: {} in collection: products
2026-06-24T21:47:15.239-04:00 DEBUG 34333 --- [o-auto-1-exec-9] o.s.data.mongodb.core.MongoTemplate      : find using query: {} fields: Document{{}} sort: null for class: class com.example.shop.model.Product in collection: products
]]></system-out>
  <system-err><![CDATA[]]></system-err>
</testsuite>
