<?xml version="1.0" encoding="UTF-8"?>
<testsuite name="com.example.shop.unit.service.ProductServiceTest" tests="8" skipped="0" failures="0" errors="0" timestamp="2026-06-24T01:43:06.538Z" hostname="192.168.1.10" time="0.015">
  <properties/>
  <testcase name="update_whenNotFound_throwsException()" classname="com.example.shop.unit.service.ProductServiceTest" time="0.008"/>
  <testcase name="delete_callsDeleteById()" classname="com.example.shop.unit.service.ProductServiceTest" time="0.0"/>
  <testcase name="findById_whenNotFound_throwsException()" classname="com.example.shop.unit.service.ProductServiceTest" time="0.001"/>
  <testcase name="update_whenFound_updatesAndReturns()" classname="com.example.shop.unit.service.ProductServiceTest" time="0.001"/>
  <testcase name="findAll_returnsMappedList()" classname="com.example.shop.unit.service.ProductServiceTest" time="0.001"/>
  <testcase name="create_savesAndReturnsMappedDTO()" classname="com.example.shop.unit.service.ProductServiceTest" time="0.001"/>
  <testcase name="search_returnsMappedList()" classname="com.example.shop.unit.service.ProductServiceTest" time="0.0"/>
  <testcase name="findById_whenFound_returnsMappedDTO()" classname="com.example.shop.unit.service.ProductServiceTest" time="0.0"/>
  <system-out><![CDATA[]]></system-out>
  <system-err><![CDATA[]]></system-err>
</testsuite>
