<?xml version="1.0" encoding="UTF-8"?>
<testsuite xmlns:xsi="http://www.w3.org/2001/XMLSchema-instance" xsi:noNamespaceSchemaLocation="https://maven.apache.org/surefire/maven-surefire-plugin/xsd/surefire-test-report-3.0.xsd" version="3.0" name="com.example.shop.unit.service.CustomerServiceTest" time="0.034" tests="9" errors="0" skipped="0" failures="0">
  <properties>
[...]
</properties>
  <testcase name="findByAddress_returnsMappedList" classname="com.example.shop.unit.service.CustomerServiceTest" time="0.025"/>
  <testcase name="update_whenNotFound_throwsException" classname="com.example.shop.unit.service.CustomerServiceTest" time="0.002"/>
  <testcase name="findByName_returnsMappedList" classname="com.example.shop.unit.service.CustomerServiceTest" time="0.001"/>
  <testcase name="delete_callsDeleteById" classname="com.example.shop.unit.service.CustomerServiceTest" time="0.0"/>
  <testcase name="findById_whenNotFound_throwsException" classname="com.example.shop.unit.service.CustomerServiceTest" time="0.0"/>
  <testcase name="update_whenFound_updatesAndReturns" classname="com.example.shop.unit.service.CustomerServiceTest" time="0.0"/>
  <testcase name="findAll_returnsMappedList" classname="com.example.shop.unit.service.CustomerServiceTest" time="0.0"/>
  <testcase name="create_savesAndReturnsMappedDTO" classname="com.example.shop.unit.service.CustomerServiceTest" time="0.001"/>
  <testcase name="findById_whenFound_returnsMappedDTO" classname="com.example.shop.unit.service.CustomerServiceTest" time="0.0"/>
</testsuite>