<?xml version="1.0" encoding="UTF-8"?>
<testsuite xmlns:xsi="http://www.w3.org/2001/XMLSchema-instance" xsi:noNamespaceSchemaLocation="https://maven.apache.org/surefire/maven-surefire-plugin/xsd/surefire-test-report-3.0.xsd" version="3.0" name="com.example.shop.integration.CustomerControllerIT" time="4.247" tests="7" errors="0" skipped="0" failures="0">
  <properties>
[...]
</properties>
  <testcase name="searchByName_returnsMatchingCustomers" classname="com.example.shop.integration.CustomerControllerIT" time="0.422">
    <system-out><![CDATA[15:48:58 INFO  o.testcontainers.images.PullPolicy - Image pull policy will be performed by: DefaultPullPolicy()
15:48:58 INFO  o.t.utility.ImageNameSubstitutor - Image name substitution will be performed by: DefaultImageNameSubstitutor (composite of 'ConfigurationFileImageNameSubstitutor' and 'PrefixingImageNameSubstitutor')
15:48:58 INFO  o.testcontainers.DockerClientFactory - Testcontainers version: 1.21.3
15:48:59 INFO  o.t.d.DockerClientProviderStrategy - Loaded com.example.shop.integration.DockerApiVersionProxyStrategy from ~/.testcontainers.properties, will try it first
15:49:00 DEBUG c.g.d.z.s.o.a.h.c.h.i.c.InternalHttpClient - ex-00000001: preparing request execution
15:49:00 DEBUG c.g.d.z.s.o.a.h.c.h.p.RequestAddCookies - Cookie spec selected: strict
15:49:00 DEBUG c.g.d.z.s.o.a.h.c.h.p.RequestAuthCache - Auth cache not set in the context
15:49:00 DEBUG c.g.d.z.s.o.a.h.c.h.i.c.ProtocolExec - ex-00000001: target auth state: UNCHALLENGED
15:49:00 DEBUG c.g.d.z.s.o.a.h.c.h.i.c.ProtocolExec - ex-00000001: proxy auth state: UNCHALLENGED
15:49:00 DEBUG c.g.d.z.s.o.a.h.c.h.i.c.ConnectExec - ex-00000001: acquiring connection with route {}->unix://localhost:2375
15:49:00 DEBUG c.g.d.z.s.o.a.h.c.h.i.c.InternalHttpClient - ex-00000001: acquiring endpoint (3 MINUTES)
15:49:00 DEBUG c.g.d.z.s.o.a.h.c.h.i.i.PoolingHttpClientConnectionManager - ex-00000001: endpoint lease request (3 MINUTES) [route: {}->unix://localhost:2375][total available: 0; route allocated: 0 of 2147483647; total allocated: 0 of 2147483647]
15:49:00 DEBUG c.g.d.z.s.o.a.h.c.h.i.i.PoolingHttpClientConnectionManager - ex-00000001: endpoint leased [route: {}->unix://localhost:2375][total available: 0; route allocated: 1 of 2147483647; total allocated: 1 of 2147483647]
15:49:00 DEBUG c.g.d.z.s.o.a.h.c.h.i.i.PoolingHttpClientConnectionManager - ex-00000001: acquired ep-00000000
15:49:00 DEBUG c.g.d.z.s.o.a.h.c.h.i.c.InternalHttpClient - ex-00000001: acquired endpoint ep-00000000
15:49:00 DEBUG c.g.d.z.s.o.a.h.c.h.i.c.ConnectExec - ex-00000001: opening connection {}->unix://localhost:2375
15:49:00 DEBUG c.g.d.z.s.o.a.h.c.h.i.c.InternalHttpClient - ep-00000000: connecting endpoint (3 MINUTES)
15:49:00 DEBUG c.g.d.z.s.o.a.h.c.h.i.i.PoolingHttpClientConnectionManager - ep-00000000: connecting endpoint to unix://localhost:2375 (3 MINUTES)
15:49:00 DEBUG c.g.d.z.s.o.a.h.c.h.i.i.DefaultHttpClientConnectionOperator - http-outgoing-0: connecting to localhost/127.0.0.1:2375
15:49:00 DEBUG c.g.d.z.s.o.a.h.c.h.i.i.DefaultHttpClientConnectionOperator - http-outgoing-0: connection established /tmp/docker-tc-proxy.sock<->/tmp/docker-tc-proxy.sock
15:49:00 DEBUG c.g.d.z.s.o.a.h.c.h.i.i.PoolingHttpClientConnectionManager - ep-00000000: connected http-outgoing-0
15:49:00 DEBUG c.g.d.z.s.o.a.h.c.h.i.c.InternalHttpClient - ep-00000000: endpoint connected
15:49:00 DEBUG c.g.d.z.s.o.a.h.c.h.i.c.MainClientExec - ex-00000001: executing GET /v1.32/info HTTP/1.1
15:49:00 DEBUG c.g.d.z.s.o.a.h.c.h.i.c.InternalHttpClient - ep-00000000: start execution ex-00000001
15:49:00 DEBUG c.g.d.z.s.o.a.h.c.h.i.i.PoolingHttpClientConnectionManager - ep-00000000: executing exchange ex-00000001 over http-outgoing-0
15:49:00 DEBUG c.g.d.z.s.o.a.h.client5.http.headers - http-outgoing-0 >> GET /v1.32/info HTTP/1.1
15:49:00 DEBUG c.g.d.z.s.o.a.h.client5.http.headers - http-outgoing-0 >> x-tc-sid: 6dd1bf8b-74d5-4979-9435-d07275ccf2f7
15:49:00 DEBUG c.g.d.z.s.o.a.h.client5.http.headers - http-outgoing-0 >> User-Agent: tc-java/1.21.3
15:49:00 DEBUG c.g.d.z.s.o.a.h.client5.http.headers - http-outgoing-0 >> Accept-Encoding: gzip, x-gzip, deflate
15:49:00 DEBUG c.g.d.z.s.o.a.h.client5.http.headers - http-outgoing-0 >> Host: localhost:2375
15:49:00 DEBUG c.g.d.z.s.o.a.h.client5.http.headers - http-outgoing-0 >> Connection: keep-alive
15:49:00 DEBUG c.g.d.z.s.o.a.hc.client5.http.wire - http-outgoing-0 >> "GET /v1.32/info HTTP/1.1[\r][\n]"
15:49:00 DEBUG c.g.d.z.s.o.a.hc.client5.http.wire - http-outgoing-0 >> "x-tc-sid: 6dd1bf8b-74d5-4979-9435-d07275ccf2f7[\r][\n]"
15:49:00 DEBUG c.g.d.z.s.o.a.hc.client5.http.wire - http-outgoing-0 >> "User-Agent: tc-java/1.21.3[\r][\n]"
15:49:00 DEBUG c.g.d.z.s.o.a.hc.client5.http.wire - http-outgoing-0 >> "Accept-Encoding: gzip, x-gzip, deflate[\r][\n]"
15:49:00 DEBUG c.g.d.z.s.o.a.hc.client5.http.wire - http-outgoing-0 >> "Host: localhost:2375[\r][\n]"
15:49:00 DEBUG c.g.d.z.s.o.a.hc.client5.http.wire - http-outgoing-0 >> "Connection: keep-alive[\r][\n]"
15:49:00 DEBUG c.g.d.z.s.o.a.hc.client5.http.wire - http-outgoing-0 >> "[\r][\n]"
15:49:00 DEBUG c.g.d.z.s.o.a.hc.client5.http.wire - http-outgoing-0 << "HTTP/1.1 200 OK[\r][\n]"
15:49:00 DEBUG c.g.d.z.s.o.a.hc.client5.http.wire - http-outgoing-0 << "Api-Version: 1.54[\r][\n]"
15:49:00 DEBUG c.g.d.z.s.o.a.hc.client5.http.wire - http-outgoing-0 << "Content-Type: application/json[\r][\n]"
15:49:00 DEBUG c.g.d.z.s.o.a.hc.client5.http.wire - http-outgoing-0 << "Date: Mon, 22 Jun 2026 19:49:00 GMT[\r][\n]"
15:49:00 DEBUG c.g.d.z.s.o.a.hc.client5.http.wire - http-outgoing-0 << "Docker-Experimental: false[\r][\n]"
15:49:00 DEBUG c.g.d.z.s.o.a.hc.client5.http.wire - http-outgoing-0 << "Ostype: linux[\r][\n]"
15:49:00 DEBUG c.g.d.z.s.o.a.hc.client5.http.wire - http-outgoing-0 << "Server: Docker/29.4.2 (linux)[\r][\n]"
15:49:00 DEBUG c.g.d.z.s.o.a.hc.client5.http.wire - http-outgoing-0 << "Transfer-Encoding: chunked[\r][\n]"
15:49:00 DEBUG c.g.d.z.s.o.a.hc.client5.http.wire - http-outgoing-0 << "[\r][\n]"
15:49:00 DEBUG c.g.d.z.s.o.a.h.client5.http.headers - http-outgoing-0 << HTTP/1.1 200 OK
15:49:00 DEBUG c.g.d.z.s.o.a.h.client5.http.headers - http-outgoing-0 << Api-Version: 1.54
15:49:00 DEBUG c.g.d.z.s.o.a.h.client5.http.headers - http-outgoing-0 << Content-Type: application/json
15:49:00 DEBUG c.g.d.z.s.o.a.h.client5.http.headers - http-outgoing-0 << Date: Mon, 22 Jun 2026 19:49:00 GMT
15:49:00 DEBUG c.g.d.z.s.o.a.h.client5.http.headers - http-outgoing-0 << Docker-Experimental: false
15:49:00 DEBUG c.g.d.z.s.o.a.h.client5.http.headers - http-outgoing-0 << Ostype: linux
15:49:00 DEBUG c.g.d.z.s.o.a.h.client5.http.headers - http-outgoing-0 << Server: Docker/29.4.2 (linux)
15:49:00 DEBUG c.g.d.z.s.o.a.h.client5.http.headers - http-outgoing-0 << Transfer-Encoding: chunked
15:49:00 DEBUG c.g.d.z.s.o.a.h.c.h.i.c.MainClientExec - ex-00000001: connection can be kept alive for 3 MINUTES
15:49:00 DEBUG c.g.d.z.s.o.a.hc.client5.http.wire - http-outgoing-0 << "8af[\r][\n]"
15:49:00 DEBUG c.g.d.z.s.o.a.hc.client5.http.wire - http-outgoing-0 << "{"ID":"516f6100-a773-42a9-bcb0-c8c7c1f3d4fc","Containers":14,"ContainersRunning":5,"ContainersPaused":0,"ContainersStopped":9,"Images":22,"Driver":"overlayfs","DriverStatus":[["driver-type","io.containerd.snapshotter.v1"]],"Plugins":{"Volume":["local"],"Network":["bridge","host","ipvlan","macvlan","null","overlay"],"Authorization":null,"Log":["awslogs","fluentd","gcplogs","gelf","journald","json-file","local","splunk","syslog"]},"MemoryLimit":true,"SwapLimit":true,"CpuCfsPeriod":true,"CpuCfsQuota":true,"CPUShares":true,"CPUSet":true,"PidsLimit":true,"IPv4Forwarding":true,"Debug":false,"NFd":88,"OomKillDisable":false,"NGoroutines":117,"SystemTime":"2026-06-22T19:49:00.020227176Z","LoggingDriver":"json-file","CgroupDriver":"cgroupfs","CgroupVersion":"2","NEventsListener":14,"KernelVersion":"6.12.76-linuxkit","OperatingSystem":"Docker Desktop","OSVersion":"","OSType":"linux","Architecture":"aarch64","IndexServerAddress":"https://index.docker.io/v1/","RegistryConfig":{"InsecureRegistryCIDRs":["127.0.0.0/8","::1/128"],"IndexConfigs":{"docker.io":{"Name":"docker.io","Mirrors":[],"Secure":true,"Official":true},"hubproxy.docker.internal:5555":{"Name":"hubproxy.docker.internal:5555","Mirrors":[],"Secure":false,"Official":false}},"Mirrors":[]},"NCPU":10,"MemTotal":8321712128,"GenericResources":null,"DockerRootDir":"/var/lib/docker","HttpProxy":"http.docker.internal:3128","HttpsProxy":"http.docker.internal:3128","NoProxy":"hubproxy.docker.internal","Name":"docker-desktop","Labels":["com.docker.desktop.address=unix:///Users/nelson.villamizar/Library/Containers/com.docker.docker/Data/docker-cli.sock"],"ExperimentalBuild":false,"ServerVersion":"29.4.2","Runtimes":{"io.containerd.runc.v2":{"path":"runc"},"runc":{"path":"runc"}},"DefaultRuntime":"runc","Swarm":{"NodeID":"","NodeAddr":"","LocalNodeState":"inactive","ControlAvailable":false,"Error":"","RemoteManagers":null},"LiveRestoreEnabled":false,"Isolation":"","InitBinary":"docker-init","ContainerdCommit":{"ID":"77c84241c7cbdd9b4eca2591793e3d4f4317c590"},"RuncCommit":{"ID":"v1.3.5-0-g488fc13e"},"InitCommit":{"ID":"de40ad0"},"SecurityOptions":["name=seccomp,profile=builtin","name=cgroupns"],"CDISpecDirs":["/etc/cdi","/var/run/cdi"],"Warnings":null}[\r][\n]"
15:49:00 DEBUG c.g.d.z.s.o.a.hc.client5.http.wire - http-outgoing-0 << "0[\r][\n]"
15:49:00 DEBUG c.g.d.z.s.o.a.hc.client5.http.wire - http-outgoing-0 << "[\r][\n]"
15:49:00 DEBUG c.g.d.z.s.o.a.h.c.h.i.c.InternalHttpClient - ep-00000000: releasing valid endpoint
15:49:00 DEBUG c.g.d.z.s.o.a.h.c.h.i.i.PoolingHttpClientConnectionManager - ep-00000000: releasing endpoint
15:49:00 DEBUG c.g.d.z.s.o.a.h.c.h.i.i.PoolingHttpClientConnectionManager - ep-00000000: connection http-outgoing-0 can be kept alive for 3 MINUTES
15:49:00 DEBUG c.g.d.z.s.o.a.h.c.h.i.i.PoolingHttpClientConnectionManager - ep-00000000: connection released [route: {}->unix://localhost:2375][total available: 1; route allocated: 1 of 2147483647; total allocated: 1 of 2147483647]
15:49:00 INFO  o.t.d.DockerClientProviderStrategy - Found Docker environment with Docker API version proxy (/tmp/docker-tc-proxy.sock -> v1.40)
15:49:00 INFO  o.testcontainers.DockerClientFactory - Docker host IP address is localhost
15:49:00 DEBUG c.g.d.z.s.o.a.h.c.h.i.c.InternalHttpClient - ex-00000002: preparing request execution
15:49:00 DEBUG c.g.d.z.s.o.a.h.c.h.p.RequestAddCookies - Cookie spec selected: strict
15:49:00 DEBUG c.g.d.z.s.o.a.h.c.h.p.RequestAuthCache - Auth cache not set in the context
15:49:00 DEBUG c.g.d.z.s.o.a.h.c.h.i.c.ProtocolExec - ex-00000002: target auth state: UNCHALLENGED
15:49:00 DEBUG c.g.d.z.s.o.a.h.c.h.i.c.ProtocolExec - ex-00000002: proxy auth state: UNCHALLENGED
15:49:00 DEBUG c.g.d.z.s.o.a.h.c.h.i.c.ConnectExec - ex-00000002: acquiring connection with route {}->unix://localhost:2375
15:49:00 DEBUG c.g.d.z.s.o.a.h.c.h.i.c.InternalHttpClient - ex-00000002: acquiring endpoint (3 MINUTES)
15:49:00 DEBUG c.g.d.z.s.o.a.h.c.h.i.i.PoolingHttpClientConnectionManager - ex-00000002: endpoint lease request (3 MINUTES) [route: {}->unix://localhost:2375][total available: 1; route allocated: 1 of 2147483647; total allocated: 1 of 2147483647]
15:49:00 DEBUG c.g.d.z.s.o.a.h.c.h.i.i.PoolingHttpClientConnectionManager - ex-00000002: endpoint leased [route: {}->unix://localhost:2375][total available: 0; route allocated: 1 of 2147483647; total allocated: 1 of 2147483647]
15:49:00 DEBUG c.g.d.z.s.o.a.h.c.h.i.i.PoolingHttpClientConnectionManager - ex-00000002: acquired ep-00000001
15:49:00 DEBUG c.g.d.z.s.o.a.h.c.h.i.c.InternalHttpClient - ex-00000002: acquired endpoint ep-00000001
15:49:00 DEBUG c.g.d.z.s.o.a.h.c.h.i.c.MainClientExec - ex-00000002: executing GET /v1.32/version HTTP/1.1
15:49:00 DEBUG c.g.d.z.s.o.a.h.c.h.i.c.InternalHttpClient - ep-00000001: start execution ex-00000002
15:49:00 DEBUG c.g.d.z.s.o.a.h.c.h.i.i.PoolingHttpClientConnectionManager - ep-00000001: executing exchange ex-00000002 over http-outgoing-0
15:49:00 DEBUG c.g.d.z.s.o.a.h.client5.http.headers - http-outgoing-0 >> GET /v1.32/version HTTP/1.1
15:49:00 DEBUG c.g.d.z.s.o.a.h.client5.http.headers - http-outgoing-0 >> accept: application/json
15:49:00 DEBUG c.g.d.z.s.o.a.h.client5.http.headers - http-outgoing-0 >> x-tc-sid: 6dd1bf8b-74d5-4979-9435-d07275ccf2f7
15:49:00 DEBUG c.g.d.z.s.o.a.h.client5.http.headers - http-outgoing-0 >> User-Agent: tc-java/1.21.3
15:49:00 DEBUG c.g.d.z.s.o.a.h.client5.http.headers - http-outgoing-0 >> Accept-Encoding: gzip, x-gzip, deflate
15:49:00 DEBUG c.g.d.z.s.o.a.h.client5.http.headers - http-outgoing-0 >> Host: localhost:2375
15:49:00 DEBUG c.g.d.z.s.o.a.h.client5.http.headers - http-outgoing-0 >> Connection: keep-alive
15:49:00 DEBUG c.g.d.z.s.o.a.hc.client5.http.wire - http-outgoing-0 >> "GET /v1.32/version HTTP/1.1[\r][\n]"
15:49:00 DEBUG c.g.d.z.s.o.a.hc.client5.http.wire - http-outgoing-0 >> "accept: application/json[\r][\n]"
15:49:00 DEBUG c.g.d.z.s.o.a.hc.client5.http.wire - http-outgoing-0 >> "x-tc-sid: 6dd1bf8b-74d5-4979-9435-d07275ccf2f7[\r][\n]"
15:49:00 DEBUG c.g.d.z.s.o.a.hc.client5.http.wire - http-outgoing-0 >> "User-Agent: tc-java/1.21.3[\r][\n]"
15:49:00 DEBUG c.g.d.z.s.o.a.hc.client5.http.wire - http-outgoing-0 >> "Accept-Encoding: gzip, x-gzip, deflate[\r][\n]"
15:49:00 DEBUG c.g.d.z.s.o.a.hc.client5.http.wire - http-outgoing-0 >> "Host: localhost:2375[\r][\n]"
15:49:00 DEBUG c.g.d.z.s.o.a.hc.client5.http.wire - http-outgoing-0 >> "Connection: keep-alive[\r][\n]"
15:49:00 DEBUG c.g.d.z.s.o.a.hc.client5.http.wire - http-outgoing-0 >> "[\r][\n]"
15:49:00 DEBUG c.g.d.z.s.o.a.hc.client5.http.wire - http-outgoing-0 << "HTTP/1.1 200 OK[\r][\n]"
15:49:00 DEBUG c.g.d.z.s.o.a.hc.client5.http.wire - http-outgoing-0 << "Api-Version: 1.54[\r][\n]"
15:49:00 DEBUG c.g.d.z.s.o.a.hc.client5.http.wire - http-outgoing-0 << "Content-Type: application/json[\r][\n]"
15:49:00 DEBUG c.g.d.z.s.o.a.hc.client5.http.wire - http-outgoing-0 << "Date: Mon, 22 Jun 2026 19:49:00 GMT[\r][\n]"
15:49:00 DEBUG c.g.d.z.s.o.a.hc.client5.http.wire - http-outgoing-0 << "Docker-Experimental: false[\r][\n]"
15:49:00 DEBUG c.g.d.z.s.o.a.hc.client5.http.wire - http-outgoing-0 << "Ostype: linux[\r][\n]"
15:49:00 DEBUG c.g.d.z.s.o.a.hc.client5.http.wire - http-outgoing-0 << "Server: Docker/29.4.2 (linux)[\r][\n]"
15:49:00 DEBUG c.g.d.z.s.o.a.hc.client5.http.wire - http-outgoing-0 << "Transfer-Encoding: chunked[\r][\n]"
15:49:00 DEBUG c.g.d.z.s.o.a.hc.client5.http.wire - http-outgoing-0 << "[\r][\n]"
15:49:00 DEBUG c.g.d.z.s.o.a.h.client5.http.headers - http-outgoing-0 << HTTP/1.1 200 OK
15:49:00 DEBUG c.g.d.z.s.o.a.h.client5.http.headers - http-outgoing-0 << Api-Version: 1.54
15:49:00 DEBUG c.g.d.z.s.o.a.h.client5.http.headers - http-outgoing-0 << Content-Type: application/json
15:49:00 DEBUG c.g.d.z.s.o.a.h.client5.http.headers - http-outgoing-0 << Date: Mon, 22 Jun 2026 19:49:00 GMT
15:49:00 DEBUG c.g.d.z.s.o.a.h.client5.http.headers - http-outgoing-0 << Docker-Experimental: false
15:49:00 DEBUG c.g.d.z.s.o.a.h.client5.http.headers - http-outgoing-0 << Ostype: linux
15:49:00 DEBUG c.g.d.z.s.o.a.h.client5.http.headers - http-outgoing-0 << Server: Docker/29.4.2 (linux)
15:49:00 DEBUG c.g.d.z.s.o.a.h.client5.http.headers - http-outgoing-0 << Transfer-Encoding: chunked
15:49:00 DEBUG c.g.d.z.s.o.a.h.c.h.i.c.MainClientExec - ex-00000002: connection can be kept alive for 3 MINUTES
15:49:00 DEBUG c.g.d.z.s.o.a.hc.client5.http.wire - http-outgoing-0 << "37e[\r][\n]"
15:49:00 DEBUG c.g.d.z.s.o.a.hc.client5.http.wire - http-outgoing-0 << "{"Platform":{"Name":"Docker Desktop 4.72.0 (225998)"},"Version":"29.4.2","ApiVersion":"1.54","MinAPIVersion":"1.40","Os":"linux","Arch":"arm64","Components":[{"Name":"Engine","Version":"29.4.2","Details":{"ApiVersion":"1.54","Arch":"arm64","BuildTime":"2026-05-01T01:25:57.000000000+00:00","Experimental":"false","GitCommit":"d329809","GoVersion":"go1.26.2","KernelVersion":"6.12.76-linuxkit","MinAPIVersion":"1.40","Module":"github.com/moby/moby/v2","ModuleVersion":"v2.0.0+unknown","Os":"linux"}},{"Name":"containerd","Version":"v2.2.3","Details":{"GitCommit":"77c84241c7cbdd9b4eca2591793e3d4f4317c590"}},{"Name":"runc","Version":"1.3.5","Details":{"GitCommit":"v1.3.5-0-g488fc13e"}},{"Name":"docker-init","Version":"0.19.0","Details":{"GitCommit":"de40ad0"}}],"GitCommit":"d329809","GoVersion":"go1.26.2","KernelVersion":"6.12.76-linuxkit","BuildTime":"2026-05-01T01:25:57.000000000+00:00"}[\n]"
15:49:00 DEBUG c.g.d.z.s.o.a.hc.client5.http.wire - http-outgoing-0 << "[\r][\n]"
15:49:00 DEBUG c.g.d.z.s.o.a.hc.client5.http.wire - http-outgoing-0 << "0[\r][\n]"
15:49:00 DEBUG c.g.d.z.s.o.a.hc.client5.http.wire - http-outgoing-0 << "[\r][\n]"
15:49:00 DEBUG c.g.d.z.s.o.a.h.c.h.i.c.InternalHttpClient - ep-00000001: releasing valid endpoint
15:49:00 DEBUG c.g.d.z.s.o.a.h.c.h.i.i.PoolingHttpClientConnectionManager - ep-00000001: releasing endpoint
15:49:00 DEBUG c.g.d.z.s.o.a.h.c.h.i.i.PoolingHttpClientConnectionManager - ep-00000001: connection http-outgoing-0 can be kept alive for 3 MINUTES
15:49:00 DEBUG c.g.d.z.s.o.a.h.c.h.i.i.PoolingHttpClientConnectionManager - ep-00000001: connection released [route: {}->unix://localhost:2375][total available: 1; route allocated: 1 of 2147483647; total allocated: 1 of 2147483647]
15:49:00 INFO  o.testcontainers.DockerClientFactory - Connected to docker: 
  Server Version: 29.4.2
  API Version: 1.54
  Operating System: Docker Desktop
  Total Memory: 7936 MB
  Labels: 
    com.docker.desktop.address=unix:///Users/nelson.villamizar/Library/Containers/com.docker.docker/Data/docker-cli.sock
15:49:00 DEBUG c.g.d.z.s.o.a.h.c.h.i.c.InternalHttpClient - ex-00000003: preparing request execution
15:49:00 DEBUG c.g.d.z.s.o.a.h.c.h.p.RequestAddCookies - Cookie spec selected: strict
15:49:00 DEBUG c.g.d.z.s.o.a.h.c.h.p.RequestAuthCache - Auth cache not set in the context
15:49:00 DEBUG c.g.d.z.s.o.a.h.c.h.i.c.ProtocolExec - ex-00000003: target auth state: UNCHALLENGED
15:49:00 DEBUG c.g.d.z.s.o.a.h.c.h.i.c.ProtocolExec - ex-00000003: proxy auth state: UNCHALLENGED
15:49:00 DEBUG c.g.d.z.s.o.a.h.c.h.i.c.ConnectExec - ex-00000003: acquiring connection with route {}->unix://localhost:2375
15:49:00 DEBUG c.g.d.z.s.o.a.h.c.h.i.c.InternalHttpClient - ex-00000003: acquiring endpoint (3 MINUTES)
15:49:00 DEBUG c.g.d.z.s.o.a.h.c.h.i.i.PoolingHttpClientConnectionManager - ex-00000003: endpoint lease request (3 MINUTES) [route: {}->unix://localhost:2375][total available: 1; route allocated: 1 of 2147483647; total allocated: 1 of 2147483647]
15:49:00 DEBUG c.g.d.z.s.o.a.h.c.h.i.i.PoolingHttpClientConnectionManager - ex-00000003: endpoint leased [route: {}->unix://localhost:2375][total available: 0; route allocated: 1 of 2147483647; total allocated: 1 of 2147483647]
15:49:00 DEBUG c.g.d.z.s.o.a.h.c.h.i.i.PoolingHttpClientConnectionManager - ex-00000003: acquired ep-00000002
15:49:00 DEBUG c.g.d.z.s.o.a.h.c.h.i.c.InternalHttpClient - ex-00000003: acquired endpoint ep-00000002
15:49:00 DEBUG c.g.d.z.s.o.a.h.c.h.i.c.MainClientExec - ex-00000003: executing GET /v1.32/images/json HTTP/1.1
15:49:00 DEBUG c.g.d.z.s.o.a.h.c.h.i.c.InternalHttpClient - ep-00000002: start execution ex-00000003
15:49:00 DEBUG c.g.d.z.s.o.a.h.c.h.i.i.PoolingHttpClientConnectionManager - ep-00000002: executing exchange ex-00000003 over http-outgoing-0
15:49:00 DEBUG c.g.d.z.s.o.a.h.client5.http.headers - http-outgoing-0 >> GET /v1.32/images/json HTTP/1.1
15:49:00 DEBUG c.g.d.z.s.o.a.h.client5.http.headers - http-outgoing-0 >> accept: application/json
15:49:00 DEBUG c.g.d.z.s.o.a.h.client5.http.headers - http-outgoing-0 >> x-tc-sid: 6dd1bf8b-74d5-4979-9435-d07275ccf2f7
15:49:00 DEBUG c.g.d.z.s.o.a.h.client5.http.headers - http-outgoing-0 >> User-Agent: tc-java/1.21.3
15:49:00 DEBUG c.g.d.z.s.o.a.h.client5.http.headers - http-outgoing-0 >> Accept-Encoding: gzip, x-gzip, deflate
15:49:00 DEBUG c.g.d.z.s.o.a.h.client5.http.headers - http-outgoing-0 >> Host: localhost:2375
15:49:00 DEBUG c.g.d.z.s.o.a.h.client5.http.headers - http-outgoing-0 >> Connection: keep-alive
15:49:00 DEBUG c.g.d.z.s.o.a.hc.client5.http.wire - http-outgoing-0 >> "GET /v1.32/images/json HTTP/1.1[\r][\n]"
15:49:00 DEBUG c.g.d.z.s.o.a.hc.client5.http.wire - http-outgoing-0 >> "accept: application/json[\r][\n]"
15:49:00 DEBUG c.g.d.z.s.o.a.hc.client5.http.wire - http-outgoing-0 >> "x-tc-sid: 6dd1bf8b-74d5-4979-9435-d07275ccf2f7[\r][\n]"
15:49:00 DEBUG c.g.d.z.s.o.a.hc.client5.http.wire - http-outgoing-0 >> "User-Agent: tc-java/1.21.3[\r][\n]"
15:49:00 DEBUG c.g.d.z.s.o.a.hc.client5.http.wire - http-outgoing-0 >> "Accept-Encoding: gzip, x-gzip, deflate[\r][\n]"
15:49:00 DEBUG c.g.d.z.s.o.a.hc.client5.http.wire - http-outgoing-0 >> "Host: localhost:2375[\r][\n]"
15:49:00 DEBUG c.g.d.z.s.o.a.hc.client5.http.wire - http-outgoing-0 >> "Connection: keep-alive[\r][\n]"
15:49:00 DEBUG c.g.d.z.s.o.a.hc.client5.http.wire - http-outgoing-0 >> "[\r][\n]"
15:49:00 DEBUG c.g.d.z.s.o.a.hc.client5.http.wire - http-outgoing-0 << "HTTP/1.1 200 OK[\r][\n]"
15:49:00 DEBUG c.g.d.z.s.o.a.hc.client5.http.wire - http-outgoing-0 << "Api-Version: 1.54[\r][\n]"
15:49:00 DEBUG c.g.d.z.s.o.a.hc.client5.http.wire - http-outgoing-0 << "Content-Type: application/json[\r][\n]"
15:49:00 DEBUG c.g.d.z.s.o.a.hc.client5.http.wire - http-outgoing-0 << "Date: Mon, 22 Jun 2026 19:49:00 GMT[\r][\n]"
15:49:00 DEBUG c.g.d.z.s.o.a.hc.client5.http.wire - http-outgoing-0 << "Docker-Experimental: false[\r][\n]"
15:49:00 DEBUG c.g.d.z.s.o.a.hc.client5.http.wire - http-outgoing-0 << "Ostype: linux[\r][\n]"
15:49:00 DEBUG c.g.d.z.s.o.a.hc.client5.http.wire - http-outgoing-0 << "Server: Docker/29.4.2 (linux)[\r][\n]"
15:49:00 DEBUG c.g.d.z.s.o.a.hc.client5.http.wire - http-outgoing-0 << "Transfer-Encoding: chunked[\r][\n]"
15:49:00 DEBUG c.g.d.z.s.o.a.hc.client5.http.wire - http-outgoing-0 << "[\r][\n]"
15:49:00 DEBUG c.g.d.z.s.o.a.h.client5.http.headers - http-outgoing-0 << HTTP/1.1 200 OK
15:49:00 DEBUG c.g.d.z.s.o.a.h.client5.http.headers - http-outgoing-0 << Api-Version: 1.54
15:49:00 DEBUG c.g.d.z.s.o.a.h.client5.http.headers - http-outgoing-0 << Content-Type: application/json
15:49:00 DEBUG c.g.d.z.s.o.a.h.client5.http.headers - http-outgoing-0 << Date: Mon, 22 Jun 2026 19:49:00 GMT
15:49:00 DEBUG c.g.d.z.s.o.a.h.client5.http.headers - http-outgoing-0 << Docker-Experimental: false
15:49:00 DEBUG c.g.d.z.s.o.a.h.client5.http.headers - http-outgoing-0 << Ostype: linux
15:49:00 DEBUG c.g.d.z.s.o.a.h.client5.http.headers - http-outgoing-0 << Server: Docker/29.4.2 (linux)
15:49:00 DEBUG c.g.d.z.s.o.a.h.client5.http.headers - http-outgoing-0 << Transfer-Encoding: chunked
15:49:00 DEBUG c.g.d.z.s.o.a.h.c.h.i.c.MainClientExec - ex-00000003: connection can be kept alive for 3 MINUTES
15:49:00 DEBUG c.g.d.z.s.o.a.hc.client5.http.wire - http-outgoing-0 << "2d95[\r][\n]"
15:49:00 DEBUG c.g.d.z.s.o.a.hc.client5.http.wire - http-outgoing-0 << "[{"Containers":-1,"Created":1781909881,"Id":"sha256:12fd1ab1b02e2c9b6fbfec36e2ffe1e40092319caa3ae44a76b89474dec9e4a6","Labels":{"org.opencontainers.image.created":"2026-06-10T03:33:03.035505+00:00","org.opencontainers.image.description":"The Ubuntu container image maintained by Canonical\n\nUbuntu is a Debian-based Linux operating system that runs from the desktop to the cloud, to all your internet connected things.\nIt is the world's most popular operating system across public clouds and OpenStack clouds.\nIt is the number one platform for containers; from Docker to Kubernetes to LXD, Ubuntu can run your containers at scale.\nFast, secure and simple, Ubuntu powers millions of PCs worldwide.\n","org.opencontainers.image.title":"ubuntu","org.opencontainers.image.version":"26.04"},"ParentId":"","RepoDigests":["spring-mysql-poc@sha256:12fd1ab1b02e2c9b6fbfec36e2ffe1e40092319caa3ae44a76b89474dec9e4a6"],"RepoTags":["spring-mysql-poc:v3"],"SharedSize":-1,"Size":534338265},{"Containers":-1,"Created":1781909009,"Id":"sha256:67352eb478e95e77f3c675e21057b3f2779c20b86c8dfcea6ce041362d83a82e","Labels":{"org.opencontainers.image.created":"2026-06-10T03:33:03.035505+00:00","org.opencontainers.image.description":"The Ubuntu container image maintained by Canonical\n\nUbuntu is a Debian-based Linux operating system that runs from the desktop to the cloud, to all your internet connected things.\nIt is the world's most popular operating system across public clouds and OpenStack clouds.\nIt is the number one platform for containers; from Docker to Kubernetes to LXD, Ubuntu can run your containers at scale.\nFast, secure and simple, Ubuntu powers millions of PCs worldwide.\n","org.opencontainers.image.title":"ubuntu","org.opencontainers.image.version":"26.04"},"ParentId":"","RepoDigests":["spring-mysql-poc@sha256:67352eb478e95e77f3c675e21057b3f2779c20b86c8dfcea6ce041362d83a82e"],"RepoTags":["spring-mysql-poc:latest","spring-mysql-poc:v2"],"SharedSize":-1,"Size":534338687},{"Containers":-1,"Created":1781408010,"Id":"sha256:8718dc41891b9a6c73e54a44822b54a426b2c3c6cb168617847d945592107fa0","Labels":{"org.opencontainers.image.version":"22.04"},"ParentId":"","RepoDigests":["spring-boot-testing@sha256:8718dc41891b9a6c73e54a44822b54a426b2c3c6cb168617847d945592107fa0"],"RepoTags":["spring-boot-testing:local"],"SharedSize":-1,"Size":516363648},{"Containers":-1,"Created":1781291401,"Id":"sha256:8ecb514b00bdcc0bde67ef4e6c330385377a9dc68e24ee94e28c07c891647348","Labels":{"org.opencontainers.image.version":"22.04"},"ParentId":"","RepoDigests":["mongo@sha256:8ecb514b00bdcc0bde67ef4e6c330385377a9dc68e24ee94e28c07c891647348"],"RepoTags":["mongo:7.0"],"SharedSize":-1,"Size":1125789263},{"Containers":-1,"Created":1780681732,"Id":"sha256:b8ffd3cf43132989711bcbdd8c364d6fd3af2d77b113bef0acb25d4bb8657a95","Labels":{"description":"External Secrets Operator is a Kubernetes operator that integrates external secret management systems","maintainer":"cncf-externalsecretsop-maintainers@lists.cncf.io"},"ParentId":"","RepoDigests":["ghcr.io/external-secrets/external-secrets@sha256:b8ffd3cf43132989711bcbdd8c364d6fd3af2d77b113bef0acb25d4bb8657a95"],"RepoTags":["ghcr.io/external-secrets/external-secrets:v2.6.0@sha256:b8ffd3cf43132989711bcbdd8c364d6fd3af2d77b113bef0acb25d4bb8657a95"],"SharedSize":-1,"Size":92355844},{"Containers":-1,"Created":1779422695,"Id":"sha256:d0f80d8fb372180a480a6625c46b88f3d7ca727763a11d4b448ea653d1f7fe04","Labels":{"author":"Sergey Kargopolov","org.opencontainers.image.description":"Spring Boot service for managing users","org.opencontainers.image.title":"Users Microservice","org.opencontainers.image.version":"1.0.0"},"ParentId":"","RepoDigests":["nelsonvillam/users-ws-public-demo@sha256:d0f80d8fb372180a480a6625c46b88f3d7ca727763a11d4b448ea653d1f7fe04"],"RepoTags":["nelsonvillam/users-ws-public-demo:1.0.2"],"SharedSize":-1,"Size":697253908},{"Containers":-1,"Created":1779384006,"Id":"sha256:2f968b46b4a3653c69a3ba7e5391bc26348da0c50f3410b02970f2c1ceb7189f","Labels":{"author":"Sergey Kargopolov","org.opencontainers.image.description":"Spring Boot service for managing users","org.opencontainers.image.title":"Users Microservice","org.opencontainers.image.version":"1.0.0"},"ParentId":"","RepoDigests":["nelsonvillam/users-ws-public-demo@sha256:2f968b46b4a3653c69a3ba7e5391bc26348da0c50f3410b02970f2c1ceb7189f"],"RepoTags":["nelsonvillam/users-ws-public-demo:1.0.1"],"SharedSize":-1,"Size":697253889},{"Containers":-1,"Created":1779305085,"Id":"sha256:3e0e22270e6088eb15c3f3a90b2739f318ba54f819bef963b83317d799ec9a7a","Labels":{"author":"Sergey Kargopolov","org.opencontainers.image.description":"Spring Boot service for managing users","org.opencontainers.image.title":"Users Microservice","org.opencontainers.image.version":"1.0.0"},"ParentId":"","RepoDigests":["nelsonvillam/users-ws@sha256:3e0e22270e6088eb15c3f3a90b2739f318ba54f819bef963b83317d799ec9a7a"],"RepoTags":["nelsonvillam/users-ws:1.0.1"],"SharedSize":-1,"Size":697328142},{"Containers":-1,"Created":1779293317,"Id":"sha256:034e5296ce59e20242a58d270c84ad5ef27335641f8323d391f57e35e5819672","Labels":{"author":"Sergey Kargopolov","org.opencontainers.image.description":"Spring Boot service for managing users","org.opencontainers.image.title":"Users Microservice","org.opencontainers.image.version":"1.0.0"},"ParentId":"","RepoDigests":["nelsonvillam/users-ws-public-demo@sha256:034e5296ce59e20242a58d270c84ad5ef27335641f8323d391f57e35e5819672"],"RepoTags":["users-ws:1.0.0","nelsonvillam/users-ws-public-demo:1.0.0"],"SharedSize":-1,"Size":697101795},{"Containers":-1,"Created":1779125468,"Id":"sha256:ffb4643ecd8fd5e2b83b1f47127632c2b5be765fef5b33cdc0388209b7ff9397","Labels":{"author":"Sergey Kargopolov","org.opencontainers.image.description":"Spring Boot service for managing users","org.opencontainers.image.title":"Users Microservice","org.opencontainers.image.version":"1.0.0"},"ParentId":"","RepoDigests":["users-app-local@sha256:ffb4643ecd8fd5e2b83b1f47127632c2b5be765fef5b33cdc0388209b7ff9397"],"RepoTags":["users-app-local:1.0"],"SharedSize":-1,"Size":407856609},{"Containers":-1,"Created":1778880049,"Id":"sha256:c1a84ab5d0c17deed1e0dba1d24bd7c76e5c7b281145fe536911939b1551754c","Labels":{"org.opencontainers.image.version":"22.04"},"ParentId":"","RepoDigests":["\u003cnone\u003e@\u003cnone\u003e"],"RepoTags":["\u003cnone\u003e:\u003cnone\u003e"],"SharedSize":-1,"Size":1125564682},{"Containers":-1,"Created":1778785318,"Id":"sha256:df7bca0066e6f60cc3dd32faa70caddec20e2c22b58932f79498e5704b23854a","Labels":{},"ParentId":"","RepoDigests":["postgres@sha256:df7bca0066e6f60cc3dd32faa70caddec20e2c22b58932f79498e5704b23854a"],"RepoTags":["postgres:15-alpine"],"SharedSize":-1,"Size":386378332},{"Containers":-1,"Created":1778613134,"Id":"sha256:c11782aa2a96624c1efc121768641d96954faa136d6aa82751b032d8c426ffbc","Labels":{},"ParentId":"","RepoDigests":["mysql@sha256:c11782aa2a96624c1efc121768641d96954faa136d6aa82751b032d8c426ffbc"],"RepoTags":["mysql:latest"],"SharedSize":-1,"Size":1323197189},{"Containers":-1,"Created":1777929072,"Id":"sha256:7dcddc01f13bab2f15cde676d44d01f61fc9f99fe7785e86196dfc07d358ae2b","Labels":{},"ParentId":"","RepoDigests":["mysql@sha256:7dcddc01f13bab2f15cde676d44d01f61fc9f99fe7785e86196dfc07d358ae2b"],"RepoTags":["mysql:8.0"],"SharedSize":-1,"Size":1092543517},{"Containers":-1,"Created":1770720245,"Id":"sha256:9516fb7634bad307d17c33b589fde9023003b0cb761374f500002b980a3149b9","Labels":{"org.label-schema.build-date":"2026-02-10","org.label-schema.description":"Apache Kafka","org.label-schema.name":"kafka","org.label-schema.vcs-url":"https://github.com/apache/kafka","org.opencontainers.image.authors":"Apache Kafka"},"ParentId":"","RepoDigests":["apache/kafka@sha256:9516fb7634bad307d17c33b589fde9023003b0cb761374f500002b980a3149b9"],"RepoTags":["apache/kafka:latest"],"SharedSize":-1,"Size":679838200},{"Containers":-1,"Created":1765860280,"Id":"sha256:08497ee19eace7b4b5348db5c6a1591d7752b164530a36f855cb0f2bdcbadd48","Labels":{},"ParentId":"","RepoDigests":["kindest/node@sha256:08497ee19eace7b4b5348db5c6a1591d7752b164530a36f855cb0f2bdcbadd48"],"RepoTags":["kindest/node:v1.34.3"],"SharedSize":-1,"Size":1325374540},{"Containe"
15:49:00 DEBUG c.g.d.z.s.o.a.hc.client5.http.wire - http-outgoing-0 << "rs":-1,"Created":1765395295,"Id":"sha256:4ad59ce2065853c9005ea9cb5cfc10b82784e76a50b23176a0ff3d69d76379d2","Labels":{},"ParentId":"","RepoDigests":["docker/desktop-cloud-provider-kind@sha256:4ad59ce2065853c9005ea9cb5cfc10b82784e76a50b23176a0ff3d69d76379d2"],"RepoTags":["docker/desktop-cloud-provider-kind:v0.5.0"],"SharedSize":-1,"Size":574060418},{"Containers":-1,"Created":1765374799,"Id":"sha256:08acc53db6f4ac46e77e36b203c5254b4a2549869314bb54cf97aab81baa4566","Labels":{"org.opencontainers.image.ref.name":"ubuntu","org.opencontainers.image.version":"22.04"},"ParentId":"","RepoDigests":["envoyproxy/envoy@sha256:08acc53db6f4ac46e77e36b203c5254b4a2549869314bb54cf97aab81baa4566"],"RepoTags":["envoyproxy/envoy:v1.36.4"],"SharedSize":-1,"Size":233287591},{"Containers":-1,"Created":1765314089,"Id":"sha256:179a9ea3ae4750d6dfe11bed4802f87c78bf10531dd2813bf5d1e99fd26571d6","Labels":{},"ParentId":"","RepoDigests":["docker/desktop-containerd-registry-mirror@sha256:179a9ea3ae4750d6dfe11bed4802f87c78bf10531dd2813bf5d1e99fd26571d6"],"RepoTags":["docker/desktop-containerd-registry-mirror:v0.0.3"],"SharedSize":-1,"Size":48818116},{"Containers":-1,"Created":1748868454,"Id":"sha256:dd3f023a6ed7015b3f95a49ccd65a2daf0c56e681422c12952b19a810dfa6298","Labels":{"org.testcontainers.ryuk":"true"},"ParentId":"","RepoDigests":["testcontainers/ryuk@sha256:dd3f023a6ed7015b3f95a49ccd65a2daf0c56e681422c12952b19a810dfa6298"],"RepoTags":["testcontainers/ryuk:0.12.0"],"SharedSize":-1,"Size":29183162},{"Containers":-1,"Created":1727386302,"Id":"sha256:1487d0af5f52b4ba31c7e465126ee2123fe3f2305d638e7827681e7cf6c83d5e","Labels":{},"ParentId":"","RepoDigests":["busybox@sha256:1487d0af5f52b4ba31c7e465126ee2123fe3f2305d638e7827681e7cf6c83d5e"],"RepoTags":["busybox:latest@sha256:1487d0af5f52b4ba31c7e465126ee2123fe3f2305d638e7827681e7cf6c83d5e"],"SharedSize":-1,"Size":1901792},{"Containers":-1,"Created":1692393301,"Id":"sha256:fbbb6fa11b258a88b83f54d4f0bddfcffbf2279f99d66a843486e3da7bdfbf41","Labels":{"architecture":"aarch64","build-date":"2023-08-02T16:00:59","com.redhat.component":"ubi8-minimal-container","com.redhat.license_terms":"https://www.redhat.com/en/about/red-hat-end-user-license-agreements#UBI","description":"Common base image for Confluent's Docker images.","distribution-scope":"public","io.buildah.version":"1.29.0","io.confluent.docker":"true","io.confluent.docker.build.number":"2","io.confluent.docker.git.id":"25d6c12c2","io.confluent.docker.git.repo":"confluentinc/kafka-images","io.k8s.description":"The Universal Base Image Minimal is a stripped down image that uses microdnf as a package manager. This base image is freely redistributable, but Red Hat only supports Red Hat technologies through subscriptions for Red Hat products. This image is maintained by Red Hat and updated regularly.","io.k8s.display-name":"Red Hat Universal Base Image 8 Minimal","io.openshift.expose-services":"","io.openshift.tags":"minimal rhel8","maintainer":"partner-support@confluent.io","name":"cp-kafka","release":"7.5.0","summary":"Confluent platform Kafka.","url":"https://access.redhat.com/containers/#/registry.access.redhat.com/ubi8-minimal/images/8.8-1037","vcs-ref":"dee8029ddcc7ecbfbebb0905d2b15e134338616c","vcs-type":"git","vendor":"Confluent","version":"25d6c12c2"},"ParentId":"","RepoDigests":["confluentinc/cp-kafka@sha256:fbbb6fa11b258a88b83f54d4f0bddfcffbf2279f99d66a843486e3da7bdfbf41"],"RepoTags":["confluentinc/cp-kafka:7.5.0"],"SharedSize":-1,"Size":1354114189}]"
15:49:00 DEBUG c.g.d.z.s.o.a.hc.client5.http.wire - http-outgoing-0 << "[\r][\n]"
15:49:00 DEBUG c.g.d.z.s.o.a.hc.client5.http.wire - http-outgoing-0 << "0[\r][\n]"
15:49:00 DEBUG c.g.d.z.s.o.a.hc.client5.http.wire - http-outgoing-0 << "[\r][\n]"
15:49:00 DEBUG c.g.d.z.s.o.a.h.c.h.i.c.InternalHttpClient - ep-00000002: releasing valid endpoint
15:49:00 DEBUG c.g.d.z.s.o.a.h.c.h.i.i.PoolingHttpClientConnectionManager - ep-00000002: releasing endpoint
15:49:00 DEBUG c.g.d.z.s.o.a.h.c.h.i.i.PoolingHttpClientConnectionManager - ep-00000002: connection http-outgoing-0 can be kept alive for 3 MINUTES
15:49:00 DEBUG c.g.d.z.s.o.a.h.c.h.i.i.PoolingHttpClientConnectionManager - ep-00000002: connection released [route: {}->unix://localhost:2375][total available: 1; route allocated: 1 of 2147483647; total allocated: 1 of 2147483647]
15:49:00 DEBUG c.g.d.z.s.o.a.h.c.h.i.c.InternalHttpClient - ex-00000004: preparing request execution
15:49:00 DEBUG c.g.d.z.s.o.a.h.c.h.p.RequestAddCookies - Cookie spec selected: strict
15:49:00 DEBUG c.g.d.z.s.o.a.h.c.h.p.RequestAuthCache - Auth cache not set in the context
15:49:00 DEBUG c.g.d.z.s.o.a.h.c.h.i.c.ProtocolExec - ex-00000004: target auth state: UNCHALLENGED
15:49:00 DEBUG c.g.d.z.s.o.a.h.c.h.i.c.ProtocolExec - ex-00000004: proxy auth state: UNCHALLENGED
15:49:00 DEBUG c.g.d.z.s.o.a.h.c.h.i.c.ConnectExec - ex-00000004: acquiring connection with route {}->unix://localhost:2375
15:49:00 DEBUG c.g.d.z.s.o.a.h.c.h.i.c.InternalHttpClient - ex-00000004: acquiring endpoint (3 MINUTES)
15:49:00 DEBUG c.g.d.z.s.o.a.h.c.h.i.i.PoolingHttpClientConnectionManager - ex-00000004: endpoint lease request (3 MINUTES) [route: {}->unix://localhost:2375][total available: 1; route allocated: 1 of 2147483647; total allocated: 1 of 2147483647]
15:49:00 DEBUG c.g.d.z.s.o.a.h.c.h.i.i.PoolingHttpClientConnectionManager - ex-00000004: endpoint leased [route: {}->unix://localhost:2375][total available: 0; route allocated: 1 of 2147483647; total allocated: 1 of 2147483647]
15:49:00 DEBUG c.g.d.z.s.o.a.h.c.h.i.i.PoolingHttpClientConnectionManager - ex-00000004: acquired ep-00000003
15:49:00 DEBUG c.g.d.z.s.o.a.h.c.h.i.c.InternalHttpClient - ex-00000004: acquired endpoint ep-00000003
15:49:00 DEBUG c.g.d.z.s.o.a.h.c.h.i.c.MainClientExec - ex-00000004: executing POST /v1.32/containers/create?name=testcontainers-ryuk-6dd1bf8b-74d5-4979-9435-d07275ccf2f7 HTTP/1.1
15:49:00 DEBUG c.g.d.z.s.o.a.h.c.h.i.c.InternalHttpClient - ep-00000003: start execution ex-00000004
15:49:00 DEBUG c.g.d.z.s.o.a.h.c.h.i.i.PoolingHttpClientConnectionManager - ep-00000003: executing exchange ex-00000004 over http-outgoing-0
15:49:00 DEBUG c.g.d.z.s.o.a.h.client5.http.headers - http-outgoing-0 >> POST /v1.32/containers/create?name=testcontainers-ryuk-6dd1bf8b-74d5-4979-9435-d07275ccf2f7 HTTP/1.1
15:49:00 DEBUG c.g.d.z.s.o.a.h.client5.http.headers - http-outgoing-0 >> X-Registry-Auth: eyJ1c2VybmFtZSI6Im5lbHNvbnZpbGxhbSIsInBhc3N3b3JkIjoiTmVsdmlzMTIzIyIsImVtYWlsIjpudWxsLCJzZXJ2ZXJhZGRyZXNzIjoiaHR0cHM6Ly9pbmRleC5kb2NrZXIuaW8vdjEvIiwiYXV0aCI6bnVsbCwicmVnaXN0cnl0b2tlbiI6bnVsbCwiaWRlbnRpdHl0b2tlbiI6bnVsbCwic3RhY2tPcmNoZXN0cmF0b3IiOm51bGx9
15:49:00 DEBUG c.g.d.z.s.o.a.h.client5.http.headers - http-outgoing-0 >> accept: application/json
15:49:00 DEBUG c.g.d.z.s.o.a.h.client5.http.headers - http-outgoing-0 >> content-type: application/json
15:49:00 DEBUG c.g.d.z.s.o.a.h.client5.http.headers - http-outgoing-0 >> x-tc-sid: 6dd1bf8b-74d5-4979-9435-d07275ccf2f7
15:49:00 DEBUG c.g.d.z.s.o.a.h.client5.http.headers - http-outgoing-0 >> User-Agent: tc-java/1.21.3
15:49:00 DEBUG c.g.d.z.s.o.a.h.client5.http.headers - http-outgoing-0 >> Accept-Encoding: gzip, x-gzip, deflate
15:49:00 DEBUG c.g.d.z.s.o.a.h.client5.http.headers - http-outgoing-0 >> Content-Length: 1957
15:49:00 DEBUG c.g.d.z.s.o.a.h.client5.http.headers - http-outgoing-0 >> Host: localhost:2375
15:49:00 DEBUG c.g.d.z.s.o.a.h.client5.http.headers - http-outgoing-0 >> Connection: keep-alive
15:49:00 DEBUG c.g.d.z.s.o.a.hc.client5.http.wire - http-outgoing-0 >> "POST /v1.32/containers/create?name=testcontainers-ryuk-6dd1bf8b-74d5-4979-9435-d07275ccf2f7 HTTP/1.1[\r][\n]"
15:49:00 DEBUG c.g.d.z.s.o.a.hc.client5.http.wire - http-outgoing-0 >> "X-Registry-Auth: eyJ1c2VybmFtZSI6Im5lbHNvbnZpbGxhbSIsInBhc3N3b3JkIjoiTmVsdmlzMTIzIyIsImVtYWlsIjpudWxsLCJzZXJ2ZXJhZGRyZXNzIjoiaHR0cHM6Ly9pbmRleC5kb2NrZXIuaW8vdjEvIiwiYXV0aCI6bnVsbCwicmVnaXN0cnl0b2tlbiI6bnVsbCwiaWRlbnRpdHl0b2tlbiI6bnVsbCwic3RhY2tPcmNoZXN0cmF0b3IiOm51bGx9[\r][\n]"
15:49:00 DEBUG c.g.d.z.s.o.a.hc.client5.http.wire - http-outgoing-0 >> "accept: application/json[\r][\n]"
15:49:00 DEBUG c.g.d.z.s.o.a.hc.client5.http.wire - http-outgoing-0 >> "content-type: application/json[\r][\n]"
15:49:00 DEBUG c.g.d.z.s.o.a.hc.client5.http.wire - http-outgoing-0 >> "x-tc-sid: 6dd1bf8b-74d5-4979-9435-d07275ccf2f7[\r][\n]"
15:49:00 DEBUG c.g.d.z.s.o.a.hc.client5.http.wire - http-outgoing-0 >> "User-Agent: tc-java/1.21.3[\r][\n]"
15:49:00 DEBUG c.g.d.z.s.o.a.hc.client5.http.wire - http-outgoing-0 >> "Accept-Encoding: gzip, x-gzip, deflate[\r][\n]"
15:49:00 DEBUG c.g.d.z.s.o.a.hc.client5.http.wire - http-outgoing-0 >> "Content-Length: 1957[\r][\n]"
15:49:00 DEBUG c.g.d.z.s.o.a.hc.client5.http.wire - http-outgoing-0 >> "Host: localhost:2375[\r][\n]"
15:49:00 DEBUG c.g.d.z.s.o.a.hc.client5.http.wire - http-outgoing-0 >> "Connection: keep-alive[\r][\n]"
15:49:00 DEBUG c.g.d.z.s.o.a.hc.client5.http.wire - http-outgoing-0 >> "[\r][\n]"
15:49:00 DEBUG c.g.d.z.s.o.a.hc.client5.http.wire - http-outgoing-0 >> "{"Hostname":null,"Domainname":null,"User":null,"AttachStdin":null,"AttachStdout":null,"AttachStderr":null,"PortSpecs":null,"Tty":null,"OpenStdin":null,"StdinOnce":null,"Env":[],"Cmd":[],"Healthcheck":null,"ArgsEscaped":null,"Entrypoint":null,"Image":"testcontainers/ryuk:0.12.0","Volumes":{},"WorkingDir":null,"MacAddress":null,"OnBuild":null,"NetworkDisabled":null,"ExposedPorts":{"8080/tcp":{}},"StopSignal":null,"StopTimeout":null,"HostConfig":{"Binds":["/tmp/docker-proxy.sock:/var/run/docker.sock:rw"],"BlkioWeight":null,"BlkioWeightDevice":null,"BlkioDeviceReadBps":null,"BlkioDeviceWriteBps":null,"BlkioDeviceReadIOps":null,"BlkioDeviceWriteIOps":null,"MemorySwappiness":null,"NanoCpus":null,"CapAdd":null,"CapDrop":null,"ContainerIDFile":null,"CpuPeriod":null,"CpuRealtimePeriod":null,"CpuRealtimeRuntime":null,"CpuShares":null,"CpuQuota":null,"CpusetCpus":null,"CpusetMems":null,"Devices":null,"DeviceCgroupRules":null,"DeviceRequests":null,"DiskQuota":null,"Dns":null,"DnsOptions":null,"DnsSearch":null,"ExtraHosts":[],"GroupAdd":null,"IpcMode":null,"Cgroup":null,"Links":[],"LogConfig":null,"LxcConf":null,"Memory":null,"MemorySwap":null,"MemoryReservation":null,"KernelMemory":null,"NetworkMode":null,"OomKillDisable":null,"Init":null,"AutoRemove":true,"OomScoreAdj":null,"PortBindings":{"8080/tcp":[{"HostIp":"","HostPort":""}]},"Privileged":true,"PublishAllPorts":null,"ReadonlyRootfs":null,"RestartPolicy":null,"Ulimits":null,"CpuCount":null,"CpuPercent":null,"IOMaximumIOps":null,"IOMaximumBandwidth":null,"VolumesFrom":[],"Mounts":null,"PidMode":null,"Isolation":null,"SecurityOpt":null,"StorageOpt":null,"CgroupParent":null,"VolumeDriver":null,"ShmSize":null,"PidsLimit":null,"Runtime":null,"Tmpfs":null,"UTSMode":null,"UsernsMode":null,"Sysctls":null,"ConsoleSize":null,"CgroupnsMode":null},"Labels":{"org.testcontainers":"true","org.testcontainers.lang":"java","org.testcontainers.version":"1.21.3"},"Shell":null,"NetworkingConfig":null}"
15:49:00 DEBUG c.g.d.z.s.o.a.hc.client5.http.wire - http-outgoing-0 << "HTTP/1.1 201 Created[\r][\n]"
15:49:00 DEBUG c.g.d.z.s.o.a.hc.client5.http.wire - http-outgoing-0 << "Api-Version: 1.54[\r][\n]"
15:49:00 DEBUG c.g.d.z.s.o.a.hc.client5.http.wire - http-outgoing-0 << "Content-Type: application/json[\r][\n]"
15:49:00 DEBUG c.g.d.z.s.o.a.hc.client5.http.wire - http-outgoing-0 << "Date: Mon, 22 Jun 2026 19:49:00 GMT[\r][\n]"
15:49:00 DEBUG c.g.d.z.s.o.a.hc.client5.http.wire - http-outgoing-0 << "Docker-Experimental: false[\r][\n]"
15:49:00 DEBUG c.g.d.z.s.o.a.hc.client5.http.wire - http-outgoing-0 << "Ostype: linux[\r][\n]"
15:49:00 DEBUG c.g.d.z.s.o.a.hc.client5.http.wire - http-outgoing-0 << "Server: Docker/29.4.2 (linux)[\r][\n]"
15:49:00 DEBUG c.g.d.z.s.o.a.hc.client5.http.wire - http-outgoing-0 << "Transfer-Encoding: chunked[\r][\n]"
15:49:00 DEBUG c.g.d.z.s.o.a.hc.client5.http.wire - http-outgoing-0 << "[\r][\n]"
15:49:00 DEBUG c.g.d.z.s.o.a.hc.client5.http.wire - http-outgoing-0 << "58[\r][\n]"
15:49:00 DEBUG c.g.d.z.s.o.a.hc.client5.http.wire - http-outgoing-0 << "{"Id":"8c66c8d4f7c88d517d80df9b91ee85f92ca68d423f29ea86812556e770e44e44","Warnings":[]}[\n]"
15:49:00 DEBUG c.g.d.z.s.o.a.hc.client5.http.wire - http-outgoing-0 << "[\r][\n]"
15:49:00 DEBUG c.g.d.z.s.o.a.hc.client5.http.wire - http-outgoing-0 << "0[\r][\n]"
15:49:00 DEBUG c.g.d.z.s.o.a.hc.client5.http.wire - http-outgoing-0 << "[\r][\n]"
15:49:00 DEBUG c.g.d.z.s.o.a.h.client5.http.headers - http-outgoing-0 << HTTP/1.1 201 Created
15:49:00 DEBUG c.g.d.z.s.o.a.h.client5.http.headers - http-outgoing-0 << Api-Version: 1.54
15:49:00 DEBUG c.g.d.z.s.o.a.h.client5.http.headers - http-outgoing-0 << Content-Type: application/json
15:49:00 DEBUG c.g.d.z.s.o.a.h.client5.http.headers - http-outgoing-0 << Date: Mon, 22 Jun 2026 19:49:00 GMT
15:49:00 DEBUG c.g.d.z.s.o.a.h.client5.http.headers - http-outgoing-0 << Docker-Experimental: false
15:49:00 DEBUG c.g.d.z.s.o.a.h.client5.http.headers - http-outgoing-0 << Ostype: linux
15:49:00 DEBUG c.g.d.z.s.o.a.h.client5.http.headers - http-outgoing-0 << Server: Docker/29.4.2 (linux)
15:49:00 DEBUG c.g.d.z.s.o.a.h.client5.http.headers - http-outgoing-0 << Transfer-Encoding: chunked
15:49:00 DEBUG c.g.d.z.s.o.a.h.c.h.i.c.MainClientExec - ex-00000004: connection can be kept alive for 3 MINUTES
15:49:00 DEBUG c.g.d.z.s.o.a.h.c.h.i.c.InternalHttpClient - ep-00000003: releasing valid endpoint
15:49:00 DEBUG c.g.d.z.s.o.a.h.c.h.i.i.PoolingHttpClientConnectionManager - ep-00000003: releasing endpoint
15:49:00 DEBUG c.g.d.z.s.o.a.h.c.h.i.i.PoolingHttpClientConnectionManager - ep-00000003: connection http-outgoing-0 can be kept alive for 3 MINUTES
15:49:00 DEBUG c.g.d.z.s.o.a.h.c.h.i.i.PoolingHttpClientConnectionManager - ep-00000003: connection released [route: {}->unix://localhost:2375][total available: 1; route allocated: 1 of 2147483647; total allocated: 1 of 2147483647]
15:49:00 DEBUG c.g.d.z.s.o.a.h.c.h.i.c.InternalHttpClient - ex-00000005: preparing request execution
15:49:00 DEBUG c.g.d.z.s.o.a.h.c.h.p.RequestAddCookies - Cookie spec selected: strict
15:49:00 DEBUG c.g.d.z.s.o.a.h.c.h.p.RequestAuthCache - Auth cache not set in the context
15:49:00 DEBUG c.g.d.z.s.o.a.h.c.h.i.c.ProtocolExec - ex-00000005: target auth state: UNCHALLENGED
15:49:00 DEBUG c.g.d.z.s.o.a.h.c.h.i.c.ProtocolExec - ex-00000005: proxy auth state: UNCHALLENGED
15:49:00 DEBUG c.g.d.z.s.o.a.h.c.h.i.c.ConnectExec - ex-00000005: acquiring connection with route {}->unix://localhost:2375
15:49:00 DEBUG c.g.d.z.s.o.a.h.c.h.i.c.InternalHttpClient - ex-00000005: acquiring endpoint (3 MINUTES)
15:49:00 DEBUG c.g.d.z.s.o.a.h.c.h.i.i.PoolingHttpClientConnectionManager - ex-00000005: endpoint lease request (3 MINUTES) [route: {}->unix://localhost:2375][total available: 1; route allocated: 1 of 2147483647; total allocated: 1 of 2147483647]
15:49:00 DEBUG c.g.d.z.s.o.a.h.c.h.i.i.PoolingHttpClientConnectionManager - ex-00000005: endpoint leased [route: {}->unix://localhost:2375][total available: 0; route allocated: 1 of 2147483647; total allocated: 1 of 2147483647]
15:49:00 DEBUG c.g.d.z.s.o.a.h.c.h.i.i.PoolingHttpClientConnectionManager - ex-00000005: acquired ep-00000004
15:49:00 DEBUG c.g.d.z.s.o.a.h.c.h.i.c.InternalHttpClient - ex-00000005: acquired endpoint ep-00000004
15:49:00 DEBUG c.g.d.z.s.o.a.h.c.h.i.c.MainClientExec - ex-00000005: executing POST /v1.32/containers/8c66c8d4f7c88d517d80df9b91ee85f92ca68d423f29ea86812556e770e44e44/start HTTP/1.1
15:49:00 DEBUG c.g.d.z.s.o.a.h.c.h.i.c.InternalHttpClient - ep-00000004: start execution ex-00000005
15:49:00 DEBUG c.g.d.z.s.o.a.h.c.h.i.i.PoolingHttpClientConnectionManager - ep-00000004: executing exchange ex-00000005 over http-outgoing-0
15:49:00 DEBUG c.g.d.z.s.o.a.h.client5.http.headers - http-outgoing-0 >> POST /v1.32/containers/8c66c8d4f7c88d517d80df9b91ee85f92ca68d423f29ea86812556e770e44e44/start HTTP/1.1
15:49:00 DEBUG c.g.d.z.s.o.a.h.client5.http.headers - http-outgoing-0 >> accept: application/json
15:49:00 DEBUG c.g.d.z.s.o.a.h.client5.http.headers - http-outgoing-0 >> content-type: application/json
15:49:00 DEBUG c.g.d.z.s.o.a.h.client5.http.headers - http-outgoing-0 >> x-tc-sid: 6dd1bf8b-74d5-4979-9435-d07275ccf2f7
15:49:00 DEBUG c.g.d.z.s.o.a.h.client5.http.headers - http-outgoing-0 >> User-Agent: tc-java/1.21.3
15:49:00 DEBUG c.g.d.z.s.o.a.h.client5.http.headers - http-outgoing-0 >> Accept-Encoding: gzip, x-gzip, deflate
15:49:00 DEBUG c.g.d.z.s.o.a.h.client5.http.headers - http-outgoing-0 >> Host: localhost:2375
15:49:00 DEBUG c.g.d.z.s.o.a.h.client5.http.headers - http-outgoing-0 >> Connection: keep-alive
15:49:00 DEBUG c.g.d.z.s.o.a.hc.client5.http.wire - http-outgoing-0 >> "POST /v1.32/containers/8c66c8d4f7c88d517d80df9b91ee85f92ca68d423f29ea86812556e770e44e44/start HTTP/1.1[\r][\n]"
15:49:00 DEBUG c.g.d.z.s.o.a.hc.client5.http.wire - http-outgoing-0 >> "accept: application/json[\r][\n]"
15:49:00 DEBUG c.g.d.z.s.o.a.hc.client5.http.wire - http-outgoing-0 >> "content-type: application/json[\r][\n]"
15:49:00 DEBUG c.g.d.z.s.o.a.hc.client5.http.wire - http-outgoing-0 >> "x-tc-sid: 6dd1bf8b-74d5-4979-9435-d07275ccf2f7[\r][\n]"
15:49:00 DEBUG c.g.d.z.s.o.a.hc.client5.http.wire - http-outgoing-0 >> "User-Agent: tc-java/1.21.3[\r][\n]"
15:49:00 DEBUG c.g.d.z.s.o.a.hc.client5.http.wire - http-outgoing-0 >> "Accept-Encoding: gzip, x-gzip, deflate[\r][\n]"
15:49:00 DEBUG c.g.d.z.s.o.a.hc.client5.http.wire - http-outgoing-0 >> "Host: localhost:2375[\r][\n]"
15:49:00 DEBUG c.g.d.z.s.o.a.hc.client5.http.wire - http-outgoing-0 >> "Connection: keep-alive[\r][\n]"
15:49:00 DEBUG c.g.d.z.s.o.a.hc.client5.http.wire - http-outgoing-0 >> "[\r][\n]"
15:49:00 DEBUG c.g.d.z.s.o.a.hc.client5.http.wire - http-outgoing-0 << "HTTP/1.1 204 No Content[\r][\n]"
15:49:00 DEBUG c.g.d.z.s.o.a.hc.client5.http.wire - http-outgoing-0 << "Api-Version: 1.54[\r][\n]"
15:49:00 DEBUG c.g.d.z.s.o.a.hc.client5.http.wire - http-outgoing-0 << "Date: Mon, 22 Jun 2026 19:49:00 GMT[\r][\n]"
15:49:00 DEBUG c.g.d.z.s.o.a.hc.client5.http.wire - http-outgoing-0 << "Docker-Experimental: false[\r][\n]"
15:49:00 DEBUG c.g.d.z.s.o.a.hc.client5.http.wire - http-outgoing-0 << "Ostype: linux[\r][\n]"
15:49:00 DEBUG c.g.d.z.s.o.a.hc.client5.http.wire - http-outgoing-0 << "Server: Docker/29.4.2 (linux)[\r][\n]"
15:49:00 DEBUG c.g.d.z.s.o.a.hc.client5.http.wire - http-outgoing-0 << "[\r][\n]"
15:49:00 DEBUG c.g.d.z.s.o.a.h.client5.http.headers - http-outgoing-0 << HTTP/1.1 204 No Content
15:49:00 DEBUG c.g.d.z.s.o.a.h.client5.http.headers - http-outgoing-0 << Api-Version: 1.54
15:49:00 DEBUG c.g.d.z.s.o.a.h.client5.http.headers - http-outgoing-0 << Date: Mon, 22 Jun 2026 19:49:00 GMT
15:49:00 DEBUG c.g.d.z.s.o.a.h.client5.http.headers - http-outgoing-0 << Docker-Experimental: false
15:49:00 DEBUG c.g.d.z.s.o.a.h.client5.http.headers - http-outgoing-0 << Ostype: linux
15:49:00 DEBUG c.g.d.z.s.o.a.h.client5.http.headers - http-outgoing-0 << Server: Docker/29.4.2 (linux)
15:49:00 DEBUG c.g.d.z.s.o.a.h.c.h.i.c.MainClientExec - ex-00000005: connection can be kept alive for 3 MINUTES
15:49:00 DEBUG c.g.d.z.s.o.a.h.c.h.i.c.InternalHttpClient - ep-00000004: releasing valid endpoint
15:49:00 DEBUG c.g.d.z.s.o.a.h.c.h.i.i.PoolingHttpClientConnectionManager - ep-00000004: releasing endpoint
15:49:00 DEBUG c.g.d.z.s.o.a.h.c.h.i.i.PoolingHttpClientConnectionManager - ep-00000004: connection http-outgoing-0 can be kept alive for 3 MINUTES
15:49:00 DEBUG c.g.d.z.s.o.a.h.c.h.i.i.PoolingHttpClientConnectionManager - ep-00000004: connection released [route: {}->unix://localhost:2375][total available: 1; route allocated: 1 of 2147483647; total allocated: 1 of 2147483647]
15:49:00 DEBUG c.g.d.z.s.o.a.h.c.h.i.c.InternalHttpClient - ex-00000006: preparing request execution
15:49:00 DEBUG c.g.d.z.s.o.a.h.c.h.p.RequestAddCookies - Cookie spec selected: strict
15:49:00 DEBUG c.g.d.z.s.o.a.h.c.h.p.RequestAuthCache - Auth cache not set in the context
15:49:00 DEBUG c.g.d.z.s.o.a.h.c.h.i.c.ProtocolExec - ex-00000006: target auth state: UNCHALLENGED
15:49:00 DEBUG c.g.d.z.s.o.a.h.c.h.i.c.ProtocolExec - ex-00000006: proxy auth state: UNCHALLENGED
15:49:00 DEBUG c.g.d.z.s.o.a.h.c.h.i.c.ConnectExec - ex-00000006: acquiring connection with route {}->unix://localhost:2375
15:49:00 DEBUG c.g.d.z.s.o.a.h.c.h.i.c.InternalHttpClient - ex-00000006: acquiring endpoint (3 MINUTES)
15:49:00 DEBUG c.g.d.z.s.o.a.h.c.h.i.i.PoolingHttpClientConnectionManager - ex-00000006: endpoint lease request (3 MINUTES) [route: {}->unix://localhost:2375][total available: 1; route allocated: 1 of 2147483647; total allocated: 1 of 2147483647]
15:49:00 DEBUG c.g.d.z.s.o.a.h.c.h.i.i.PoolingHttpClientConnectionManager - ex-00000006: endpoint leased [route: {}->unix://localhost:2375][total available: 0; route allocated: 1 of 2147483647; total allocated: 1 of 2147483647]
15:49:00 DEBUG c.g.d.z.s.o.a.h.c.h.i.i.PoolingHttpClientConnectionManager - ex-00000006: acquired ep-00000005
15:49:00 DEBUG c.g.d.z.s.o.a.h.c.h.i.c.InternalHttpClient - ex-00000006: acquired endpoint ep-00000005
15:49:00 DEBUG c.g.d.z.s.o.a.h.c.h.i.c.MainClientExec - ex-00000006: executing GET /v1.32/containers/8c66c8d4f7c88d517d80df9b91ee85f92ca68d423f29ea86812556e770e44e44/json HTTP/1.1
15:49:00 DEBUG c.g.d.z.s.o.a.h.c.h.i.c.InternalHttpClient - ep-00000005: start execution ex-00000006
15:49:00 DEBUG c.g.d.z.s.o.a.h.c.h.i.i.PoolingHttpClientConnectionManager - ep-00000005: executing exchange ex-00000006 over http-outgoing-0
15:49:00 DEBUG c.g.d.z.s.o.a.h.client5.http.headers - http-outgoing-0 >> GET /v1.32/containers/8c66c8d4f7c88d517d80df9b91ee85f92ca68d423f29ea86812556e770e44e44/json HTTP/1.1
15:49:00 DEBUG c.g.d.z.s.o.a.h.client5.http.headers - http-outgoing-0 >> accept: application/json
15:49:00 DEBUG c.g.d.z.s.o.a.h.client5.http.headers - http-outgoing-0 >> x-tc-sid: 6dd1bf8b-74d5-4979-9435-d07275ccf2f7
15:49:00 DEBUG c.g.d.z.s.o.a.h.client5.http.headers - http-outgoing-0 >> User-Agent: tc-java/1.21.3
15:49:00 DEBUG c.g.d.z.s.o.a.h.client5.http.headers - http-outgoing-0 >> Accept-Encoding: gzip, x-gzip, deflate
15:49:00 DEBUG c.g.d.z.s.o.a.h.client5.http.headers - http-outgoing-0 >> Host: localhost:2375
15:49:00 DEBUG c.g.d.z.s.o.a.h.client5.http.headers - http-outgoing-0 >> Connection: keep-alive
15:49:00 DEBUG c.g.d.z.s.o.a.hc.client5.http.wire - http-outgoing-0 >> "GET /v1.32/containers/8c66c8d4f7c88d517d80df9b91ee85f92ca68d423f29ea86812556e770e44e44/json HTTP/1.1[\r][\n]"
15:49:00 DEBUG c.g.d.z.s.o.a.hc.client5.http.wire - http-outgoing-0 >> "accept: application/json[\r][\n]"
15:49:00 DEBUG c.g.d.z.s.o.a.hc.client5.http.wire - http-outgoing-0 >> "x-tc-sid: 6dd1bf8b-74d5-4979-9435-d07275ccf2f7[\r][\n]"
15:49:00 DEBUG c.g.d.z.s.o.a.hc.client5.http.wire - http-outgoing-0 >> "User-Agent: tc-java/1.21.3[\r][\n]"
15:49:00 DEBUG c.g.d.z.s.o.a.hc.client5.http.wire - http-outgoing-0 >> "Accept-Encoding: gzip, x-gzip, deflate[\r][\n]"
15:49:00 DEBUG c.g.d.z.s.o.a.hc.client5.http.wire - http-outgoing-0 >> "Host: localhost:2375[\r][\n]"
15:49:00 DEBUG c.g.d.z.s.o.a.hc.client5.http.wire - http-outgoing-0 >> "Connection: keep-alive[\r][\n]"
15:49:00 DEBUG c.g.d.z.s.o.a.hc.client5.http.wire - http-outgoing-0 >> "[\r][\n]"
15:49:00 DEBUG c.g.d.z.s.o.a.hc.client5.http.wire - http-outgoing-0 << "HTTP/1.1 200 OK[\r][\n]"
15:49:00 DEBUG c.g.d.z.s.o.a.hc.client5.http.wire - http-outgoing-0 << "Api-Version: 1.54[\r][\n]"
15:49:00 DEBUG c.g.d.z.s.o.a.hc.client5.http.wire - http-outgoing-0 << "Content-Type: application/json[\r][\n]"
15:49:00 DEBUG c.g.d.z.s.o.a.hc.client5.http.wire - http-outgoing-0 << "Date: Mon, 22 Jun 2026 19:49:00 GMT[\r][\n]"
15:49:00 DEBUG c.g.d.z.s.o.a.hc.client5.http.wire - http-outgoing-0 << "Docker-Experimental: false[\r][\n]"
15:49:00 DEBUG c.g.d.z.s.o.a.hc.client5.http.wire - http-outgoing-0 << "Ostype: linux[\r][\n]"
15:49:00 DEBUG c.g.d.z.s.o.a.hc.client5.http.wire - http-outgoing-0 << "Server: Docker/29.4.2 (linux)[\r][\n]"
15:49:00 DEBUG c.g.d.z.s.o.a.hc.client5.http.wire - http-outgoing-0 << "Transfer-Encoding: chunked[\r][\n]"
15:49:00 DEBUG c.g.d.z.s.o.a.hc.client5.http.wire - http-outgoing-0 << "[\r][\n]"
15:49:00 DEBUG c.g.d.z.s.o.a.hc.client5.http.wire - http-outgoing-0 << "f59[\r][\n]"
15:49:00 DEBUG c.g.d.z.s.o.a.hc.client5.http.wire - http-outgoing-0 << "{"Id":"8c66c8d4f7c88d517d80df9b91ee85f92ca68d423f29ea86812556e770e44e44","Created":"2026-06-22T19:49:00.275336593Z","Path":"/bin/ryuk","Args":[],"State":{"Status":"running","Running":true,"Paused":false,"Restarting":false,"OOMKilled":false,"Dead":false,"Pid":145864,"ExitCode":0,"Error":"","StartedAt":"2026-06-22T19:49:00.307999759Z","FinishedAt":"0001-01-01T00:00:00Z"},"Image":"sha256:dd3f023a6ed7015b3f95a49ccd65a2daf0c56e681422c12952b19a810dfa6298","ResolvConfPath":"/var/lib/docker/containers/8c66c8d4f7c88d517d80df9b91ee85f92ca68d423f29ea86812556e770e44e44/resolv.conf","HostnamePath":"/var/lib/docker/containers/8c66c8d4f7c88d517d80df9b91ee85f92ca68d423f29ea86812556e770e44e44/hostname","HostsPath":"/var/lib/docker/containers/8c66c8d4f7c88d517d80df9b91ee85f92ca68d423f29ea86812556e770e44e44/hosts","LogPath":"/var/lib/docker/containers/8c66c8d4f7c88d517d80df9b91ee85f92ca68d423f29ea86812556e770e44e44/8c66c8d4f7c88d517d80df9b91ee85f92ca68d423f29ea86812556e770e44e44-json.log","Name":"/testcontainers-ryuk-6dd1bf8b-74d5-4979-9435-d07275ccf2f7","RestartCount":0,"Driver":"overlayfs","Platform":"linux","MountLabel":"","ProcessLabel":"","AppArmorProfile":"","ExecIDs":null,"HostConfig":{"Binds":["/tmp/docker-proxy.sock:/var/run/docker.sock:rw"],"ContainerIDFile":"","LogConfig":{"Type":"json-file","Config":{}},"NetworkMode":"bridge","PortBindings":{"8080/tcp":[{"HostIp":"","HostPort":""}]},"RestartPolicy":{"Name":"no","MaximumRetryCount":0},"AutoRemove":true,"VolumeDriver":"","VolumesFrom":[],"ConsoleSize":[0,0],"CapAdd":null,"CapDrop":null,"CgroupnsMode":"private","Dns":null,"DnsOptions":null,"DnsSearch":null,"ExtraHosts":[],"GroupAdd":null,"IpcMode":"private","Cgroup":"","Links":null,"OomScoreAdj":0,"PidMode":"","Privileged":true,"PublishAllPorts":false,"ReadonlyRootfs":false,"SecurityOpt":["label=disable"],"UTSMode":"","UsernsMode":"","ShmSize":67108864,"Runtime":"runc","Isolation":"","CpuShares":0,"Memory":0,"NanoCpus":0,"CgroupParent":"","BlkioWeight":0,"BlkioWeightDevice":null,"BlkioDeviceReadBps":null,"BlkioDeviceWriteBps":null,"BlkioDeviceReadIOps":null,"BlkioDeviceWriteIOps":null,"CpuPeriod":0,"CpuQuota":0,"CpuRealtimePeriod":0,"CpuRealtimeRuntime":0,"CpusetCpus":"","CpusetMems":"","Devices":null,"DeviceCgroupRules":null,"DeviceRequests":null,"MemoryReservation":0,"MemorySwap":0,"MemorySwappiness":null,"OomKillDisable":null,"PidsLimit":null,"Ulimits":null,"CpuCount":0,"CpuPercent":0,"IOMaximumIOps":0,"IOMaximumBandwidth":0,"MaskedPaths":null,"ReadonlyPaths":null},"GraphDriver":{"Data":null,"Name":"overlayfs"},"Mounts":[{"Type":"bind","Source":"/tmp/docker-proxy.sock","Destination":"/var/run/docker.sock","Mode":"rw","RW":true,"Propagation":"rprivate"}],"Config":{"Hostname":"8c66c8d4f7c8","Domainname":"","User":"","AttachStdin":false,"AttachStdout":false,"AttachStderr":false,"ExposedPorts":{"8080/tcp":{}},"Tty":false,"OpenStdin":false,"StdinOnce":false,"Env":["PATH=/usr/local/sbin:/usr/local/bin:/usr/sbin:/usr/bin:/sbin:/bin"],"Cmd":["/bin/ryuk"],"Image":"testcontainers/ryuk:0.12.0","Volumes":null,"WorkingDir":"/","Entrypoint":null,"Labels":{"org.testcontainers":"true","org.testcontainers.lang":"java","org.testcontainers.ryuk":"true","org.testcontainers.version":"1.21.3"},"StopTimeout":1},"NetworkSettings":{"SandboxID":"3a0950c8f5cfd24b48e8026888539b15855d0dd0e26dc5f20613c03940704e90","SandboxKey":"/var/run/docker/netns/3a0950c8f5cf","Ports":{"8080/tcp":[{"HostIp":"0.0.0.0","HostPort":"54286"},{"HostIp":"::","HostPort":"54286"}]},"Networks":{"bridge":{"IPAMConfig":null,"Links":null,"Aliases":null,"DriverOpts":null,"GwPriority":0,"NetworkID":"05829862c1a186bbd04e0394ded4b4096f5633e9abb05bd351a07912293c2921","EndpointID":"9b4835a7930366554ee2071d4437d349ef479c3b3722a8a2c7fb5fb767dcecdb","Gateway":"172.17.0.1","IPAddress":"172.17.0.2","MacAddress":"32:90:db:c8:8a:2e","IPPrefixLen":16,"IPv6Gateway":"","GlobalIPv6Address":"","GlobalIPv6PrefixLen":0,"DNSNames":null}}}}[\n]"
15:49:00 DEBUG c.g.d.z.s.o.a.hc.client5.http.wire - http-outgoing-0 << "[\r][\n]"
15:49:00 DEBUG c.g.d.z.s.o.a.h.client5.http.headers - http-outgoing-0 << HTTP/1.1 200 OK
15:49:00 DEBUG c.g.d.z.s.o.a.h.client5.http.headers - http-outgoing-0 << Api-Version: 1.54
15:49:00 DEBUG c.g.d.z.s.o.a.h.client5.http.headers - http-outgoing-0 << Content-Type: application/json
15:49:00 DEBUG c.g.d.z.s.o.a.h.client5.http.headers - http-outgoing-0 << Date: Mon, 22 Jun 2026 19:49:00 GMT
15:49:00 DEBUG c.g.d.z.s.o.a.h.client5.http.headers - http-outgoing-0 << Docker-Experimental: false
15:49:00 DEBUG c.g.d.z.s.o.a.h.client5.http.headers - http-outgoing-0 << Ostype: linux
15:49:00 DEBUG c.g.d.z.s.o.a.h.client5.http.headers - http-outgoing-0 << Server: Docker/29.4.2 (linux)
15:49:00 DEBUG c.g.d.z.s.o.a.h.client5.http.headers - http-outgoing-0 << Transfer-Encoding: chunked
15:49:00 DEBUG c.g.d.z.s.o.a.h.c.h.i.c.MainClientExec - ex-00000006: connection can be kept alive for 3 MINUTES
15:49:00 DEBUG c.g.d.z.s.o.a.hc.client5.http.wire - http-outgoing-0 << "0[\r][\n]"
15:49:00 DEBUG c.g.d.z.s.o.a.hc.client5.http.wire - http-outgoing-0 << "[\r][\n]"
15:49:00 DEBUG c.g.d.z.s.o.a.h.c.h.i.c.InternalHttpClient - ep-00000005: releasing valid endpoint
15:49:00 DEBUG c.g.d.z.s.o.a.h.c.h.i.i.PoolingHttpClientConnectionManager - ep-00000005: releasing endpoint
15:49:00 DEBUG c.g.d.z.s.o.a.h.c.h.i.i.PoolingHttpClientConnectionManager - ep-00000005: connection http-outgoing-0 can be kept alive for 3 MINUTES
15:49:00 DEBUG c.g.d.z.s.o.a.h.c.h.i.i.PoolingHttpClientConnectionManager - ep-00000005: connection released [route: {}->unix://localhost:2375][total available: 1; route allocated: 1 of 2147483647; total allocated: 1 of 2147483647]
15:49:00 DEBUG c.g.d.z.s.o.a.h.c.h.i.c.InternalHttpClient - ex-00000007: preparing request execution
15:49:00 DEBUG c.g.d.z.s.o.a.h.c.h.p.RequestAddCookies - Cookie spec selected: strict
15:49:00 DEBUG c.g.d.z.s.o.a.h.c.h.p.RequestAuthCache - Auth cache not set in the context
15:49:00 DEBUG c.g.d.z.s.o.a.h.c.h.i.c.ProtocolExec - ex-00000007: target auth state: UNCHALLENGED
15:49:00 DEBUG c.g.d.z.s.o.a.h.c.h.i.c.ProtocolExec - ex-00000007: proxy auth state: UNCHALLENGED
15:49:00 DEBUG c.g.d.z.s.o.a.h.c.h.i.c.ConnectExec - ex-00000007: acquiring connection with route {}->unix://localhost:2375
15:49:00 DEBUG c.g.d.z.s.o.a.h.c.h.i.c.InternalHttpClient - ex-00000007: acquiring endpoint (3 MINUTES)
15:49:00 DEBUG c.g.d.z.s.o.a.h.c.h.i.i.PoolingHttpClientConnectionManager - ex-00000007: endpoint lease request (3 MINUTES) [route: {}->unix://localhost:2375][total available: 1; route allocated: 1 of 2147483647; total allocated: 1 of 2147483647]
15:49:00 DEBUG c.g.d.z.s.o.a.h.c.h.i.i.PoolingHttpClientConnectionManager - ex-00000007: endpoint leased [route: {}->unix://localhost:2375][total available: 0; route allocated: 1 of 2147483647; total allocated: 1 of 2147483647]
15:49:00 DEBUG c.g.d.z.s.o.a.h.c.h.i.i.PoolingHttpClientConnectionManager - ex-00000007: acquired ep-00000006
15:49:00 DEBUG c.g.d.z.s.o.a.h.c.h.i.c.InternalHttpClient - ex-00000007: acquired endpoint ep-00000006
15:49:00 DEBUG c.g.d.z.s.o.a.h.c.h.i.c.MainClientExec - ex-00000007: executing GET /v1.32/images/sha256:dd3f023a6ed7015b3f95a49ccd65a2daf0c56e681422c12952b19a810dfa6298/json HTTP/1.1
15:49:00 DEBUG c.g.d.z.s.o.a.h.c.h.i.c.InternalHttpClient - ep-00000006: start execution ex-00000007
15:49:00 DEBUG c.g.d.z.s.o.a.h.c.h.i.i.PoolingHttpClientConnectionManager - ep-00000006: executing exchange ex-00000007 over http-outgoing-0
15:49:00 DEBUG c.g.d.z.s.o.a.h.client5.http.headers - http-outgoing-0 >> GET /v1.32/images/sha256:dd3f023a6ed7015b3f95a49ccd65a2daf0c56e681422c12952b19a810dfa6298/json HTTP/1.1
15:49:00 DEBUG c.g.d.z.s.o.a.h.client5.http.headers - http-outgoing-0 >> accept: application/json
15:49:00 DEBUG c.g.d.z.s.o.a.h.client5.http.headers - http-outgoing-0 >> x-tc-sid: 6dd1bf8b-74d5-4979-9435-d07275ccf2f7
15:49:00 DEBUG c.g.d.z.s.o.a.h.client5.http.headers - http-outgoing-0 >> User-Agent: tc-java/1.21.3
15:49:00 DEBUG c.g.d.z.s.o.a.h.client5.http.headers - http-outgoing-0 >> Accept-Encoding: gzip, x-gzip, deflate
15:49:00 DEBUG c.g.d.z.s.o.a.h.client5.http.headers - http-outgoing-0 >> Host: localhost:2375
15:49:00 DEBUG c.g.d.z.s.o.a.h.client5.http.headers - http-outgoing-0 >> Connection: keep-alive
15:49:00 DEBUG c.g.d.z.s.o.a.hc.client5.http.wire - http-outgoing-0 >> "GET /v1.32/images/sha256:dd3f023a6ed7015b3f95a49ccd65a2daf0c56e681422c12952b19a810dfa6298/json HTTP/1.1[\r][\n]"
15:49:00 DEBUG c.g.d.z.s.o.a.hc.client5.http.wire - http-outgoing-0 >> "accept: application/json[\r][\n]"
15:49:00 DEBUG c.g.d.z.s.o.a.hc.client5.http.wire - http-outgoing-0 >> "x-tc-sid: 6dd1bf8b-74d5-4979-9435-d07275ccf2f7[\r][\n]"
15:49:00 DEBUG c.g.d.z.s.o.a.hc.client5.http.wire - http-outgoing-0 >> "User-Agent: tc-java/1.21.3[\r][\n]"
15:49:00 DEBUG c.g.d.z.s.o.a.hc.client5.http.wire - http-outgoing-0 >> "Accept-Encoding: gzip, x-gzip, deflate[\r][\n]"
15:49:00 DEBUG c.g.d.z.s.o.a.hc.client5.http.wire - http-outgoing-0 >> "Host: localhost:2375[\r][\n]"
15:49:00 DEBUG c.g.d.z.s.o.a.hc.client5.http.wire - http-outgoing-0 >> "Connection: keep-alive[\r][\n]"
15:49:00 DEBUG c.g.d.z.s.o.a.hc.client5.http.wire - http-outgoing-0 >> "[\r][\n]"
15:49:00 DEBUG c.g.d.z.s.o.a.hc.client5.http.wire - http-outgoing-0 << "HTTP/1.1 200 OK[\r][\n]"
15:49:00 DEBUG c.g.d.z.s.o.a.hc.client5.http.wire - http-outgoing-0 << "Api-Version: 1.54[\r][\n]"
15:49:00 DEBUG c.g.d.z.s.o.a.hc.client5.http.wire - http-outgoing-0 << "Content-Type: application/json[\r][\n]"
15:49:00 DEBUG c.g.d.z.s.o.a.hc.client5.http.wire - http-outgoing-0 << "Date: Mon, 22 Jun 2026 19:49:00 GMT[\r][\n]"
15:49:00 DEBUG c.g.d.z.s.o.a.hc.client5.http.wire - http-outgoing-0 << "Docker-Experimental: false[\r][\n]"
15:49:00 DEBUG c.g.d.z.s.o.a.hc.client5.http.wire - http-outgoing-0 << "Ostype: linux[\r][\n]"
15:49:00 DEBUG c.g.d.z.s.o.a.hc.client5.http.wire - http-outgoing-0 << "Server: Docker/29.4.2 (linux)[\r][\n]"
15:49:00 DEBUG c.g.d.z.s.o.a.hc.client5.http.wire - http-outgoing-0 << "Transfer-Encoding: chunked[\r][\n]"
15:49:00 DEBUG c.g.d.z.s.o.a.hc.client5.http.wire - http-outgoing-0 << "[\r][\n]"
15:49:00 DEBUG c.g.d.z.s.o.a.h.client5.http.headers - http-outgoing-0 << HTTP/1.1 200 OK
15:49:00 DEBUG c.g.d.z.s.o.a.h.client5.http.headers - http-outgoing-0 << Api-Version: 1.54
15:49:00 DEBUG c.g.d.z.s.o.a.h.client5.http.headers - http-outgoing-0 << Content-Type: application/json
15:49:00 DEBUG c.g.d.z.s.o.a.h.client5.http.headers - http-outgoing-0 << Date: Mon, 22 Jun 2026 19:49:00 GMT
15:49:00 DEBUG c.g.d.z.s.o.a.h.client5.http.headers - http-outgoing-0 << Docker-Experimental: false
15:49:00 DEBUG c.g.d.z.s.o.a.h.client5.http.headers - http-outgoing-0 << Ostype: linux
15:49:00 DEBUG c.g.d.z.s.o.a.h.client5.http.headers - http-outgoing-0 << Server: Docker/29.4.2 (linux)
15:49:00 DEBUG c.g.d.z.s.o.a.h.client5.http.headers - http-outgoing-0 << Transfer-Encoding: chunked
15:49:00 DEBUG c.g.d.z.s.o.a.h.c.h.i.c.MainClientExec - ex-00000007: connection can be kept alive for 3 MINUTES
15:49:00 DEBUG c.g.d.z.s.o.a.hc.client5.http.wire - http-outgoing-0 << "4ce[\r][\n]"
15:49:00 DEBUG c.g.d.z.s.o.a.hc.client5.http.wire - http-outgoing-0 << "{"Architecture":"arm64","Author":"","Comment":"buildkit.dockerfile.v0","Config":{"ArgsEscaped":true,"AttachStderr":false,"AttachStdin":false,"AttachStdout":false,"Cmd":["/bin/ryuk"],"Domainname":"","Entrypoint":null,"Env":["PATH=/usr/local/sbin:/usr/local/bin:/usr/sbin:/usr/bin:/sbin:/bin"],"Hostname":"","Image":"","Labels":{"org.testcontainers.ryuk":"true"},"OnBuild":null,"OpenStdin":false,"StdinOnce":false,"Tty":false,"User":"","Volumes":null,"WorkingDir":"/"},"Container":"","ContainerConfig":null,"Created":"2025-06-02T12:47:34.697652416Z","DockerVersion":"","GraphDriver":{"Data":null,"Name":"overlayfs"},"Id":"sha256:dd3f023a6ed7015b3f95a49ccd65a2daf0c56e681422c12952b19a810dfa6298","Metadata":{"LastTagTime":"2026-06-10T03:51:09.297628299Z"},"Os":"linux","Parent":"","RepoDigests":["testcontainers/ryuk@sha256:dd3f023a6ed7015b3f95a49ccd65a2daf0c56e681422c12952b19a810dfa6298"],"RepoTags":["testcontainers/ryuk:0.12.0"],"RootFS":{"Layers":["sha256:1231a673589ac9e2f8a98ed916d1fa8301b36a44dd14fc40eba5a05905da69f1","sha256:905c1efa80048fe705103e46e80ee5855357126fc60447249b9dd977d868a937","sha256:00a35fa2f388257264928ce19accdacadae52cfb6ef15aea92f55e9a29888ed0"],"Type":"layers"},"Size":11735197,"VirtualSize":11735197}[\n]"
15:49:00 DEBUG c.g.d.z.s.o.a.hc.client5.http.wire - http-outgoing-0 << "[\r][\n]"
15:49:00 DEBUG c.g.d.z.s.o.a.hc.client5.http.wire - http-outgoing-0 << "0[\r][\n]"
15:49:00 DEBUG c.g.d.z.s.o.a.hc.client5.http.wire - http-outgoing-0 << "[\r][\n]"
15:49:00 DEBUG c.g.d.z.s.o.a.h.c.h.i.c.InternalHttpClient - ep-00000006: releasing valid endpoint
15:49:00 DEBUG c.g.d.z.s.o.a.h.c.h.i.i.PoolingHttpClientConnectionManager - ep-00000006: releasing endpoint
15:49:00 DEBUG c.g.d.z.s.o.a.h.c.h.i.i.PoolingHttpClientConnectionManager - ep-00000006: connection http-outgoing-0 can be kept alive for 3 MINUTES
15:49:00 DEBUG c.g.d.z.s.o.a.h.c.h.i.i.PoolingHttpClientConnectionManager - ep-00000006: connection released [route: {}->unix://localhost:2375][total available: 1; route allocated: 1 of 2147483647; total allocated: 1 of 2147483647]
15:49:00 DEBUG c.g.d.z.s.o.a.h.c.h.i.c.InternalHttpClient - ex-00000008: preparing request execution
15:49:00 DEBUG c.g.d.z.s.o.a.h.c.h.p.RequestAddCookies - Cookie spec selected: strict
15:49:00 DEBUG c.g.d.z.s.o.a.h.c.h.p.RequestAuthCache - Auth cache not set in the context
15:49:00 DEBUG c.g.d.z.s.o.a.h.c.h.i.c.ProtocolExec - ex-00000008: target auth state: UNCHALLENGED
15:49:00 DEBUG c.g.d.z.s.o.a.h.c.h.i.c.ProtocolExec - ex-00000008: proxy auth state: UNCHALLENGED
15:49:00 DEBUG c.g.d.z.s.o.a.h.c.h.i.c.ConnectExec - ex-00000008: acquiring connection with route {}->unix://localhost:2375
15:49:00 DEBUG c.g.d.z.s.o.a.h.c.h.i.c.InternalHttpClient - ex-00000008: acquiring endpoint (3 MINUTES)
15:49:00 DEBUG c.g.d.z.s.o.a.h.c.h.i.i.PoolingHttpClientConnectionManager - ex-00000008: endpoint lease request (3 MINUTES) [route: {}->unix://localhost:2375][total available: 1; route allocated: 1 of 2147483647; total allocated: 1 of 2147483647]
15:49:00 DEBUG c.g.d.z.s.o.a.h.c.h.i.i.PoolingHttpClientConnectionManager - ex-00000008: endpoint leased [route: {}->unix://localhost:2375][total available: 0; route allocated: 1 of 2147483647; total allocated: 1 of 2147483647]
15:49:00 DEBUG c.g.d.z.s.o.a.h.c.h.i.i.PoolingHttpClientConnectionManager - ex-00000008: acquired ep-00000007
15:49:00 DEBUG c.g.d.z.s.o.a.h.c.h.i.c.InternalHttpClient - ex-00000008: acquired endpoint ep-00000007
15:49:00 DEBUG c.g.d.z.s.o.a.h.c.h.i.c.MainClientExec - ex-00000008: executing GET /v1.32/version HTTP/1.1
15:49:00 DEBUG c.g.d.z.s.o.a.h.c.h.i.c.InternalHttpClient - ep-00000007: start execution ex-00000008
15:49:00 DEBUG c.g.d.z.s.o.a.h.c.h.i.i.PoolingHttpClientConnectionManager - ep-00000007: executing exchange ex-00000008 over http-outgoing-0
15:49:00 DEBUG c.g.d.z.s.o.a.h.client5.http.headers - http-outgoing-0 >> GET /v1.32/version HTTP/1.1
15:49:00 DEBUG c.g.d.z.s.o.a.h.client5.http.headers - http-outgoing-0 >> accept: application/json
15:49:00 DEBUG c.g.d.z.s.o.a.h.client5.http.headers - http-outgoing-0 >> x-tc-sid: 6dd1bf8b-74d5-4979-9435-d07275ccf2f7
15:49:00 DEBUG c.g.d.z.s.o.a.h.client5.http.headers - http-outgoing-0 >> User-Agent: tc-java/1.21.3
15:49:00 DEBUG c.g.d.z.s.o.a.h.client5.http.headers - http-outgoing-0 >> Accept-Encoding: gzip, x-gzip, deflate
15:49:00 DEBUG c.g.d.z.s.o.a.h.client5.http.headers - http-outgoing-0 >> Host: localhost:2375
15:49:00 DEBUG c.g.d.z.s.o.a.h.client5.http.headers - http-outgoing-0 >> Connection: keep-alive
15:49:00 DEBUG c.g.d.z.s.o.a.hc.client5.http.wire - http-outgoing-0 >> "GET /v1.32/version HTTP/1.1[\r][\n]"
15:49:00 DEBUG c.g.d.z.s.o.a.hc.client5.http.wire - http-outgoing-0 >> "accept: application/json[\r][\n]"
15:49:00 DEBUG c.g.d.z.s.o.a.hc.client5.http.wire - http-outgoing-0 >> "x-tc-sid: 6dd1bf8b-74d5-4979-9435-d07275ccf2f7[\r][\n]"
15:49:00 DEBUG c.g.d.z.s.o.a.hc.client5.http.wire - http-outgoing-0 >> "User-Agent: tc-java/1.21.3[\r][\n]"
15:49:00 DEBUG c.g.d.z.s.o.a.hc.client5.http.wire - http-outgoing-0 >> "Accept-Encoding: gzip, x-gzip, deflate[\r][\n]"
15:49:00 DEBUG c.g.d.z.s.o.a.hc.client5.http.wire - http-outgoing-0 >> "Host: localhost:2375[\r][\n]"
15:49:00 DEBUG c.g.d.z.s.o.a.hc.client5.http.wire - http-outgoing-0 >> "Connection: keep-alive[\r][\n]"
15:49:00 DEBUG c.g.d.z.s.o.a.hc.client5.http.wire - http-outgoing-0 >> "[\r][\n]"
15:49:00 DEBUG c.g.d.z.s.o.a.hc.client5.http.wire - http-outgoing-0 << "HTTP/1.1 200 OK[\r][\n]"
15:49:00 DEBUG c.g.d.z.s.o.a.hc.client5.http.wire - http-outgoing-0 << "Api-Version: 1.54[\r][\n]"
15:49:00 DEBUG c.g.d.z.s.o.a.hc.client5.http.wire - http-outgoing-0 << "Content-Type: application/json[\r][\n]"
15:49:00 DEBUG c.g.d.z.s.o.a.hc.client5.http.wire - http-outgoing-0 << "Date: Mon, 22 Jun 2026 19:49:00 GMT[\r][\n]"
15:49:00 DEBUG c.g.d.z.s.o.a.hc.client5.http.wire - http-outgoing-0 << "Docker-Experimental: false[\r][\n]"
15:49:00 DEBUG c.g.d.z.s.o.a.hc.client5.http.wire - http-outgoing-0 << "Ostype: linux[\r][\n]"
15:49:00 DEBUG c.g.d.z.s.o.a.hc.client5.http.wire - http-outgoing-0 << "Server: Docker/29.4.2 (linux)[\r][\n]"
15:49:00 DEBUG c.g.d.z.s.o.a.hc.client5.http.wire - http-outgoing-0 << "Transfer-Encoding: chunked[\r][\n]"
15:49:00 DEBUG c.g.d.z.s.o.a.hc.client5.http.wire - http-outgoing-0 << "[\r][\n]"
15:49:00 DEBUG c.g.d.z.s.o.a.h.client5.http.headers - http-outgoing-0 << HTTP/1.1 200 OK
15:49:00 DEBUG c.g.d.z.s.o.a.h.client5.http.headers - http-outgoing-0 << Api-Version: 1.54
15:49:00 DEBUG c.g.d.z.s.o.a.h.client5.http.headers - http-outgoing-0 << Content-Type: application/json
15:49:00 DEBUG c.g.d.z.s.o.a.h.client5.http.headers - http-outgoing-0 << Date: Mon, 22 Jun 2026 19:49:00 GMT
15:49:00 DEBUG c.g.d.z.s.o.a.h.client5.http.headers - http-outgoing-0 << Docker-Experimental: false
15:49:00 DEBUG c.g.d.z.s.o.a.h.client5.http.headers - http-outgoing-0 << Ostype: linux
15:49:00 DEBUG c.g.d.z.s.o.a.h.client5.http.headers - http-outgoing-0 << Server: Docker/29.4.2 (linux)
15:49:00 DEBUG c.g.d.z.s.o.a.h.client5.http.headers - http-outgoing-0 << Transfer-Encoding: chunked
15:49:00 DEBUG c.g.d.z.s.o.a.h.c.h.i.c.MainClientExec - ex-00000008: connection can be kept alive for 3 MINUTES
15:49:00 DEBUG c.g.d.z.s.o.a.hc.client5.http.wire - http-outgoing-0 << "37e[\r][\n]"
15:49:00 DEBUG c.g.d.z.s.o.a.hc.client5.http.wire - http-outgoing-0 << "{"Platform":{"Name":"Docker Desktop 4.72.0 (225998)"},"Version":"29.4.2","ApiVersion":"1.54","MinAPIVersion":"1.40","Os":"linux","Arch":"arm64","Components":[{"Name":"Engine","Version":"29.4.2","Details":{"ApiVersion":"1.54","Arch":"arm64","BuildTime":"2026-05-01T01:25:57.000000000+00:00","Experimental":"false","GitCommit":"d329809","GoVersion":"go1.26.2","KernelVersion":"6.12.76-linuxkit","MinAPIVersion":"1.40","Module":"github.com/moby/moby/v2","ModuleVersion":"v2.0.0+unknown","Os":"linux"}},{"Name":"containerd","Version":"v2.2.3","Details":{"GitCommit":"77c84241c7cbdd9b4eca2591793e3d4f4317c590"}},{"Name":"runc","Version":"1.3.5","Details":{"GitCommit":"v1.3.5-0-g488fc13e"}},{"Name":"docker-init","Version":"0.19.0","Details":{"GitCommit":"de40ad0"}}],"GitCommit":"d329809","GoVersion":"go1.26.2","KernelVersion":"6.12.76-linuxkit","BuildTime":"2026-05-01T01:25:57.000000000+00:00"}[\n]"
15:49:00 DEBUG c.g.d.z.s.o.a.hc.client5.http.wire - http-outgoing-0 << "[\r][\n]"
15:49:00 DEBUG c.g.d.z.s.o.a.hc.client5.http.wire - http-outgoing-0 << "0[\r][\n]"
15:49:00 DEBUG c.g.d.z.s.o.a.hc.client5.http.wire - http-outgoing-0 << "[\r][\n]"
15:49:00 DEBUG c.g.d.z.s.o.a.h.c.h.i.c.InternalHttpClient - ep-00000007: releasing valid endpoint
15:49:00 DEBUG c.g.d.z.s.o.a.h.c.h.i.i.PoolingHttpClientConnectionManager - ep-00000007: releasing endpoint
15:49:00 DEBUG c.g.d.z.s.o.a.h.c.h.i.i.PoolingHttpClientConnectionManager - ep-00000007: connection http-outgoing-0 can be kept alive for 3 MINUTES
15:49:00 DEBUG c.g.d.z.s.o.a.h.c.h.i.i.PoolingHttpClientConnectionManager - ep-00000007: connection released [route: {}->unix://localhost:2375][total available: 1; route allocated: 1 of 2147483647; total allocated: 1 of 2147483647]
15:49:00 DEBUG c.g.d.z.s.o.a.h.c.h.i.c.InternalHttpClient - ex-00000009: preparing request execution
15:49:00 DEBUG c.g.d.z.s.o.a.h.c.h.p.RequestAddCookies - Cookie spec selected: strict
15:49:00 DEBUG c.g.d.z.s.o.a.h.c.h.p.RequestAuthCache - Auth cache not set in the context
15:49:00 DEBUG c.g.d.z.s.o.a.h.c.h.i.c.ProtocolExec - ex-00000009: target auth state: UNCHALLENGED
15:49:00 DEBUG c.g.d.z.s.o.a.h.c.h.i.c.ProtocolExec - ex-00000009: proxy auth state: UNCHALLENGED
15:49:00 DEBUG c.g.d.z.s.o.a.h.c.h.i.c.ConnectExec - ex-00000009: acquiring connection with route {}->unix://localhost:2375
15:49:00 DEBUG c.g.d.z.s.o.a.h.c.h.i.c.InternalHttpClient - ex-00000009: acquiring endpoint (3 MINUTES)
15:49:00 DEBUG c.g.d.z.s.o.a.h.c.h.i.i.PoolingHttpClientConnectionManager - ex-00000009: endpoint lease request (3 MINUTES) [route: {}->unix://localhost:2375][total available: 1; route allocated: 1 of 2147483647; total allocated: 1 of 2147483647]
15:49:00 DEBUG c.g.d.z.s.o.a.h.c.h.i.i.PoolingHttpClientConnectionManager - ex-00000009: endpoint leased [route: {}->unix://localhost:2375][total available: 0; route allocated: 1 of 2147483647; total allocated: 1 of 2147483647]
15:49:00 DEBUG c.g.d.z.s.o.a.h.c.h.i.i.PoolingHttpClientConnectionManager - ex-00000009: acquired ep-00000008
15:49:00 DEBUG c.g.d.z.s.o.a.h.c.h.i.c.InternalHttpClient - ex-00000009: acquired endpoint ep-00000008
15:49:00 DEBUG c.g.d.z.s.o.a.h.c.h.i.c.MainClientExec - ex-00000009: executing GET /v1.32/containers/8c66c8d4f7c88d517d80df9b91ee85f92ca68d423f29ea86812556e770e44e44/logs?stdout=true&stderr=true&follow=true&since=0 HTTP/1.1
15:49:00 DEBUG c.g.d.z.s.o.a.h.c.h.i.c.InternalHttpClient - ep-00000008: start execution ex-00000009
15:49:00 DEBUG c.g.d.z.s.o.a.h.c.h.i.i.PoolingHttpClientConnectionManager - ep-00000008: executing exchange ex-00000009 over http-outgoing-0
15:49:00 DEBUG c.g.d.z.s.o.a.h.client5.http.headers - http-outgoing-0 >> GET /v1.32/containers/8c66c8d4f7c88d517d80df9b91ee85f92ca68d423f29ea86812556e770e44e44/logs?stdout=true&stderr=true&follow=true&since=0 HTTP/1.1
15:49:00 DEBUG c.g.d.z.s.o.a.h.client5.http.headers - http-outgoing-0 >> x-tc-sid: 6dd1bf8b-74d5-4979-9435-d07275ccf2f7
15:49:00 DEBUG c.g.d.z.s.o.a.h.client5.http.headers - http-outgoing-0 >> User-Agent: tc-java/1.21.3
15:49:00 DEBUG c.g.d.z.s.o.a.h.client5.http.headers - http-outgoing-0 >> Accept-Encoding: gzip, x-gzip, deflate
15:49:00 DEBUG c.g.d.z.s.o.a.h.client5.http.headers - http-outgoing-0 >> Host: localhost:2375
15:49:00 DEBUG c.g.d.z.s.o.a.h.client5.http.headers - http-outgoing-0 >> Connection: keep-alive
15:49:00 DEBUG c.g.d.z.s.o.a.hc.client5.http.wire - http-outgoing-0 >> "GET /v1.32/containers/8c66c8d4f7c88d517d80df9b91ee85f92ca68d423f29ea86812556e770e44e44/logs?stdout=true&stderr=true&follow=true&since=0 HTTP/1.1[\r][\n]"
15:49:00 DEBUG c.g.d.z.s.o.a.hc.client5.http.wire - http-outgoing-0 >> "x-tc-sid: 6dd1bf8b-74d5-4979-9435-d07275ccf2f7[\r][\n]"
15:49:00 DEBUG c.g.d.z.s.o.a.hc.client5.http.wire - http-outgoing-0 >> "User-Agent: tc-java/1.21.3[\r][\n]"
15:49:00 DEBUG c.g.d.z.s.o.a.hc.client5.http.wire - http-outgoing-0 >> "Accept-Encoding: gzip, x-gzip, deflate[\r][\n]"
15:49:00 DEBUG c.g.d.z.s.o.a.hc.client5.http.wire - http-outgoing-0 >> "Host: localhost:2375[\r][\n]"
15:49:00 DEBUG c.g.d.z.s.o.a.hc.client5.http.wire - http-outgoing-0 >> "Connection: keep-alive[\r][\n]"
15:49:00 DEBUG c.g.d.z.s.o.a.hc.client5.http.wire - http-outgoing-0 >> "[\r][\n]"
15:49:00 DEBUG c.g.d.z.s.o.a.hc.client5.http.wire - http-outgoing-0 << "HTTP/1.1 200 OK[\r][\n]"
15:49:00 DEBUG c.g.d.z.s.o.a.hc.client5.http.wire - http-outgoing-0 << "Api-Version: 1.54[\r][\n]"
15:49:00 DEBUG c.g.d.z.s.o.a.hc.client5.http.wire - http-outgoing-0 << "Content-Type: application/vnd.docker.raw-stream[\r][\n]"
15:49:00 DEBUG c.g.d.z.s.o.a.hc.client5.http.wire - http-outgoing-0 << "Date: Mon, 22 Jun 2026 19:49:00 GMT[\r][\n]"
15:49:00 DEBUG c.g.d.z.s.o.a.hc.client5.http.wire - http-outgoing-0 << "Docker-Experimental: false[\r][\n]"
15:49:00 DEBUG c.g.d.z.s.o.a.hc.client5.http.wire - http-outgoing-0 << "Ostype: linux[\r][\n]"
[...]
15:49:01 DEBUG c.g.d.z.s.o.a.h.c.h.p.RequestAuthCache - Auth cache not set in the context
15:49:01 DEBUG c.g.d.z.s.o.a.h.c.h.i.c.ProtocolExec - ex-00000015: target auth state: UNCHALLENGED
15:49:01 DEBUG c.g.d.z.s.o.a.h.c.h.i.c.ProtocolExec - ex-00000015: proxy auth state: UNCHALLENGED
15:49:01 DEBUG c.g.d.z.s.o.a.h.c.h.i.c.ConnectExec - ex-00000015: acquiring connection with route {}->unix://localhost:2375
15:49:01 DEBUG c.g.d.z.s.o.a.h.c.h.i.c.InternalHttpClient - ex-00000015: acquiring endpoint (3 MINUTES)
15:49:01 DEBUG c.g.d.z.s.o.a.h.c.h.i.i.PoolingHttpClientConnectionManager - ex-00000015: endpoint lease request (3 MINUTES) [route: {}->unix://localhost:2375][total available: 1; route allocated: 1 of 2147483647; total allocated: 1 of 2147483647]
15:49:01 DEBUG c.g.d.z.s.o.a.h.c.h.i.i.PoolingHttpClientConnectionManager - ex-00000015: endpoint leased [route: {}->unix://localhost:2375][total available: 0; route allocated: 1 of 2147483647; total allocated: 1 of 2147483647]
15:49:01 DEBUG c.g.d.z.s.o.a.h.c.h.i.i.PoolingHttpClientConnectionManager - ex-00000015: acquired ep-00000014
15:49:01 DEBUG c.g.d.z.s.o.a.h.c.h.i.c.InternalHttpClient - ex-00000015: acquired endpoint ep-00000014
15:49:01 DEBUG c.g.d.z.s.o.a.h.c.h.i.c.MainClientExec - ex-00000015: executing GET /v1.32/exec/37f20f8fb8b03a5235b86b961d43b53d794d5cab6f57591706b5fa533c0dd178/json HTTP/1.1
15:49:01 DEBUG c.g.d.z.s.o.a.h.c.h.i.c.InternalHttpClient - ep-00000014: start execution ex-00000015
15:49:01 DEBUG c.g.d.z.s.o.a.h.c.h.i.i.PoolingHttpClientConnectionManager - ep-00000014: executing exchange ex-00000015 over http-outgoing-2
15:49:01 DEBUG c.g.d.z.s.o.a.h.client5.http.headers - http-outgoing-2 >> GET /v1.32/exec/37f20f8fb8b03a5235b86b961d43b53d794d5cab6f57591706b5fa533c0dd178/json HTTP/1.1
15:49:01 DEBUG c.g.d.z.s.o.a.h.client5.http.headers - http-outgoing-2 >> accept: application/json
15:49:01 DEBUG c.g.d.z.s.o.a.h.client5.http.headers - http-outgoing-2 >> x-tc-sid: 6dd1bf8b-74d5-4979-9435-d07275ccf2f7
15:49:01 DEBUG c.g.d.z.s.o.a.h.client5.http.headers - http-outgoing-2 >> User-Agent: tc-java/1.21.3
15:49:01 DEBUG c.g.d.z.s.o.a.h.client5.http.headers - http-outgoing-2 >> Accept-Encoding: gzip, x-gzip, deflate
15:49:01 DEBUG c.g.d.z.s.o.a.h.client5.http.headers - http-outgoing-2 >> Host: localhost:2375
15:49:01 DEBUG c.g.d.z.s.o.a.h.client5.http.headers - http-outgoing-2 >> Connection: keep-alive
15:49:01 DEBUG c.g.d.z.s.o.a.hc.client5.http.wire - http-outgoing-2 >> "GET /v1.32/exec/37f20f8fb8b03a5235b86b961d43b53d794d5cab6f57591706b5fa533c0dd178/json HTTP/1.1[\r][\n]"
15:49:01 DEBUG c.g.d.z.s.o.a.hc.client5.http.wire - http-outgoing-2 >> "accept: application/json[\r][\n]"
15:49:01 DEBUG c.g.d.z.s.o.a.hc.client5.http.wire - http-outgoing-2 >> "x-tc-sid: 6dd1bf8b-74d5-4979-9435-d07275ccf2f7[\r][\n]"
15:49:01 DEBUG c.g.d.z.s.o.a.hc.client5.http.wire - http-outgoing-2 >> "User-Agent: tc-java/1.21.3[\r][\n]"
15:49:01 DEBUG c.g.d.z.s.o.a.hc.client5.http.wire - http-outgoing-2 >> "Accept-Encoding: gzip, x-gzip, deflate[\r][\n]"
15:49:01 DEBUG c.g.d.z.s.o.a.hc.client5.http.wire - http-outgoing-2 >> "Host: localhost:2375[\r][\n]"
15:49:01 DEBUG c.g.d.z.s.o.a.hc.client5.http.wire - http-outgoing-2 >> "Connection: keep-alive[\r][\n]"
15:49:01 DEBUG c.g.d.z.s.o.a.hc.client5.http.wire - http-outgoing-2 >> "[\r][\n]"
15:49:01 DEBUG c.g.d.z.s.o.a.hc.client5.http.wire - http-outgoing-2 << "HTTP/1.1 200 OK[\r][\n]"
15:49:01 DEBUG c.g.d.z.s.o.a.hc.client5.http.wire - http-outgoing-2 << "Api-Version: 1.54[\r][\n]"
15:49:01 DEBUG c.g.d.z.s.o.a.hc.client5.http.wire - http-outgoing-2 << "Content-Type: application/json[\r][\n]"
15:49:01 DEBUG c.g.d.z.s.o.a.hc.client5.http.wire - http-outgoing-2 << "Date: Mon, 22 Jun 2026 19:49:01 GMT[\r][\n]"
15:49:01 DEBUG c.g.d.z.s.o.a.hc.client5.http.wire - http-outgoing-2 << "Docker-Experimental: false[\r][\n]"
15:49:01 DEBUG c.g.d.z.s.o.a.hc.client5.http.wire - http-outgoing-2 << "Ostype: linux[\r][\n]"
15:49:01 DEBUG c.g.d.z.s.o.a.hc.client5.http.wire - http-outgoing-2 << "Server: Docker/29.4.2 (linux)[\r][\n]"
15:49:01 DEBUG c.g.d.z.s.o.a.hc.client5.http.wire - http-outgoing-2 << "Transfer-Encoding: chunked[\r][\n]"
15:49:01 DEBUG c.g.d.z.s.o.a.hc.client5.http.wire - http-outgoing-2 << "[\r][\n]"
15:49:01 DEBUG c.g.d.z.s.o.a.hc.client5.http.wire - http-outgoing-2 << "357[\r][\n]"
15:49:01 DEBUG c.g.d.z.s.o.a.hc.client5.http.wire - http-outgoing-2 << "{"ID":"37f20f8fb8b03a5235b86b961d43b53d794d5cab6f57591706b5fa533c0dd178","Running":false,"ExitCode":0,"ProcessConfig":{"tty":false,"entrypoint":"sh","arguments":["-c","mongosh mongo --eval \"var attempt = 0; while(db.runCommand( { isMaster: 1 } ).ismaster==false) { if (attempt > 60) {quit(1);} print('An attempt to await for a single node replica set initialization: ' + attempt); sleep(100);  attempt++;  }\"  || mongo --eval \"var attempt = 0; while(db.runCommand( { isMaster: 1 } ).ismaster==false) { if (attempt > 60) {quit(1);} print('An attempt to await for a single node replica set initialization: ' + attempt); sleep(100);  attempt++;  }\""],"privileged":false},"OpenStdin":false,"OpenStderr":true,"OpenStdout":true,"CanRemove":false,"ContainerID":"010e07efa0131c0ac4ce67afd9530f46ef9ed41d52d6be53f78186db33229f07","DetachKeys":"","Pid":146097}[\n]"
15:49:01 DEBUG c.g.d.z.s.o.a.hc.client5.http.wire - http-outgoing-2 << "[\r][\n]"
15:49:01 DEBUG c.g.d.z.s.o.a.h.client5.http.headers - http-outgoing-2 << HTTP/1.1 200 OK
15:49:01 DEBUG c.g.d.z.s.o.a.h.client5.http.headers - http-outgoing-2 << Api-Version: 1.54
15:49:01 DEBUG c.g.d.z.s.o.a.h.client5.http.headers - http-outgoing-2 << Content-Type: application/json
15:49:01 DEBUG c.g.d.z.s.o.a.h.client5.http.headers - http-outgoing-2 << Date: Mon, 22 Jun 2026 19:49:01 GMT
15:49:01 DEBUG c.g.d.z.s.o.a.h.client5.http.headers - http-outgoing-2 << Docker-Experimental: false
15:49:01 DEBUG c.g.d.z.s.o.a.h.client5.http.headers - http-outgoing-2 << Ostype: linux
15:49:01 DEBUG c.g.d.z.s.o.a.h.client5.http.headers - http-outgoing-2 << Server: Docker/29.4.2 (linux)
15:49:01 DEBUG c.g.d.z.s.o.a.h.client5.http.headers - http-outgoing-2 << Transfer-Encoding: chunked
15:49:01 DEBUG c.g.d.z.s.o.a.h.c.h.i.c.MainClientExec - ex-00000015: connection can be kept alive for 3 MINUTES
15:49:01 DEBUG c.g.d.z.s.o.a.hc.client5.http.wire - http-outgoing-2 << "0[\r][\n]"
15:49:01 DEBUG c.g.d.z.s.o.a.hc.client5.http.wire - http-outgoing-2 << "[\r][\n]"
15:49:01 DEBUG c.g.d.z.s.o.a.h.c.h.i.c.InternalHttpClient - ep-00000014: releasing valid endpoint
15:49:01 DEBUG c.g.d.z.s.o.a.h.c.h.i.i.PoolingHttpClientConnectionManager - ep-00000014: releasing endpoint
15:49:01 DEBUG c.g.d.z.s.o.a.h.c.h.i.i.PoolingHttpClientConnectionManager - ep-00000014: connection http-outgoing-2 can be kept alive for 3 MINUTES
15:49:01 DEBUG c.g.d.z.s.o.a.h.c.h.i.i.PoolingHttpClientConnectionManager - ep-00000014: connection released [route: {}->unix://localhost:2375][total available: 1; route allocated: 1 of 2147483647; total allocated: 1 of 2147483647]
  .   ____          _            __ _ _
 /\\ / ___'_ __ _ _(_)_ __  __ _ \ \ \ \
( ( )\___ | '_ | '_| | '_ \/ _` | \ \ \ \
 \\/  ___)| |_)| | | | | || (_| |  ) ) ) )
  '  |____| .__|_| |_|_| |_\__, | / / / /
 =========|_|==============|___/=/_/_/_/

 :: Spring Boot ::                (v3.3.0)

15:49:01 DEBUG c.g.d.z.s.o.a.h.c.h.i.c.InternalHttpClient - ex-00000016: preparing request execution
15:49:01 DEBUG c.g.d.z.s.o.a.h.c.h.p.RequestAddCookies - Cookie spec selected: strict
15:49:01 DEBUG c.g.d.z.s.o.a.h.c.h.p.RequestAuthCache - Auth cache not set in the context
15:49:01 DEBUG c.g.d.z.s.o.a.h.c.h.i.c.ProtocolExec - ex-00000016: target auth state: UNCHALLENGED
15:49:01 DEBUG c.g.d.z.s.o.a.h.c.h.i.c.ProtocolExec - ex-00000016: proxy auth state: UNCHALLENGED
15:49:01 DEBUG c.g.d.z.s.o.a.h.c.h.i.c.ConnectExec - ex-00000016: acquiring connection with route {}->unix://localhost:2375
15:49:01 DEBUG c.g.d.z.s.o.a.h.c.h.i.c.InternalHttpClient - ex-00000016: acquiring endpoint (3 MINUTES)
15:49:01 DEBUG c.g.d.z.s.o.a.h.c.h.i.i.PoolingHttpClientConnectionManager - ex-00000016: endpoint lease request (3 MINUTES) [route: {}->unix://localhost:2375][total available: 1; route allocated: 1 of 2147483647; total allocated: 1 of 2147483647]
15:49:01 DEBUG c.g.d.z.s.o.a.h.c.h.i.i.PoolingHttpClientConnectionManager - ex-00000016: endpoint leased [route: {}->unix://localhost:2375][total available: 0; route allocated: 1 of 2147483647; total allocated: 1 of 2147483647]
15:49:01 DEBUG c.g.d.z.s.o.a.h.c.h.i.i.PoolingHttpClientConnectionManager - ex-00000016: acquired ep-00000015
15:49:01 DEBUG c.g.d.z.s.o.a.h.c.h.i.c.InternalHttpClient - ex-00000016: acquired endpoint ep-00000015
15:49:01 DEBUG c.g.d.z.s.o.a.h.c.h.i.c.MainClientExec - ex-00000016: executing GET /v1.32/containers/010e07efa0131c0ac4ce67afd9530f46ef9ed41d52d6be53f78186db33229f07/json HTTP/1.1
15:49:01 DEBUG c.g.d.z.s.o.a.h.c.h.i.c.InternalHttpClient - ep-00000015: start execution ex-00000016
15:49:01 DEBUG c.g.d.z.s.o.a.h.c.h.i.i.PoolingHttpClientConnectionManager - ep-00000015: executing exchange ex-00000016 over http-outgoing-2
15:49:01 DEBUG c.g.d.z.s.o.a.h.client5.http.headers - http-outgoing-2 >> GET /v1.32/containers/010e07efa0131c0ac4ce67afd9530f46ef9ed41d52d6be53f78186db33229f07/json HTTP/1.1
15:49:01 DEBUG c.g.d.z.s.o.a.h.client5.http.headers - http-outgoing-2 >> accept: application/json
15:49:01 DEBUG c.g.d.z.s.o.a.h.client5.http.headers - http-outgoing-2 >> x-tc-sid: 6dd1bf8b-74d5-4979-9435-d07275ccf2f7
15:49:01 DEBUG c.g.d.z.s.o.a.h.client5.http.headers - http-outgoing-2 >> User-Agent: tc-java/1.21.3
15:49:01 DEBUG c.g.d.z.s.o.a.h.client5.http.headers - http-outgoing-2 >> Accept-Encoding: gzip, x-gzip, deflate
15:49:01 DEBUG c.g.d.z.s.o.a.h.client5.http.headers - http-outgoing-2 >> Host: localhost:2375
15:49:01 DEBUG c.g.d.z.s.o.a.h.client5.http.headers - http-outgoing-2 >> Connection: keep-alive
15:49:01 DEBUG c.g.d.z.s.o.a.hc.client5.http.wire - http-outgoing-2 >> "GET /v1.32/containers/010e07efa0131c0ac4ce67afd9530f46ef9ed41d52d6be53f78186db33229f07/json HTTP/1.1[\r][\n]"
15:49:01 DEBUG c.g.d.z.s.o.a.hc.client5.http.wire - http-outgoing-2 >> "accept: application/json[\r][\n]"
15:49:01 DEBUG c.g.d.z.s.o.a.hc.client5.http.wire - http-outgoing-2 >> "x-tc-sid: 6dd1bf8b-74d5-4979-9435-d07275ccf2f7[\r][\n]"
15:49:01 DEBUG c.g.d.z.s.o.a.hc.client5.http.wire - http-outgoing-2 >> "User-Agent: tc-java/1.21.3[\r][\n]"
15:49:01 DEBUG c.g.d.z.s.o.a.hc.client5.http.wire - http-outgoing-2 >> "Accept-Encoding: gzip, x-gzip, deflate[\r][\n]"
15:49:01 DEBUG c.g.d.z.s.o.a.hc.client5.http.wire - http-outgoing-2 >> "Host: localhost:2375[\r][\n]"
15:49:01 DEBUG c.g.d.z.s.o.a.hc.client5.http.wire - http-outgoing-2 >> "Connection: keep-alive[\r][\n]"
15:49:01 DEBUG c.g.d.z.s.o.a.hc.client5.http.wire - http-outgoing-2 >> "[\r][\n]"
15:49:01 DEBUG c.g.d.z.s.o.a.hc.client5.http.wire - http-outgoing-2 << "HTTP/1.1 200 OK[\r][\n]"
15:49:01 DEBUG c.g.d.z.s.o.a.hc.client5.http.wire - http-outgoing-2 << "Api-Version: 1.54[\r][\n]"
15:49:01 DEBUG c.g.d.z.s.o.a.hc.client5.http.wire - http-outgoing-2 << "Content-Type: application/json[\r][\n]"
15:49:01 DEBUG c.g.d.z.s.o.a.hc.client5.http.wire - http-outgoing-2 << "Date: Mon, 22 Jun 2026 19:49:01 GMT[\r][\n]"
15:49:01 DEBUG c.g.d.z.s.o.a.hc.client5.http.wire - http-outgoing-2 << "Docker-Experimental: false[\r][\n]"
15:49:01 DEBUG c.g.d.z.s.o.a.hc.client5.http.wire - http-outgoing-2 << "Ostype: linux[\r][\n]"
15:49:01 DEBUG c.g.d.z.s.o.a.hc.client5.http.wire - http-outgoing-2 << "Server: Docker/29.4.2 (linux)[\r][\n]"
15:49:01 DEBUG c.g.d.z.s.o.a.hc.client5.http.wire - http-outgoing-2 << "Transfer-Encoding: chunked[\r][\n]"
15:49:01 DEBUG c.g.d.z.s.o.a.hc.client5.http.wire - http-outgoing-2 << "[\r][\n]"
15:49:01 DEBUG c.g.d.z.s.o.a.h.client5.http.headers - http-outgoing-2 << HTTP/1.1 200 OK
15:49:01 DEBUG c.g.d.z.s.o.a.h.client5.http.headers - http-outgoing-2 << Api-Version: 1.54
15:49:01 DEBUG c.g.d.z.s.o.a.h.client5.http.headers - http-outgoing-2 << Content-Type: application/json
15:49:01 DEBUG c.g.d.z.s.o.a.h.client5.http.headers - http-outgoing-2 << Date: Mon, 22 Jun 2026 19:49:01 GMT
15:49:01 DEBUG c.g.d.z.s.o.a.h.client5.http.headers - http-outgoing-2 << Docker-Experimental: false
15:49:01 DEBUG c.g.d.z.s.o.a.h.client5.http.headers - http-outgoing-2 << Ostype: linux
15:49:01 DEBUG c.g.d.z.s.o.a.h.client5.http.headers - http-outgoing-2 << Server: Docker/29.4.2 (linux)
15:49:01 DEBUG c.g.d.z.s.o.a.h.client5.http.headers - http-outgoing-2 << Transfer-Encoding: chunked
15:49:01 DEBUG c.g.d.z.s.o.a.h.c.h.i.c.MainClientExec - ex-00000016: connection can be kept alive for 3 MINUTES
15:49:01 DEBUG c.g.d.z.s.o.a.hc.client5.http.wire - http-outgoing-2 << "1347[\r][\n]"
15:49:01 DEBUG c.g.d.z.s.o.a.hc.client5.http.wire - http-outgoing-2 << "{"Id":"010e07efa0131c0ac4ce67afd9530f46ef9ed41d52d6be53f78186db33229f07","Created":"2026-06-22T19:49:00.446029009Z","Path":"docker-entrypoint.sh","Args":["--replSet","docker-rs"],"State":{"Status":"running","Running":true,"Paused":false,"Restarting":false,"OOMKilled":false,"Dead":false,"Pid":145928,"ExitCode":0,"Error":"","StartedAt":"2026-06-22T19:49:00.470172635Z","FinishedAt":"0001-01-01T00:00:00Z"},"Image":"sha256:8ecb514b00bdcc0bde67ef4e6c330385377a9dc68e24ee94e28c07c891647348","ResolvConfPath":"/var/lib/docker/containers/010e07efa0131c0ac4ce67afd9530f46ef9ed41d52d6be53f78186db33229f07/resolv.conf","HostnamePath":"/var/lib/docker/containers/010e07efa0131c0ac4ce67afd9530f46ef9ed41d52d6be53f78186db33229f07/hostname","HostsPath":"/var/lib/docker/containers/010e07efa0131c0ac4ce67afd9530f46ef9ed41d52d6be53f78186db33229f07/hosts","LogPath":"/var/lib/docker/containers/010e07efa0131c0ac4ce67afd9530f46ef9ed41d52d6be53f78186db33229f07/010e07efa0131c0ac4ce67afd9530f46ef9ed41d52d6be53f78186db33229f07-json.log","Name":"/happy_yonath","RestartCount":0,"Driver":"overlayfs","Platform":"linux","MountLabel":"","ProcessLabel":"","AppArmorProfile":"","ExecIDs":null,"HostConfig":{"Binds":[],"ContainerIDFile":"","LogConfig":{"Type":"json-file","Config":{}},"NetworkMode":"bridge","PortBindings":{"27017/tcp":[{"HostIp":"","HostPort":""}]},"RestartPolicy":{"Name":"no","MaximumRetryCount":0},"AutoRemove":false,"VolumeDriver":"","VolumesFrom":[],"ConsoleSize":[0,0],"CapAdd":null,"CapDrop":null,"CgroupnsMode":"private","Dns":null,"DnsOptions":null,"DnsSearch":null,"ExtraHosts":[],"GroupAdd":null,"IpcMode":"private","Cgroup":"","Links":null,"OomScoreAdj":0,"PidMode":"","Privileged":false,"PublishAllPorts":false,"ReadonlyRootfs":false,"SecurityOpt":null,"UTSMode":"","UsernsMode":"","ShmSize":67108864,"Runtime":"runc","Isolation":"","CpuShares":0,"Memory":0,"NanoCpus":0,"CgroupParent":"","BlkioWeight":0,"BlkioWeightDevice":null,"BlkioDeviceReadBps":null,"BlkioDeviceWriteBps":null,"BlkioDeviceReadIOps":null,"BlkioDeviceWriteIOps":null,"CpuPeriod":0,"CpuQuota":0,"CpuRealtimePeriod":0,"CpuRealtimeRuntime":0,"CpusetCpus":"","CpusetMems":"","Devices":null,"DeviceCgroupRules":null,"DeviceRequests":null,"MemoryReservation":0,"MemorySwap":0,"MemorySwappiness":null,"OomKillDisable":null,"PidsLimit":null,"Ulimits":null,"CpuCount":0,"CpuPercent":0,"IOMaximumIOps":0,"IOMaximumBandwidth":0,"MaskedPaths":["/proc/acpi","/proc/asound","/proc/interrupts","/proc/kcore","/proc/keys","/proc/latency_stats","/proc/sched_debug","/proc/scsi","/proc/timer_list","/proc/timer_stats","/sys/devices/virtual/powercap","/sys/firmware"],"ReadonlyPaths":["/proc/bus","/proc/fs","/proc/irq","/proc/sys","/proc/sysrq-trigger"]},"GraphDriver":{"Data":null,"Name":"overlayfs"},"Mounts":[{"Type":"volume","Name":"1b566955e82be48e581fb339b9e3145e4d0250f59362c869cef7bd8b6d76d565","Source":"/var/lib/docker/volumes/1b566955e82be48e581fb339b9e3145e4d0250f59362c869cef7bd8b6d76d565/_data","Destination":"/data/db","Driver":"local","Mode":"","RW":true,"Propagation":""},{"Type":"volume","Name":"7f756327e4ca3e20a973de4288cbcdb0172aa01750820845bf11e912e8fc2987","Source":"/var/lib/docker/volumes/7f756327e4ca3e20a973de4288cbcdb0172aa01750820845bf11e912e8fc2987/_data","Destination":"/data/configdb","Driver":"local","Mode":"","RW":true,"Propagation":""}],"Config":{"Hostname":"010e07efa013","Domainname":"","User":"","AttachStdin":false,"AttachStdout":false,"AttachStderr":false,"ExposedPorts":{"27017/tcp":{}},"Tty":false,"OpenStdin":false,"StdinOnce":false,"Env":["PATH=/usr/local/sbin:/usr/local/bin:/usr/sbin:/usr/bin:/sbin:/bin","GOSU_VERSION=1.19","JSYAML_VERSION=3.13.1","JSYAML_CHECKSUM=662e32319bdd378e91f67578e56a34954b0a2e33aca11d70ab9f4826af24b941","MONGO_PACKAGE=mongodb-org","MONGO_REPO=repo.mongodb.org","MONGO_MAJOR=7.0","MONGO_VERSION=7.0.37","HOME=/data/db"],"Cmd":["--replSet","docker-rs"],"Image":"mongo:7.0","Volumes":{"/data/configdb":{},"/data/db":{}},"WorkingDir":"","Entrypoint":["docker-entrypoint.sh"],"Labels":{"org.opencontainers.image.version":"22.04","org.testcontainers":"true","org.testcontainers.lang":"java","org.testcontainers.sessionId":"6dd1bf8b-74d5-4979-9435-d07275ccf2f7","org.testcontainers.version":"1.21.3"},"StopTimeout":1},"NetworkSettings":{"SandboxID":"b42e78acebfd054d19e32eae3b33e18e9d144942200017d3ea58f2d15866fcd3","SandboxKey":"/var/run/docker/netns/b42e78acebfd","Ports":{"27017/tcp":[{"HostIp":"0.0.0.0","HostPort":"54288"},{"HostIp":"::","HostPort":"54288"}]},"Networks":{"bridge":{"IPAMConfig":null,"Links":null,"Aliases":null,"DriverOpts":null,"GwPriority":0,"NetworkID":"05829862c1a186bbd04e0394ded4b4096f5633e9abb05bd351a07912293c2921","EndpointID":"edfe5968bbc998b2cbe5090542c6c6f05b887de6ca99dbb0743c034ab54d231f","Gateway":"172.17.0.1","IPAddress":"172.17.0.3","MacAddress":"de:34:53:a4:9f:61","IPPrefixLen":16,"IPv6Gateway":"","GlobalIPv6Address":"","GlobalIPv6PrefixLen":0,"DNSNames":null}}}}[\n]"
15:49:01 DEBUG c.g.d.z.s.o.a.hc.client5.http.wire - http-outgoing-2 << "[\r][\n]"
15:49:01 DEBUG c.g.d.z.s.o.a.hc.client5.http.wire - http-outgoing-2 << "0[\r][\n]"
15:49:01 DEBUG c.g.d.z.s.o.a.hc.client5.http.wire - http-outgoing-2 << "[\r][\n]"
15:49:01 DEBUG c.g.d.z.s.o.a.h.c.h.i.c.InternalHttpClient - ep-00000015: releasing valid endpoint
15:49:01 DEBUG c.g.d.z.s.o.a.h.c.h.i.i.PoolingHttpClientConnectionManager - ep-00000015: releasing endpoint
15:49:01 DEBUG c.g.d.z.s.o.a.h.c.h.i.i.PoolingHttpClientConnectionManager - ep-00000015: connection http-outgoing-2 can be kept alive for 3 MINUTES
15:49:01 DEBUG c.g.d.z.s.o.a.h.c.h.i.i.PoolingHttpClientConnectionManager - ep-00000015: connection released [route: {}->unix://localhost:2375][total available: 1; route allocated: 1 of 2147483647; total allocated: 1 of 2147483647]
]]></system-out>
    <system-err><![CDATA[WARNING: A Java agent has been loaded dynamically (/Users/nelson.villamizar/.m2/repository/net/bytebuddy/byte-buddy-agent/1.14.16/byte-buddy-agent-1.14.16.jar)
WARNING: If a serviceability tool is in use, please run with -XX:+EnableDynamicAgentLoading to hide this warning
WARNING: If a serviceability tool is not in use, please run with -Djdk.instrument.traceUsage for more information
WARNING: Dynamic loading of agents will be disallowed by default in a future release
]]></system-err>
  </testcase>
  <testcase name="deleteCustomer_returns204AndRemovesIt" classname="com.example.shop.integration.CustomerControllerIT" time="0.017"/>
  <testcase name="createCustomer_returns201AndBody" classname="com.example.shop.integration.CustomerControllerIT" time="0.007"/>
  <testcase name="updateCustomer_returnsUpdatedBody" classname="com.example.shop.integration.CustomerControllerIT" time="0.013"/>
  <testcase name="searchByAddress_returnsMatchingCustomers" classname="com.example.shop.integration.CustomerControllerIT" time="0.022"/>
  <testcase name="findById_whenExists_returnsCustomer" classname="com.example.shop.integration.CustomerControllerIT" time="0.01"/>
  <testcase name="findAll_returnsAllCustomers" classname="com.example.shop.integration.CustomerControllerIT" time="0.013"/>
</testsuite>