<?xml version="1.0" encoding="UTF-8"?>
<testsuite xmlns:xsi="http://www.w3.org/2001/XMLSchema-instance" xsi:noNamespaceSchemaLocation="https://maven.apache.org/surefire/maven-failsafe-plugin/xsd/failsafe-test-report-3.0.xsd" version="3.0" name="com.example.shop.integration.CustomerControllerIT" time="4.007" tests="7" errors="0" skipped="0" failures="0">
  <properties>
[...]
</properties>
  <testcase name="searchByName_returnsMatchingCustomers" classname="com.example.shop.integration.CustomerControllerIT" time="0.391">
    <system-out><![CDATA[18:37:24.240 [main] INFO org.springframework.test.context.support.AnnotationConfigContextLoaderUtils -- Could not detect default configuration classes for test class [com.example.shop.integration.CustomerControllerIT]: CustomerControllerIT does not declare any static, non-private, non-final, nested classes annotated with @Configuration.
18:37:24.290 [main] INFO org.springframework.boot.test.context.SpringBootTestContextBootstrapper -- Found @SpringBootConfiguration com.example.shop.ShopApplication for test class com.example.shop.integration.CustomerControllerIT
18:37:24.335 [main] INFO org.testcontainers.images.PullPolicy -- Image pull policy will be performed by: DefaultPullPolicy()
18:37:24.336 [main] INFO org.testcontainers.utility.ImageNameSubstitutor -- Image name substitution will be performed by: DefaultImageNameSubstitutor (composite of 'ConfigurationFileImageNameSubstitutor' and 'PrefixingImageNameSubstitutor')
18:37:24.342 [main] INFO org.testcontainers.DockerClientFactory -- Testcontainers version: 1.21.3
18:37:25.514 [main] INFO org.testcontainers.dockerclient.DockerClientProviderStrategy -- Loaded com.example.shop.integration.DockerApiVersionProxyStrategy from ~/.testcontainers.properties, will try it first
18:37:25.604 [main] INFO org.testcontainers.dockerclient.DockerClientProviderStrategy -- Found Docker environment with Docker API version proxy (/tmp/docker-tc-proxy.sock -> v1.40)
18:37:25.604 [main] INFO org.testcontainers.DockerClientFactory -- Docker host IP address is localhost
18:37:25.614 [main] INFO org.testcontainers.DockerClientFactory -- Connected to docker: 
  Server Version: 29.4.2
  API Version: 1.54
  Operating System: Docker Desktop
  Total Memory: 7936 MB
  Labels: 
    com.docker.desktop.address=unix:///Users/nelson.villamizar/Library/Containers/com.docker.docker/Data/docker-cli.sock
18:37:25.698 [main] INFO tc.testcontainers/ryuk:0.12.0 -- Creating container for image: testcontainers/ryuk:0.12.0
18:37:25.845 [main] INFO tc.testcontainers/ryuk:0.12.0 -- Container testcontainers/ryuk:0.12.0 is starting: c79c008e405d0d2a8c660270e1b6179237265e677d6e95a25c276f7c1cb097ad
18:37:25.990 [main] INFO tc.testcontainers/ryuk:0.12.0 -- Container testcontainers/ryuk:0.12.0 started in PT0.291761S
18:37:25.993 [main] INFO org.testcontainers.utility.RyukResourceReaper -- Ryuk started - will monitor and terminate Testcontainers containers on JVM exit
18:37:25.993 [main] INFO org.testcontainers.DockerClientFactory -- Checking the system...
18:37:25.993 [main] INFO org.testcontainers.DockerClientFactory -- ✔︎ Docker server version should be at least 1.6.0
18:37:25.993 [main] INFO tc.mongo:7.0 -- Creating container for image: mongo:7.0
18:37:26.017 [main] INFO tc.mongo:7.0 -- Container mongo:7.0 is starting: 674f8fa85301b6d6fa8a96cb2a2cd6b5b59711580f01ec199fbcac3ef1673f92
18:37:26.484 [main] INFO tc.mongo:7.0 -- Container mongo:7.0 started in PT0.490557S
  .   ____          _            __ _ _
 /\\ / ___'_ __ _ _(_)_ __  __ _ \ \ \ \
( ( )\___ | '_ | '_| | '_ \/ _` | \ \ \ \
 \\/  ___)| |_)| | | | | || (_| |  ) ) ) )
  '  |____| .__|_| |_|_| |_\__, | / / / /
 =========|_|==============|___/=/_/_/_/

 :: Spring Boot ::                (v3.3.0)

2026-06-22T18:37:27.048-04:00  INFO 15305 --- [           main] c.e.s.integration.CustomerControllerIT   : Starting CustomerControllerIT using Java 25.0.2 with PID 15305 (started by nelson.villamizar in /Users/nelson.villamizar/Downloads/mongodb-course/shop)
2026-06-22T18:37:27.049-04:00  INFO 15305 --- [           main] c.e.s.integration.CustomerControllerIT   : No active profile set, falling back to 1 default profile: "default"
2026-06-22T18:37:27.199-04:00  INFO 15305 --- [           main] .s.d.r.c.RepositoryConfigurationDelegate : Bootstrapping Spring Data MongoDB repositories in DEFAULT mode.
2026-06-22T18:37:27.213-04:00  INFO 15305 --- [           main] .s.d.r.c.RepositoryConfigurationDelegate : Finished Spring Data repository scanning in 12 ms. Found 3 MongoDB repository interfaces.
2026-06-22T18:37:27.330-04:00  INFO 15305 --- [           main] o.s.b.w.embedded.tomcat.TomcatWebServer  : Tomcat initialized with port 0 (http)
2026-06-22T18:37:27.334-04:00  INFO 15305 --- [           main] o.apache.catalina.core.StandardService   : Starting service [Tomcat]
2026-06-22T18:37:27.334-04:00  INFO 15305 --- [           main] o.apache.catalina.core.StandardEngine    : Starting Servlet engine: [Apache Tomcat/10.1.24]
2026-06-22T18:37:27.346-04:00  INFO 15305 --- [           main] o.a.c.c.C.[Tomcat].[localhost].[/]       : Initializing Spring embedded WebApplicationContext
2026-06-22T18:37:27.346-04:00  INFO 15305 --- [           main] w.s.c.ServletWebServerApplicationContext : Root WebApplicationContext: initialization completed in 293 ms
2026-06-22T18:37:27.396-04:00  INFO 15305 --- [           main] org.mongodb.driver.client                : MongoClient with metadata {"driver": {"name": "mongo-java-driver|sync|spring-boot", "version": "5.0.1"}, "os": {"type": "Darwin", "name": "Mac OS X", "architecture": "aarch64", "version": "26.2"}, "platform": "Java/Homebrew/25.0.2"} created with settings MongoClientSettings{readPreference=primary, writeConcern=WriteConcern{w=null, wTimeout=null ms, journal=null}, retryWrites=true, retryReads=true, readConcern=ReadConcern{level=null}, credential=null, transportSettings=null, commandListeners=[], codecRegistry=ProvidersCodecRegistry{codecProviders=[ValueCodecProvider{}, BsonValueCodecProvider{}, DBRefCodecProvider{}, DBObjectCodecProvider{}, DocumentCodecProvider{}, CollectionCodecProvider{}, IterableCodecProvider{}, MapCodecProvider{}, GeoJsonCodecProvider{}, GridFSFileCodecProvider{}, Jsr310CodecProvider{}, JsonObjectCodecProvider{}, BsonCodecProvider{}, EnumCodecProvider{}, com.mongodb.client.model.mql.ExpressionCodecProvider@2c3f43d1, com.mongodb.Jep395RecordCodecProvider@632d4cf2, com.mongodb.KotlinCodecProvider@f10d055]}, loggerSettings=LoggerSettings{maxDocumentLength=1000}, clusterSettings={hosts=[localhost:63486], srvServiceName=mongodb, mode=SINGLE, requiredClusterType=UNKNOWN, requiredReplicaSetName='null', serverSelector='null', clusterListeners='[]', serverSelectionTimeout='30000 ms', localThreshold='15 ms'}, socketSettings=SocketSettings{connectTimeoutMS=10000, readTimeoutMS=0, receiveBufferSize=0, proxySettings=ProxySettings{host=null, port=null, username=null, password=null}}, heartbeatSocketSettings=SocketSettings{connectTimeoutMS=10000, readTimeoutMS=10000, receiveBufferSize=0, proxySettings=ProxySettings{host=null, port=null, username=null, password=null}}, connectionPoolSettings=ConnectionPoolSettings{maxSize=100, minSize=0, maxWaitTimeMS=120000, maxConnectionLifeTimeMS=0, maxConnectionIdleTimeMS=0, maintenanceInitialDelayMS=0, maintenanceFrequencyMS=60000, connectionPoolListeners=[], maxConnecting=2}, serverSettings=ServerSettings{heartbeatFrequencyMS=10000, minHeartbeatFrequencyMS=500, serverListeners='[]', serverMonitorListeners='[]'}, sslSettings=SslSettings{enabled=false, invalidHostNameAllowed=false, context=null}, applicationName='null', compressorList=[], uuidRepresentation=JAVA_LEGACY, serverApi=null, autoEncryptionSettings=null, dnsClient=null, inetAddressResolver=null, contextProvider=null}
2026-06-22T18:37:27.405-04:00  INFO 15305 --- [localhost:63486] org.mongodb.driver.cluster               : Monitor thread successfully connected to server with description ServerDescription{address=localhost:63486, type=REPLICA_SET_PRIMARY, state=CONNECTED, ok=true, minWireVersion=0, maxWireVersion=21, maxDocumentSize=16777216, logicalSessionTimeoutMinutes=30, roundTripTimeNanos=8820250, setName='docker-rs', canonicalAddress=674f8fa85301:27017, hosts=[674f8fa85301:27017], passives=[], arbiters=[], primary='674f8fa85301:27017', tagSet=TagSet{[]}, electionId=7fffffff0000000000000001, setVersion=1, topologyVersion=TopologyVersion{processId=6a39b926eabbe9b8cbcf28e1, counter=6}, lastWriteDate=Mon Jun 22 18:37:26 GMT-04:00 2026, lastUpdateTimeNanos=34471466060291}
2026-06-22T18:37:27.660-04:00  INFO 15305 --- [           main] o.s.b.w.embedded.tomcat.TomcatWebServer  : Tomcat started on port 63490 (http) with context path '/'
2026-06-22T18:37:27.663-04:00  INFO 15305 --- [           main] c.e.s.integration.CustomerControllerIT   : Started CustomerControllerIT in 0.687 seconds (process running for 3.622)
2026-06-22T18:37:27.683-04:00  INFO 15305 --- [           main] c.e.shop.config.SchemaValidationConfig   : Schema validation applied to 'products'
2026-06-22T18:37:27.686-04:00  INFO 15305 --- [           main] c.e.shop.config.SchemaValidationConfig   : Schema validation applied to 'orders'
2026-06-22T18:37:27.691-04:00  INFO 15305 --- [           main] com.example.shop.config.DataLoader       : Seeding database...
2026-06-22T18:37:27.732-04:00  INFO 15305 --- [           main] com.example.shop.config.DataLoader       : Seeded 3 customers, 4 products, 4 orders
2026-06-22T18:37:28.062-04:00  INFO 15305 --- [o-auto-1-exec-1] o.a.c.c.C.[Tomcat].[localhost].[/]       : Initializing Spring DispatcherServlet 'dispatcherServlet'
2026-06-22T18:37:28.062-04:00  INFO 15305 --- [o-auto-1-exec-1] o.s.web.servlet.DispatcherServlet        : Initializing Servlet 'dispatcherServlet'
2026-06-22T18:37:28.062-04:00  INFO 15305 --- [o-auto-1-exec-1] o.s.web.servlet.DispatcherServlet        : Completed initialization in 0 ms
]]></system-out>
    <system-err><![CDATA[WARNING: A Java agent has been loaded dynamically (/Users/nelson.villamizar/.m2/repository/net/bytebuddy/byte-buddy-agent/1.14.16/byte-buddy-agent-1.14.16.jar)
WARNING: If a serviceability tool is in use, please run with -XX:+EnableDynamicAgentLoading to hide this warning
WARNING: If a serviceability tool is not in use, please run with -Djdk.instrument.traceUsage for more information
WARNING: Dynamic loading of agents will be disallowed by default in a future release
]]></system-err>
  </testcase>
  <testcase name="deleteCustomer_returns204AndRemovesIt" classname="com.example.shop.integration.CustomerControllerIT" time="0.018"/>
  <testcase name="createCustomer_returns201AndBody" classname="com.example.shop.integration.CustomerControllerIT" time="0.006"/>
  <testcase name="updateCustomer_returnsUpdatedBody" classname="com.example.shop.integration.CustomerControllerIT" time="0.014"/>
  <testcase name="searchByAddress_returnsMatchingCustomers" classname="com.example.shop.integration.CustomerControllerIT" time="0.017"/>
  <testcase name="findById_whenExists_returnsCustomer" classname="com.example.shop.integration.CustomerControllerIT" time="0.01"/>
  <testcase name="findAll_returnsAllCustomers" classname="com.example.shop.integration.CustomerControllerIT" time="0.012"/>
</testsuite>